perl: warning: Setting locale failed.
perl: warning: Please check that your locale settings:
	LANGUAGE = (unset),
	LC_ALL = (unset),
	LANG = "en_US.UTF-8"
    are supported and installed on your system.
perl: warning: Falling back to the standard locale ("C").
Picked up _JAVA_OPTIONS: -Djava.io.tmpdir=/home/lina/lung.chipseq.project/data/chipseq.03252021/process/UCSD.025-33-RNA/25_33-RNA-1//temporary/
Started analysis of 25_33_RNA-1_S9_L003_R1_001.fastq.gz
Approx 5% complete for 25_33_RNA-1_S9_L003_R1_001.fastq.gz
Approx 10% complete for 25_33_RNA-1_S9_L003_R1_001.fastq.gz
Approx 15% complete for 25_33_RNA-1_S9_L003_R1_001.fastq.gz
Approx 20% complete for 25_33_RNA-1_S9_L003_R1_001.fastq.gz
Approx 25% complete for 25_33_RNA-1_S9_L003_R1_001.fastq.gz
Approx 30% complete for 25_33_RNA-1_S9_L003_R1_001.fastq.gz
Approx 35% complete for 25_33_RNA-1_S9_L003_R1_001.fastq.gz
Approx 40% complete for 25_33_RNA-1_S9_L003_R1_001.fastq.gz
Approx 45% complete for 25_33_RNA-1_S9_L003_R1_001.fastq.gz
Approx 50% complete for 25_33_RNA-1_S9_L003_R1_001.fastq.gz
Approx 55% complete for 25_33_RNA-1_S9_L003_R1_001.fastq.gz
Approx 60% complete for 25_33_RNA-1_S9_L003_R1_001.fastq.gz
Approx 65% complete for 25_33_RNA-1_S9_L003_R1_001.fastq.gz
Approx 70% complete for 25_33_RNA-1_S9_L003_R1_001.fastq.gz
Approx 75% complete for 25_33_RNA-1_S9_L003_R1_001.fastq.gz
Approx 80% complete for 25_33_RNA-1_S9_L003_R1_001.fastq.gz
Approx 85% complete for 25_33_RNA-1_S9_L003_R1_001.fastq.gz
Approx 90% complete for 25_33_RNA-1_S9_L003_R1_001.fastq.gz
Approx 95% complete for 25_33_RNA-1_S9_L003_R1_001.fastq.gz
perl: warning: Setting locale failed.
perl: warning: Please check that your locale settings:
	LANGUAGE = (unset),
	LC_ALL = (unset),
	LANG = "en_US.UTF-8"
    are supported and installed on your system.
perl: warning: Falling back to the standard locale ("C").
No quality encoding type selected. Assuming that the data provided uses Sanger encoded Phred scores (default)

Path to Cutadapt set as: 'cutadapt' (default)
Cutadapt seems to be working fine (tested command 'cutadapt --version')


AUTO-DETECTING ADAPTER TYPE
===========================
Attempting to auto-detect adapter type from the first 1 million sequences of the first file (>> /home/lina/lung.chipseq.project/data/chipseq.03252021/igm-storage2.ucsd.edu/210320_K00180_1016_AHKHHLBBXY_SR75_Combo/25_33_RNA-1_S9_L003_R1_001.fastq.gz <<)

Found perfect matches for the following adapter sequences:
Adapter type	Count	Sequence	Sequences analysed	Percentage
Nextera	3479	CTGTCTCTTATA	1000000	0.35
smallRNA	0	TGGAATTCTCGG	1000000	0.00
Illumina	0	AGATCGGAAGAGC	1000000	0.00
Using Nextera adapter for trimming (count: 3479). Second best hit was smallRNA (count: 0)

Writing report to '/home/lina/lung.chipseq.project/data/chipseq.03252021/process/UCSD.025-33-RNA/25_33-RNA-1//fastqc_trim_results/25_33_RNA-1_S9_L003_R1_001.fastq.gz_trimming_report.txt'

SUMMARISING RUN PARAMETERS
==========================
Input filename: /home/lina/lung.chipseq.project/data/chipseq.03252021/igm-storage2.ucsd.edu/210320_K00180_1016_AHKHHLBBXY_SR75_Combo/25_33_RNA-1_S9_L003_R1_001.fastq.gz
Trimming mode: single-end
Trim Galore version: 0.5.0
Cutadapt version: 1.18
Quality Phred score cutoff: 20
Quality encoding type selected: ASCII+33
Adapter sequence: 'CTGTCTCTTATA' (Nextera Transposase sequence; auto-detected)
Maximum trimming error rate: 0.1 (default)
Minimum required adapter overlap (stringency): 5 bp
Minimum required sequence length before a sequence gets removed: 20 bp
Running FastQC on the data once trimming has completed
Output file(s) will be GZIP compressed

Writing final adapter and quality trimmed output to 25_33_RNA-1_S9_L003_R1_001_trimmed.fq.gz


  >>> Now performing quality (cutoff 20) and adapter trimming in a single pass for the adapter sequence: 'CTGTCTCTTATA' from file /home/lina/lung.chipseq.project/data/chipseq.03252021/igm-storage2.ucsd.edu/210320_K00180_1016_AHKHHLBBXY_SR75_Combo/25_33_RNA-1_S9_L003_R1_001.fastq.gz <<< 
10000000 sequences processed
This is cutadapt 1.18 with Python 3.7.7
Command line parameters: -f fastq -e 0.1 -q 20 -O 5 -a CTGTCTCTTATA /home/lina/lung.chipseq.project/data/chipseq.03252021/igm-storage2.ucsd.edu/210320_K00180_1016_AHKHHLBBXY_SR75_Combo/25_33_RNA-1_S9_L003_R1_001.fastq.gz
Processing reads on 1 core in single-end mode ...
Finished in 366.95 s (24 us/read; 2.47 M reads/minute).

=== Summary ===

Total reads processed:              15,093,503
Reads with adapters:                   134,558 (0.9%)
Reads written (passing filters):    15,093,503 (100.0%)

Total basepairs processed: 1,147,106,228 bp
Quality-trimmed:              13,316,288 bp (1.2%)
Total written (filtered):  1,131,744,069 bp (98.7%)

=== Adapter 1 ===

Sequence: CTGTCTCTTATA; Type: regular 3'; Length: 12; Trimmed: 134558 times.

No. of allowed errors:
0-9 bp: 0; 10-12 bp: 1

Bases preceding removed adapters:
  A: 11.4%
  C: 46.5%
  G: 24.1%
  T: 18.1%
  none/other: 0.0%

Overview of removed sequences
length	count	expect	max.err	error counts
5	34429	14739.7	0	34429
6	3324	3684.9	0	3324
7	11811	921.2	0	11811
8	1282	230.3	0	1282
9	5317	57.6	0	5067 250
10	7269	14.4	1	6014 1255
11	2652	3.6	1	2297 355
12	4555	0.9	1	4077 478
13	5972	0.9	1	5302 670
14	2242	0.9	1	2029 213
15	6123	0.9	1	5561 562
16	4277	0.9	1	3882 395
17	1615	0.9	1	1424 191
18	6472	0.9	1	6016 456
19	911	0.9	1	800 111
20	3279	0.9	1	3029 250
21	4312	0.9	1	3929 383
22	2205	0.9	1	1869 336
23	2290	0.9	1	2113 177
24	1599	0.9	1	1475 124
25	1792	0.9	1	1637 155
26	2329	0.9	1	2034 295
27	3097	0.9	1	2873 224
28	846	0.9	1	745 101
29	2653	0.9	1	2493 160
30	686	0.9	1	563 123
31	1358	0.9	1	1158 200
32	544	0.9	1	456 88
33	828	0.9	1	644 184
34	652	0.9	1	564 88
35	501	0.9	1	378 123
36	374	0.9	1	257 117
37	406	0.9	1	301 105
38	241	0.9	1	150 91
39	205	0.9	1	114 91
40	160	0.9	1	77 83
41	126	0.9	1	62 64
42	137	0.9	1	10 127
43	139	0.9	1	20 119
44	80	0.9	1	2 78
45	136	0.9	1	9 127
46	56	0.9	1	2 54
47	70	0.9	1	0 70
48	210	0.9	1	0 210
49	69	0.9	1	4 65
50	864	0.9	1	3 861
51	122	0.9	1	4 118
52	54	0.9	1	1 53
53	305	0.9	1	3 302
54	54	0.9	1	4 50
55	229	0.9	1	4 225
56	82	0.9	1	1 81
57	195	0.9	1	2 193
58	131	0.9	1	1 130
59	625	0.9	1	0 625
60	169	0.9	1	3 166
61	190	0.9	1	1 189
62	239	0.9	1	1 238
63	187	0.9	1	4 183
64	52	0.9	1	0 52
65	75	0.9	1	5 70
66	146	0.9	1	4 142
67	117	0.9	1	4 113
68	333	0.9	1	6 327
69	46	0.9	1	4 42
70	54	0.9	1	1 53
71	24	0.9	1	4 20
72	306	0.9	1	77 229
73	197	0.9	1	16 181
74	42	0.9	1	0 42
75	69	0.9	1	6 63
76	20	0.9	1	2 18


RUN STATISTICS FOR INPUT FILE: /home/lina/lung.chipseq.project/data/chipseq.03252021/igm-storage2.ucsd.edu/210320_K00180_1016_AHKHHLBBXY_SR75_Combo/25_33_RNA-1_S9_L003_R1_001.fastq.gz
=============================================
15093503 sequences processed in total
Sequences removed because they became shorter than the length cutoff of 20 bp:	3562 (0.0%)


  >>> Now running FastQC on the data <<<

perl: warning: Setting locale failed.
perl: warning: Please check that your locale settings:
	LANGUAGE = (unset),
	LC_ALL = (unset),
	LANG = "en_US.UTF-8"
    are supported and installed on your system.
perl: warning: Falling back to the standard locale ("C").
Picked up _JAVA_OPTIONS: -Djava.io.tmpdir=/home/lina/lung.chipseq.project/data/chipseq.03252021/process/UCSD.025-33-RNA/25_33-RNA-1//temporary/
Started analysis of 25_33_RNA-1_S9_L003_R1_001_trimmed.fq.gz
Approx 5% complete for 25_33_RNA-1_S9_L003_R1_001_trimmed.fq.gz
Approx 10% complete for 25_33_RNA-1_S9_L003_R1_001_trimmed.fq.gz
Approx 15% complete for 25_33_RNA-1_S9_L003_R1_001_trimmed.fq.gz
Approx 20% complete for 25_33_RNA-1_S9_L003_R1_001_trimmed.fq.gz
Approx 25% complete for 25_33_RNA-1_S9_L003_R1_001_trimmed.fq.gz
Approx 30% complete for 25_33_RNA-1_S9_L003_R1_001_trimmed.fq.gz
Approx 35% complete for 25_33_RNA-1_S9_L003_R1_001_trimmed.fq.gz
Approx 40% complete for 25_33_RNA-1_S9_L003_R1_001_trimmed.fq.gz
Approx 45% complete for 25_33_RNA-1_S9_L003_R1_001_trimmed.fq.gz
Approx 50% complete for 25_33_RNA-1_S9_L003_R1_001_trimmed.fq.gz
Approx 55% complete for 25_33_RNA-1_S9_L003_R1_001_trimmed.fq.gz
Approx 60% complete for 25_33_RNA-1_S9_L003_R1_001_trimmed.fq.gz
Approx 65% complete for 25_33_RNA-1_S9_L003_R1_001_trimmed.fq.gz
Approx 70% complete for 25_33_RNA-1_S9_L003_R1_001_trimmed.fq.gz
Approx 75% complete for 25_33_RNA-1_S9_L003_R1_001_trimmed.fq.gz
Approx 80% complete for 25_33_RNA-1_S9_L003_R1_001_trimmed.fq.gz
Approx 85% complete for 25_33_RNA-1_S9_L003_R1_001_trimmed.fq.gz
Approx 90% complete for 25_33_RNA-1_S9_L003_R1_001_trimmed.fq.gz
Approx 95% complete for 25_33_RNA-1_S9_L003_R1_001_trimmed.fq.gz
Java HotSpot(TM) 64-Bit Server VM warning: ignoring option MaxPermSize=1024m; support was removed in 8.0
Picked up _JAVA_OPTIONS: -Djava.io.tmpdir=/home/lina/lung.chipseq.project/data/chipseq.03252021/process/UCSD.025-33-RNA/25_33-RNA-1//temporary/

WARNING! The following chromosomes from reads are not found in annotations:
chr17_ctg5_hap1
chrUn_gl000220
chrUn_gl000221
chr6_cox_hap2
chrUn_gl000219
chr6_apd_hap1
chrUn_gl000215
chr19_gl000208_random
chrUn_gl000216
chrUn_gl000217
chr19_gl000209_random
chrUn_gl000218
chrUn_gl000211
chrUn_gl000212
chr8_gl000196_random
chr8_gl000197_random
chrUn_gl000213
chr4_ctg9_hap1
chrUn_gl000214
chrUn_gl000230
chrUn_gl000231
chrUn_gl000232
chr1_gl000192_random
chr4_gl000194_random
chr17_gl000205_random
chrUn_gl000226
chrUn_gl000227
chrUn_gl000228
chr9_gl000201_random
chrUn_gl000229
chrUn_gl000222
chrUn_gl000223
chrUn_gl000224
chrUn_gl000225
chrUn_gl000240
chrUn_gl000241
chr6_dbb_hap3
chrUn_gl000242
chrUn_gl000243
chr9_gl000198_random
chr9_gl000199_random
chr6_qbl_hap6
chr6_mcf_hap5
chrUn_gl000237
chrUn_gl000238
chrUn_gl000239
chrUn_gl000233
chrUn_gl000234
chrUn_gl000235
chrUn_gl000236
chr7_gl000195_random
chr4_gl000193_random
chr1_gl000191_random
chr21_gl000210_random
chr6_ssto_hap7
chr6_mann_hap4
chr9_gl000200_random
chr17_gl000204_random
chr17_gl000206_random
chrUn_gl000249
chr11_gl000202_random
chrUn_gl000244
chrUn_gl000245
chrUn_gl000246
chrUn_gl000247

        ==========     _____ _    _ ____  _____  ______          _____  
        =====         / ____| |  | |  _ \|  __ \|  ____|   /\   |  __ \ 
          =====      | (___ | |  | | |_) | |__) | |__     /  \  | |  | |
            ====      \___ \| |  | |  _ <|  _  /|  __|   / /\ \ | |  | |
              ====    ____) | |__| | |_) | | \ \| |____ / ____ \| |__| |
        ==========   |_____/ \____/|____/|_|  \_\______/_/    \_\_____/
	  v1.6.0

//========================== featureCounts setting ===========================\\
||                                                                            ||
||             Input files : 1 BAM file                                       ||
||                           S /home/lina/lung.chipseq.project/data/chips ... ||
||                                                                            ||
||             Output file : /home/lina/lung.chipseq.project/data/chipseq ... ||
||                 Summary : /home/lina/lung.chipseq.project/data/chipseq ... ||
||              Annotation : /home/lina/star.reference/hg19.gtf.gff/genco ... ||
||      Dir for temp files : /home/lina/lung.chipseq.project/data/chipseq ... ||
||                                                                            ||
||                 Threads : 10                                               ||
||                   Level : meta-feature level                               ||
||              Paired-end : no                                               ||
||         Strand specific : no                                               ||
||      Multimapping reads : not counted                                      ||
|| Multi-overlapping reads : counted                                          ||
||   Min overlapping bases : 1                                                ||
||                                                                            ||
\\===================== http://subread.sourceforge.net/ ======================//

//================================= Running ==================================\\
||                                                                            ||
|| Load annotation file /home/lina/star.reference/hg19.gtf.gff/gencode.v1 ... ||
||    Features : 1196293                                                      ||
||    Meta-features : 55765                                                   ||
||    Chromosomes/contigs : 25                                                ||
||                                                                            ||
|| Process BAM file /home/lina/lung.chipseq.project/data/chipseq.03252021 ... ||
||    Single-end reads are included.                                          ||
||    Assign reads to features...                                             ||
||    Total reads : 20749834                                                  ||
||    Successfully assigned reads : 9855558 (47.5%)                           ||
||    Running time : 0.77 minutes                                             ||
||                                                                            ||
||                         Read assignment finished.                          ||
||                                                                            ||
|| Summary of counting results can be found in file "/home/lina/lung.chipseq  ||
|| .project/data/chipseq.03252021/process/UCSD.025-33-RNA/25_33-RNA-1//count  ||
|| /25_33-RNA-1.outputfile.summary"                                           ||
||                                                                            ||
\\===================== http://subread.sourceforge.net/ ======================//

