perl: warning: Setting locale failed.
perl: warning: Please check that your locale settings:
	LANGUAGE = (unset),
	LC_ALL = (unset),
	LANG = "en_US.UTF-8"
    are supported and installed on your system.
perl: warning: Falling back to the standard locale ("C").
Picked up _JAVA_OPTIONS: -Djava.io.tmpdir=/home/lina/lung.chipseq.project/data/chipseq.03252021/process/UCSD.025-12-RNA/25_12-RNA-1//temporary/
Started analysis of 25_12_RNA-1_S29_L004_R1_001.fastq.gz
Approx 5% complete for 25_12_RNA-1_S29_L004_R1_001.fastq.gz
Approx 10% complete for 25_12_RNA-1_S29_L004_R1_001.fastq.gz
Approx 15% complete for 25_12_RNA-1_S29_L004_R1_001.fastq.gz
Approx 20% complete for 25_12_RNA-1_S29_L004_R1_001.fastq.gz
Approx 25% complete for 25_12_RNA-1_S29_L004_R1_001.fastq.gz
Approx 30% complete for 25_12_RNA-1_S29_L004_R1_001.fastq.gz
Approx 35% complete for 25_12_RNA-1_S29_L004_R1_001.fastq.gz
Approx 40% complete for 25_12_RNA-1_S29_L004_R1_001.fastq.gz
Approx 45% complete for 25_12_RNA-1_S29_L004_R1_001.fastq.gz
Approx 50% complete for 25_12_RNA-1_S29_L004_R1_001.fastq.gz
Approx 55% complete for 25_12_RNA-1_S29_L004_R1_001.fastq.gz
Approx 60% complete for 25_12_RNA-1_S29_L004_R1_001.fastq.gz
Approx 65% complete for 25_12_RNA-1_S29_L004_R1_001.fastq.gz
Approx 70% complete for 25_12_RNA-1_S29_L004_R1_001.fastq.gz
Approx 75% complete for 25_12_RNA-1_S29_L004_R1_001.fastq.gz
Approx 80% complete for 25_12_RNA-1_S29_L004_R1_001.fastq.gz
Approx 85% complete for 25_12_RNA-1_S29_L004_R1_001.fastq.gz
Approx 90% complete for 25_12_RNA-1_S29_L004_R1_001.fastq.gz
Approx 95% complete for 25_12_RNA-1_S29_L004_R1_001.fastq.gz
perl: warning: Setting locale failed.
perl: warning: Please check that your locale settings:
	LANGUAGE = (unset),
	LC_ALL = (unset),
	LANG = "en_US.UTF-8"
    are supported and installed on your system.
perl: warning: Falling back to the standard locale ("C").
No quality encoding type selected. Assuming that the data provided uses Sanger encoded Phred scores (default)

Path to Cutadapt set as: 'cutadapt' (default)
Cutadapt seems to be working fine (tested command 'cutadapt --version')


AUTO-DETECTING ADAPTER TYPE
===========================
Attempting to auto-detect adapter type from the first 1 million sequences of the first file (>> /home/lina/lung.chipseq.project/data/chipseq.03252021/igm-storage2.ucsd.edu/210320_K00180_1016_AHKHHLBBXY_SR75_Combo/25_12_RNA-1_S29_L004_R1_001.fastq.gz <<)

Found perfect matches for the following adapter sequences:
Adapter type	Count	Sequence	Sequences analysed	Percentage
Nextera	4912	CTGTCTCTTATA	1000000	0.49
smallRNA	0	TGGAATTCTCGG	1000000	0.00
Illumina	0	AGATCGGAAGAGC	1000000	0.00
Using Nextera adapter for trimming (count: 4912). Second best hit was smallRNA (count: 0)

Writing report to '/home/lina/lung.chipseq.project/data/chipseq.03252021/process/UCSD.025-12-RNA/25_12-RNA-1//fastqc_trim_results/25_12_RNA-1_S29_L004_R1_001.fastq.gz_trimming_report.txt'

SUMMARISING RUN PARAMETERS
==========================
Input filename: /home/lina/lung.chipseq.project/data/chipseq.03252021/igm-storage2.ucsd.edu/210320_K00180_1016_AHKHHLBBXY_SR75_Combo/25_12_RNA-1_S29_L004_R1_001.fastq.gz
Trimming mode: single-end
Trim Galore version: 0.5.0
Cutadapt version: 1.18
Quality Phred score cutoff: 20
Quality encoding type selected: ASCII+33
Adapter sequence: 'CTGTCTCTTATA' (Nextera Transposase sequence; auto-detected)
Maximum trimming error rate: 0.1 (default)
Minimum required adapter overlap (stringency): 5 bp
Minimum required sequence length before a sequence gets removed: 20 bp
Running FastQC on the data once trimming has completed
Output file(s) will be GZIP compressed

Writing final adapter and quality trimmed output to 25_12_RNA-1_S29_L004_R1_001_trimmed.fq.gz


  >>> Now performing quality (cutoff 20) and adapter trimming in a single pass for the adapter sequence: 'CTGTCTCTTATA' from file /home/lina/lung.chipseq.project/data/chipseq.03252021/igm-storage2.ucsd.edu/210320_K00180_1016_AHKHHLBBXY_SR75_Combo/25_12_RNA-1_S29_L004_R1_001.fastq.gz <<< 
10000000 sequences processed
This is cutadapt 1.18 with Python 3.7.7
Command line parameters: -f fastq -e 0.1 -q 20 -O 5 -a CTGTCTCTTATA /home/lina/lung.chipseq.project/data/chipseq.03252021/igm-storage2.ucsd.edu/210320_K00180_1016_AHKHHLBBXY_SR75_Combo/25_12_RNA-1_S29_L004_R1_001.fastq.gz
Processing reads on 1 core in single-end mode ...
Finished in 465.49 s (33 us/read; 1.84 M reads/minute).

=== Summary ===

Total reads processed:              14,268,770
Reads with adapters:                   160,363 (1.1%)
Reads written (passing filters):    14,268,770 (100.0%)

Total basepairs processed: 1,084,426,520 bp
Quality-trimmed:              11,717,559 bp (1.1%)
Total written (filtered):  1,070,155,309 bp (98.7%)

=== Adapter 1 ===

Sequence: CTGTCTCTTATA; Type: regular 3'; Length: 12; Trimmed: 160363 times.

No. of allowed errors:
0-9 bp: 0; 10-12 bp: 1

Bases preceding removed adapters:
  A: 10.2%
  C: 48.5%
  G: 25.4%
  T: 15.9%
  none/other: 0.0%

Overview of removed sequences
length	count	expect	max.err	error counts
5	33593	13934.3	0	33593
6	3294	3483.6	0	3294
7	14977	870.9	0	14977
8	1667	217.7	0	1667
9	6378	54.4	0	6060 318
10	8841	13.6	1	7531 1310
11	3230	3.4	1	2884 346
12	5918	0.9	1	5339 579
13	7645	0.9	1	6786 859
14	2938	0.9	1	2676 262
15	7571	0.9	1	6912 659
16	5763	0.9	1	5296 467
17	2296	0.9	1	2041 255
18	7885	0.9	1	7318 567
19	1197	0.9	1	1047 150
20	4025	0.9	1	3713 312
21	5755	0.9	1	5275 480
22	2910	0.9	1	2399 511
23	3234	0.9	1	2934 300
24	2107	0.9	1	1933 174
25	2328	0.9	1	2140 188
26	3017	0.9	1	2698 319
27	4134	0.9	1	3842 292
28	1198	0.9	1	1063 135
29	3322	0.9	1	3091 231
30	1078	0.9	1	930 148
31	1401	0.9	1	1266 135
32	898	0.9	1	793 105
33	1044	0.9	1	775 269
34	1268	0.9	1	1132 136
35	182	0.9	1	86 96
36	609	0.9	1	512 97
37	823	0.9	1	649 174
38	335	0.9	1	222 113
39	174	0.9	1	92 82
40	252	0.9	1	104 148
41	104	0.9	1	43 61
42	217	0.9	1	47 170
43	183	0.9	1	16 167
44	103	0.9	1	0 103
45	154	0.9	1	7 147
46	52	0.9	1	3 49
47	84	0.9	1	6 78
48	229	0.9	1	5 224
49	165	0.9	1	2 163
50	1047	0.9	1	5 1042
51	124	0.9	1	4 120
52	69	0.9	1	2 67
53	316	0.9	1	4 312
54	67	0.9	1	6 61
55	311	0.9	1	6 305
56	174	0.9	1	2 172
57	205	0.9	1	6 199
58	144	0.9	1	1 143
59	659	0.9	1	2 657
60	224	0.9	1	4 220
61	143	0.9	1	4 139
62	215	0.9	1	4 211
63	221	0.9	1	3 218
64	104	0.9	1	0 104
65	93	0.9	1	7 86
66	136	0.9	1	1 135
67	99	0.9	1	7 92
68	354	0.9	1	2 352
69	53	0.9	1	6 47
70	94	0.9	1	5 89
71	45	0.9	1	8 37
72	399	0.9	1	134 265
73	301	0.9	1	31 270
74	55	0.9	1	2 53
75	114	0.9	1	5 109
76	19	0.9	1	9 10


RUN STATISTICS FOR INPUT FILE: /home/lina/lung.chipseq.project/data/chipseq.03252021/igm-storage2.ucsd.edu/210320_K00180_1016_AHKHHLBBXY_SR75_Combo/25_12_RNA-1_S29_L004_R1_001.fastq.gz
=============================================
14268770 sequences processed in total
Sequences removed because they became shorter than the length cutoff of 20 bp:	4004 (0.0%)


  >>> Now running FastQC on the data <<<

perl: warning: Setting locale failed.
perl: warning: Please check that your locale settings:
	LANGUAGE = (unset),
	LC_ALL = (unset),
	LANG = "en_US.UTF-8"
    are supported and installed on your system.
perl: warning: Falling back to the standard locale ("C").
Picked up _JAVA_OPTIONS: -Djava.io.tmpdir=/home/lina/lung.chipseq.project/data/chipseq.03252021/process/UCSD.025-12-RNA/25_12-RNA-1//temporary/
Started analysis of 25_12_RNA-1_S29_L004_R1_001_trimmed.fq.gz
Approx 5% complete for 25_12_RNA-1_S29_L004_R1_001_trimmed.fq.gz
Approx 10% complete for 25_12_RNA-1_S29_L004_R1_001_trimmed.fq.gz
Approx 15% complete for 25_12_RNA-1_S29_L004_R1_001_trimmed.fq.gz
Approx 20% complete for 25_12_RNA-1_S29_L004_R1_001_trimmed.fq.gz
Approx 25% complete for 25_12_RNA-1_S29_L004_R1_001_trimmed.fq.gz
Approx 30% complete for 25_12_RNA-1_S29_L004_R1_001_trimmed.fq.gz
Approx 35% complete for 25_12_RNA-1_S29_L004_R1_001_trimmed.fq.gz
Approx 40% complete for 25_12_RNA-1_S29_L004_R1_001_trimmed.fq.gz
Approx 45% complete for 25_12_RNA-1_S29_L004_R1_001_trimmed.fq.gz
Approx 50% complete for 25_12_RNA-1_S29_L004_R1_001_trimmed.fq.gz
Approx 55% complete for 25_12_RNA-1_S29_L004_R1_001_trimmed.fq.gz
Approx 60% complete for 25_12_RNA-1_S29_L004_R1_001_trimmed.fq.gz
Approx 65% complete for 25_12_RNA-1_S29_L004_R1_001_trimmed.fq.gz
Approx 70% complete for 25_12_RNA-1_S29_L004_R1_001_trimmed.fq.gz
Approx 75% complete for 25_12_RNA-1_S29_L004_R1_001_trimmed.fq.gz
Approx 80% complete for 25_12_RNA-1_S29_L004_R1_001_trimmed.fq.gz
Approx 85% complete for 25_12_RNA-1_S29_L004_R1_001_trimmed.fq.gz
Approx 90% complete for 25_12_RNA-1_S29_L004_R1_001_trimmed.fq.gz
Approx 95% complete for 25_12_RNA-1_S29_L004_R1_001_trimmed.fq.gz
Java HotSpot(TM) 64-Bit Server VM warning: ignoring option MaxPermSize=1024m; support was removed in 8.0
Picked up _JAVA_OPTIONS: -Djava.io.tmpdir=/home/lina/lung.chipseq.project/data/chipseq.03252021/process/UCSD.025-12-RNA/25_12-RNA-1//temporary/

WARNING! The following chromosomes from reads are not found in annotations:
chr17_ctg5_hap1
chrUn_gl000220
chrUn_gl000221
chr6_cox_hap2
chrUn_gl000219
chr6_apd_hap1
chrUn_gl000215
chr19_gl000208_random
chrUn_gl000216
chrUn_gl000217
chr19_gl000209_random
chrUn_gl000218
chrUn_gl000211
chrUn_gl000212
chr8_gl000196_random
chr8_gl000197_random
chrUn_gl000213
chr4_ctg9_hap1
chrUn_gl000214
chrUn_gl000230
chrUn_gl000231
chrUn_gl000232
chr1_gl000192_random
chr4_gl000194_random
chr17_gl000205_random
chr17_gl000203_random
chrUn_gl000226
chrUn_gl000227
chrUn_gl000228
chr9_gl000201_random
chrUn_gl000229
chrUn_gl000222
chrUn_gl000223
chrUn_gl000224
chrUn_gl000225
chrUn_gl000240
chrUn_gl000241
chr6_dbb_hap3
chrUn_gl000242
chrUn_gl000243
chr9_gl000198_random
chr9_gl000199_random
chr6_qbl_hap6
chr6_mcf_hap5
chrUn_gl000237
chrUn_gl000238
chrUn_gl000239
chrUn_gl000233
chrUn_gl000234
chrUn_gl000235
chrUn_gl000236
chr7_gl000195_random
chr4_gl000193_random
chr1_gl000191_random
chr21_gl000210_random
chr6_ssto_hap7
chr6_mann_hap4
chr9_gl000200_random
chr17_gl000204_random
chr17_gl000206_random
chrUn_gl000248
chrUn_gl000249
chr11_gl000202_random
chrUn_gl000244
chrUn_gl000246
chrUn_gl000247

        ==========     _____ _    _ ____  _____  ______          _____  
        =====         / ____| |  | |  _ \|  __ \|  ____|   /\   |  __ \ 
          =====      | (___ | |  | | |_) | |__) | |__     /  \  | |  | |
            ====      \___ \| |  | |  _ <|  _  /|  __|   / /\ \ | |  | |
              ====    ____) | |__| | |_) | | \ \| |____ / ____ \| |__| |
        ==========   |_____/ \____/|____/|_|  \_\______/_/    \_\_____/
	  v1.6.0

//========================== featureCounts setting ===========================\\
||                                                                            ||
||             Input files : 1 BAM file                                       ||
||                           S /home/lina/lung.chipseq.project/data/chips ... ||
||                                                                            ||
||             Output file : /home/lina/lung.chipseq.project/data/chipseq ... ||
||                 Summary : /home/lina/lung.chipseq.project/data/chipseq ... ||
||              Annotation : /home/lina/star.reference/hg19.gtf.gff/genco ... ||
||      Dir for temp files : /home/lina/lung.chipseq.project/data/chipseq ... ||
||                                                                            ||
||                 Threads : 10                                               ||
||                   Level : meta-feature level                               ||
||              Paired-end : no                                               ||
||         Strand specific : no                                               ||
||      Multimapping reads : not counted                                      ||
|| Multi-overlapping reads : counted                                          ||
||   Min overlapping bases : 1                                                ||
||                                                                            ||
\\===================== http://subread.sourceforge.net/ ======================//

//================================= Running ==================================\\
||                                                                            ||
|| Load annotation file /home/lina/star.reference/hg19.gtf.gff/gencode.v1 ... ||
||    Features : 1196293                                                      ||
||    Meta-features : 55765                                                   ||
||    Chromosomes/contigs : 25                                                ||
||                                                                            ||
|| Process BAM file /home/lina/lung.chipseq.project/data/chipseq.03252021 ... ||
||    Single-end reads are included.                                          ||
||    Assign reads to features...                                             ||
||    Total reads : 18094950                                                  ||
||    Successfully assigned reads : 10541294 (58.3%)                          ||
||    Running time : 0.90 minutes                                             ||
||                                                                            ||
||                         Read assignment finished.                          ||
||                                                                            ||
|| Summary of counting results can be found in file "/home/lina/lung.chipseq  ||
|| .project/data/chipseq.03252021/process/UCSD.025-12-RNA/25_12-RNA-1//count  ||
|| /25_12-RNA-1.outputfile.summary"                                           ||
||                                                                            ||
\\===================== http://subread.sourceforge.net/ ======================//

