Analysis complete for 25_9_RNA-1_S18_L007_R1_001.fastq.gz
1.18
Analysis complete for 25_9_RNA-1_S18_L007_R1_001_trimmed.fq.gz
Dec 25 17:25:09 ..... started STAR run
Dec 25 17:25:10 ..... loading genome
Dec 25 17:25:35 ..... started mapping
Dec 25 17:26:17 ..... started sorting BAM
Dec 25 17:26:40 ..... finished successfully
Java memory size is set to 50G
Launching application...

QualiMap v.2.2.1
Built on 2016-10-03 18:14

Selected tool: rnaseq
Fri Dec 25 17:26:42 PST 2020		WARNING	Output folder already exists, the results will be saved there

Initializing regions from /home/lina/star.reference/hg19.gtf.gff/gencode.v19.annotation.gtf...

Initialized 100000 regions...
Initialized 200000 regions...
Initialized 300000 regions...
Initialized 400000 regions...
Initialized 500000 regions...
Initialized 600000 regions...
Initialized 700000 regions...
Initialized 800000 regions...
Initialized 900000 regions...
Initialized 1000000 regions...
Initialized 1100000 regions...
Initialized 1200000 regions...
Initialized 1300000 regions...
Initialized 1400000 regions...
Initialized 1500000 regions...
Initialized 1600000 regions...
Initialized 1700000 regions...
Initialized 1800000 regions...
Initialized 1900000 regions...
Initialized 2000000 regions...
Initialized 2100000 regions...
Initialized 2200000 regions...
Initialized 2300000 regions...
Initialized 2400000 regions...
Initialized 2500000 regions...
Initialized 2600000 regions...

Initialized 2619444 regions it total

Starting constructing transcripts for RNA-seq stats...
Finished constructing transcripts

Starting BAM file analysis

Analyzed 1000000 reads...
Analyzed 1500000 reads...
Analyzed 2000000 reads...
Analyzed 2500000 reads...
Analyzed 3000000 reads...
Analyzed 4000000 reads...
Analyzed 5000000 reads...
Analyzed 5500000 reads...
Analyzed 6000000 reads...
Analyzed 6500000 reads...
Analyzed 7000000 reads...
Analyzed 7500000 reads...
Analyzed 9500000 reads...
Analyzed 10000000 reads...

Processed 10148180 reads in total

BAM file analysis finished
Creating plots
Writing PDF:HTML report...
HTML report created successfully

PDF file created successfully 

