perl: warning: Setting locale failed.
perl: warning: Please check that your locale settings:
	LANGUAGE = (unset),
	LC_ALL = (unset),
	LANG = "en_US.UTF-8"
    are supported and installed on your system.
perl: warning: Falling back to the standard locale ("C").
Picked up _JAVA_OPTIONS: -Djava.io.tmpdir=/home/lina/lung.chipseq.project/data/chipseq.12202020/process/UCSD.025-8-RNA/25_8_RNA-2//temporary/
Started analysis of 25_8_RNA-2_S17_L007_R1_001.fastq.gz
Approx 5% complete for 25_8_RNA-2_S17_L007_R1_001.fastq.gz
Approx 10% complete for 25_8_RNA-2_S17_L007_R1_001.fastq.gz
Approx 15% complete for 25_8_RNA-2_S17_L007_R1_001.fastq.gz
Approx 20% complete for 25_8_RNA-2_S17_L007_R1_001.fastq.gz
Approx 25% complete for 25_8_RNA-2_S17_L007_R1_001.fastq.gz
Approx 30% complete for 25_8_RNA-2_S17_L007_R1_001.fastq.gz
Approx 35% complete for 25_8_RNA-2_S17_L007_R1_001.fastq.gz
Approx 40% complete for 25_8_RNA-2_S17_L007_R1_001.fastq.gz
Approx 45% complete for 25_8_RNA-2_S17_L007_R1_001.fastq.gz
Approx 50% complete for 25_8_RNA-2_S17_L007_R1_001.fastq.gz
Approx 55% complete for 25_8_RNA-2_S17_L007_R1_001.fastq.gz
Approx 60% complete for 25_8_RNA-2_S17_L007_R1_001.fastq.gz
Approx 65% complete for 25_8_RNA-2_S17_L007_R1_001.fastq.gz
Approx 70% complete for 25_8_RNA-2_S17_L007_R1_001.fastq.gz
Approx 75% complete for 25_8_RNA-2_S17_L007_R1_001.fastq.gz
Approx 80% complete for 25_8_RNA-2_S17_L007_R1_001.fastq.gz
Approx 85% complete for 25_8_RNA-2_S17_L007_R1_001.fastq.gz
Approx 90% complete for 25_8_RNA-2_S17_L007_R1_001.fastq.gz
Approx 95% complete for 25_8_RNA-2_S17_L007_R1_001.fastq.gz
perl: warning: Setting locale failed.
perl: warning: Please check that your locale settings:
	LANGUAGE = (unset),
	LC_ALL = (unset),
	LANG = "en_US.UTF-8"
    are supported and installed on your system.
perl: warning: Falling back to the standard locale ("C").
No quality encoding type selected. Assuming that the data provided uses Sanger encoded Phred scores (default)

Path to Cutadapt set as: 'cutadapt' (default)
Cutadapt seems to be working fine (tested command 'cutadapt --version')


AUTO-DETECTING ADAPTER TYPE
===========================
Attempting to auto-detect adapter type from the first 1 million sequences of the first file (>> /home/lina/lung.chipseq.project/data/chipseq.12202020/igm-storage2.ucsd.edu/201220_K00180_1002_BHKG2YBBXY_SR75_Combo/25_8_RNA-2_S17_L007_R1_001.fastq.gz <<)

Found perfect matches for the following adapter sequences:
Adapter type	Count	Sequence	Sequences analysed	Percentage
Nextera	7858	CTGTCTCTTATA	1000000	0.79
smallRNA	1	TGGAATTCTCGG	1000000	0.00
Illumina	0	AGATCGGAAGAGC	1000000	0.00
Using Nextera adapter for trimming (count: 7858). Second best hit was smallRNA (count: 1)

Writing report to '/home/lina/lung.chipseq.project/data/chipseq.12202020/process/UCSD.025-8-RNA/25_8_RNA-2//fastqc_trim_results/25_8_RNA-2_S17_L007_R1_001.fastq.gz_trimming_report.txt'

SUMMARISING RUN PARAMETERS
==========================
Input filename: /home/lina/lung.chipseq.project/data/chipseq.12202020/igm-storage2.ucsd.edu/201220_K00180_1002_BHKG2YBBXY_SR75_Combo/25_8_RNA-2_S17_L007_R1_001.fastq.gz
Trimming mode: single-end
Trim Galore version: 0.5.0
Cutadapt version: 1.18
Quality Phred score cutoff: 20
Quality encoding type selected: ASCII+33
Adapter sequence: 'CTGTCTCTTATA' (Nextera Transposase sequence; auto-detected)
Maximum trimming error rate: 0.1 (default)
Minimum required adapter overlap (stringency): 5 bp
Minimum required sequence length before a sequence gets removed: 20 bp
Running FastQC on the data once trimming has completed
Output file(s) will be GZIP compressed

Writing final adapter and quality trimmed output to 25_8_RNA-2_S17_L007_R1_001_trimmed.fq.gz


  >>> Now performing quality (cutoff 20) and adapter trimming in a single pass for the adapter sequence: 'CTGTCTCTTATA' from file /home/lina/lung.chipseq.project/data/chipseq.12202020/igm-storage2.ucsd.edu/201220_K00180_1002_BHKG2YBBXY_SR75_Combo/25_8_RNA-2_S17_L007_R1_001.fastq.gz <<< 
10000000 sequences processed
This is cutadapt 1.18 with Python 3.7.7
Command line parameters: -f fastq -e 0.1 -q 20 -O 5 -a CTGTCTCTTATA /home/lina/lung.chipseq.project/data/chipseq.12202020/igm-storage2.ucsd.edu/201220_K00180_1002_BHKG2YBBXY_SR75_Combo/25_8_RNA-2_S17_L007_R1_001.fastq.gz
Processing reads on 1 core in single-end mode ...
Finished in 301.52 s (21 us/read; 2.80 M reads/minute).

=== Summary ===

Total reads processed:              14,054,824
Reads with adapters:                   217,804 (1.5%)
Reads written (passing filters):    14,054,824 (100.0%)

Total basepairs processed: 1,068,166,624 bp
Quality-trimmed:               1,250,808 bp (0.1%)
Total written (filtered):  1,063,311,606 bp (99.5%)

=== Adapter 1 ===

Sequence: CTGTCTCTTATA; Type: regular 3'; Length: 12; Trimmed: 217804 times.

No. of allowed errors:
0-9 bp: 0; 10-12 bp: 1

Bases preceding removed adapters:
  A: 8.6%
  C: 52.0%
  G: 25.1%
  T: 14.3%
  none/other: 0.0%

Overview of removed sequences
length	count	expect	max.err	error counts
5	24416	13725.4	0	24416
6	14111	3431.4	0	14111
7	11992	857.8	0	11992
8	10629	214.5	0	10629
9	9478	53.6	0	9217 261
10	9921	13.4	1	9319 602
11	9263	3.4	1	8980 283
12	8885	0.8	1	8611 274
13	7779	0.8	1	7528 251
14	7937	0.8	1	7727 210
15	7321	0.8	1	7150 171
16	7310	0.8	1	7153 157
17	7126	0.8	1	6947 179
18	6976	0.8	1	6831 145
19	6847	0.8	1	6711 136
20	6406	0.8	1	6280 126
21	5850	0.8	1	5748 102
22	5084	0.8	1	4906 178
23	4976	0.8	1	4807 169
24	4483	0.8	1	4367 116
25	4078	0.8	1	3974 104
26	4578	0.8	1	4453 125
27	3694	0.8	1	3538 156
28	3239	0.8	1	3148 91
29	2820	0.8	1	2734 86
30	2968	0.8	1	2879 89
31	2692	0.8	1	2595 97
32	2322	0.8	1	2235 87
33	1862	0.8	1	1734 128
34	1361	0.8	1	1305 56
35	1081	0.8	1	1001 80
36	1017	0.8	1	967 50
37	798	0.8	1	756 42
38	659	0.8	1	572 87
39	482	0.8	1	430 52
40	510	0.8	1	390 120
41	245	0.8	1	203 42
42	140	0.8	1	97 43
43	163	0.8	1	58 105
44	116	0.8	1	18 98
45	107	0.8	1	31 76
46	81	0.8	1	30 51
47	78	0.8	1	21 57
48	102	0.8	1	10 92
49	174	0.8	1	9 165
50	281	0.8	1	13 268
51	100	0.8	1	10 90
52	57	0.8	1	6 51
53	206	0.8	1	8 198
54	68	0.8	1	18 50
55	113	0.8	1	17 96
56	141	0.8	1	5 136
57	92	0.8	1	12 80
58	167	0.8	1	13 154
59	91	0.8	1	13 78
60	320	0.8	1	8 312
61	76	0.8	1	11 65
62	119	0.8	1	63 56
63	186	0.8	1	30 156
64	68	0.8	1	14 54
65	88	0.8	1	54 34
66	527	0.8	1	399 128
67	450	0.8	1	380 70
68	440	0.8	1	211 229
69	816	0.8	1	738 78
70	114	0.8	1	27 87
71	34	0.8	1	20 14
72	638	0.8	1	592 46
73	268	0.8	1	83 185
74	48	0.8	1	6 42
75	86	0.8	1	25 61
76	53	0.8	1	37 16


RUN STATISTICS FOR INPUT FILE: /home/lina/lung.chipseq.project/data/chipseq.12202020/igm-storage2.ucsd.edu/201220_K00180_1002_BHKG2YBBXY_SR75_Combo/25_8_RNA-2_S17_L007_R1_001.fastq.gz
=============================================
14054824 sequences processed in total
Sequences removed because they became shorter than the length cutoff of 20 bp:	4835 (0.0%)


  >>> Now running FastQC on the data <<<

perl: warning: Setting locale failed.
perl: warning: Please check that your locale settings:
	LANGUAGE = (unset),
	LC_ALL = (unset),
	LANG = "en_US.UTF-8"
    are supported and installed on your system.
perl: warning: Falling back to the standard locale ("C").
Picked up _JAVA_OPTIONS: -Djava.io.tmpdir=/home/lina/lung.chipseq.project/data/chipseq.12202020/process/UCSD.025-8-RNA/25_8_RNA-2//temporary/
Started analysis of 25_8_RNA-2_S17_L007_R1_001_trimmed.fq.gz
Approx 5% complete for 25_8_RNA-2_S17_L007_R1_001_trimmed.fq.gz
Approx 10% complete for 25_8_RNA-2_S17_L007_R1_001_trimmed.fq.gz
Approx 15% complete for 25_8_RNA-2_S17_L007_R1_001_trimmed.fq.gz
Approx 20% complete for 25_8_RNA-2_S17_L007_R1_001_trimmed.fq.gz
Approx 25% complete for 25_8_RNA-2_S17_L007_R1_001_trimmed.fq.gz
Approx 30% complete for 25_8_RNA-2_S17_L007_R1_001_trimmed.fq.gz
Approx 35% complete for 25_8_RNA-2_S17_L007_R1_001_trimmed.fq.gz
Approx 40% complete for 25_8_RNA-2_S17_L007_R1_001_trimmed.fq.gz
Approx 45% complete for 25_8_RNA-2_S17_L007_R1_001_trimmed.fq.gz
Approx 50% complete for 25_8_RNA-2_S17_L007_R1_001_trimmed.fq.gz
Approx 55% complete for 25_8_RNA-2_S17_L007_R1_001_trimmed.fq.gz
Approx 60% complete for 25_8_RNA-2_S17_L007_R1_001_trimmed.fq.gz
Approx 65% complete for 25_8_RNA-2_S17_L007_R1_001_trimmed.fq.gz
Approx 70% complete for 25_8_RNA-2_S17_L007_R1_001_trimmed.fq.gz
Approx 75% complete for 25_8_RNA-2_S17_L007_R1_001_trimmed.fq.gz
Approx 80% complete for 25_8_RNA-2_S17_L007_R1_001_trimmed.fq.gz
Approx 85% complete for 25_8_RNA-2_S17_L007_R1_001_trimmed.fq.gz
Approx 90% complete for 25_8_RNA-2_S17_L007_R1_001_trimmed.fq.gz
Approx 95% complete for 25_8_RNA-2_S17_L007_R1_001_trimmed.fq.gz
Java HotSpot(TM) 64-Bit Server VM warning: ignoring option MaxPermSize=1024m; support was removed in 8.0
Picked up _JAVA_OPTIONS: -Djava.io.tmpdir=/home/lina/lung.chipseq.project/data/chipseq.12202020/process/UCSD.025-8-RNA/25_8_RNA-2//temporary/

WARNING! The following chromosomes from reads are not found in annotations:
chr17_ctg5_hap1
chrUn_gl000220
chrUn_gl000221
chr6_cox_hap2
chrUn_gl000219
chr6_apd_hap1
chrUn_gl000215
chr19_gl000208_random
chrUn_gl000216
chrUn_gl000217
chr19_gl000209_random
chrUn_gl000218
chrUn_gl000211
chrUn_gl000212
chr8_gl000196_random
chr8_gl000197_random
chrUn_gl000213
chr4_ctg9_hap1
chrUn_gl000214
chrUn_gl000230
chrUn_gl000231
chrUn_gl000232
chr1_gl000192_random
chr4_gl000194_random
chr17_gl000205_random
chr17_gl000203_random
chrUn_gl000226
chrUn_gl000227
chrUn_gl000228
chr9_gl000201_random
chrUn_gl000229
chrUn_gl000222
chrUn_gl000223
chrUn_gl000224
chrUn_gl000225
chrUn_gl000240
chrUn_gl000241
chr6_dbb_hap3
chrUn_gl000242
chrUn_gl000243
chr9_gl000198_random
chr9_gl000199_random
chr6_qbl_hap6
chr6_mcf_hap5
chrUn_gl000237
chrUn_gl000238
chrUn_gl000239
chrUn_gl000233
chrUn_gl000234
chrUn_gl000235
chrUn_gl000236
chr7_gl000195_random
chr4_gl000193_random
chr1_gl000191_random
chr21_gl000210_random
chr6_ssto_hap7
chr6_mann_hap4
chr9_gl000200_random
chr17_gl000204_random
chr17_gl000206_random
chrUn_gl000248
chrUn_gl000249
chr11_gl000202_random
chrUn_gl000244
chrUn_gl000245
chrUn_gl000246
chrUn_gl000247

        ==========     _____ _    _ ____  _____  ______          _____  
        =====         / ____| |  | |  _ \|  __ \|  ____|   /\   |  __ \ 
          =====      | (___ | |  | | |_) | |__) | |__     /  \  | |  | |
            ====      \___ \| |  | |  _ <|  _  /|  __|   / /\ \ | |  | |
              ====    ____) | |__| | |_) | | \ \| |____ / ____ \| |__| |
        ==========   |_____/ \____/|____/|_|  \_\______/_/    \_\_____/
	  v1.6.0

//========================== featureCounts setting ===========================\\
||                                                                            ||
||             Input files : 1 BAM file                                       ||
||                           S /home/lina/lung.chipseq.project/data/chips ... ||
||                                                                            ||
||             Output file : /home/lina/lung.chipseq.project/data/chipseq ... ||
||                 Summary : /home/lina/lung.chipseq.project/data/chipseq ... ||
||              Annotation : /home/lina/star.reference/hg19.gtf.gff/genco ... ||
||      Dir for temp files : /home/lina/lung.chipseq.project/data/chipseq ... ||
||                                                                            ||
||                 Threads : 10                                               ||
||                   Level : meta-feature level                               ||
||              Paired-end : no                                               ||
||         Strand specific : no                                               ||
||      Multimapping reads : not counted                                      ||
|| Multi-overlapping reads : counted                                          ||
||   Min overlapping bases : 1                                                ||
||                                                                            ||
\\===================== http://subread.sourceforge.net/ ======================//

//================================= Running ==================================\\
||                                                                            ||
|| Load annotation file /home/lina/star.reference/hg19.gtf.gff/gencode.v1 ... ||
||    Features : 1196293                                                      ||
||    Meta-features : 55765                                                   ||
||    Chromosomes/contigs : 25                                                ||
||                                                                            ||
|| Process BAM file /home/lina/lung.chipseq.project/data/chipseq.12202020 ... ||
||    Single-end reads are included.                                          ||
||    Assign reads to features...                                             ||
||    Total reads : 22632931                                                  ||
||    Successfully assigned reads : 5506783 (24.3%)                           ||
||    Running time : 0.57 minutes                                             ||
||                                                                            ||
||                         Read assignment finished.                          ||
||                                                                            ||
|| Summary of counting results can be found in file "/home/lina/lung.chipseq  ||
|| .project/data/chipseq.12202020/process/UCSD.025-8-RNA/25_8_RNA-2//count/2  ||
|| 5_8_RNA-2.outputfile.summary"                                              ||
||                                                                            ||
\\===================== http://subread.sourceforge.net/ ======================//

