perl: warning: Setting locale failed.
perl: warning: Please check that your locale settings:
	LANGUAGE = (unset),
	LC_ALL = (unset),
	LANG = "en_US.UTF-8"
    are supported and installed on your system.
perl: warning: Falling back to the standard locale ("C").
Picked up _JAVA_OPTIONS: -Djava.io.tmpdir=/home/lina/lung.chipseq.project/data/chipseq.12202020/process/UCSD.025-10-RNA/25_10-RNA-1//temporary/
Started analysis of 25_10_RNA-1_S20_L007_R1_001.fastq.gz
Approx 5% complete for 25_10_RNA-1_S20_L007_R1_001.fastq.gz
Approx 10% complete for 25_10_RNA-1_S20_L007_R1_001.fastq.gz
Approx 15% complete for 25_10_RNA-1_S20_L007_R1_001.fastq.gz
Approx 20% complete for 25_10_RNA-1_S20_L007_R1_001.fastq.gz
Approx 25% complete for 25_10_RNA-1_S20_L007_R1_001.fastq.gz
Approx 30% complete for 25_10_RNA-1_S20_L007_R1_001.fastq.gz
Approx 35% complete for 25_10_RNA-1_S20_L007_R1_001.fastq.gz
Approx 40% complete for 25_10_RNA-1_S20_L007_R1_001.fastq.gz
Approx 45% complete for 25_10_RNA-1_S20_L007_R1_001.fastq.gz
Approx 50% complete for 25_10_RNA-1_S20_L007_R1_001.fastq.gz
Approx 55% complete for 25_10_RNA-1_S20_L007_R1_001.fastq.gz
Approx 60% complete for 25_10_RNA-1_S20_L007_R1_001.fastq.gz
Approx 65% complete for 25_10_RNA-1_S20_L007_R1_001.fastq.gz
Approx 70% complete for 25_10_RNA-1_S20_L007_R1_001.fastq.gz
Approx 75% complete for 25_10_RNA-1_S20_L007_R1_001.fastq.gz
Approx 80% complete for 25_10_RNA-1_S20_L007_R1_001.fastq.gz
Approx 85% complete for 25_10_RNA-1_S20_L007_R1_001.fastq.gz
Approx 90% complete for 25_10_RNA-1_S20_L007_R1_001.fastq.gz
Approx 95% complete for 25_10_RNA-1_S20_L007_R1_001.fastq.gz
perl: warning: Setting locale failed.
perl: warning: Please check that your locale settings:
	LANGUAGE = (unset),
	LC_ALL = (unset),
	LANG = "en_US.UTF-8"
    are supported and installed on your system.
perl: warning: Falling back to the standard locale ("C").
No quality encoding type selected. Assuming that the data provided uses Sanger encoded Phred scores (default)

Path to Cutadapt set as: 'cutadapt' (default)
Cutadapt seems to be working fine (tested command 'cutadapt --version')


AUTO-DETECTING ADAPTER TYPE
===========================
Attempting to auto-detect adapter type from the first 1 million sequences of the first file (>> /home/lina/lung.chipseq.project/data/chipseq.12202020/igm-storage2.ucsd.edu/201220_K00180_1002_BHKG2YBBXY_SR75_Combo/25_10_RNA-1_S20_L007_R1_001.fastq.gz <<)

Found perfect matches for the following adapter sequences:
Adapter type	Count	Sequence	Sequences analysed	Percentage
Nextera	6544	CTGTCTCTTATA	1000000	0.65
smallRNA	1	TGGAATTCTCGG	1000000	0.00
Illumina	0	AGATCGGAAGAGC	1000000	0.00
Using Nextera adapter for trimming (count: 6544). Second best hit was smallRNA (count: 1)

Writing report to '/home/lina/lung.chipseq.project/data/chipseq.12202020/process/UCSD.025-10-RNA/25_10-RNA-1//fastqc_trim_results/25_10_RNA-1_S20_L007_R1_001.fastq.gz_trimming_report.txt'

SUMMARISING RUN PARAMETERS
==========================
Input filename: /home/lina/lung.chipseq.project/data/chipseq.12202020/igm-storage2.ucsd.edu/201220_K00180_1002_BHKG2YBBXY_SR75_Combo/25_10_RNA-1_S20_L007_R1_001.fastq.gz
Trimming mode: single-end
Trim Galore version: 0.5.0
Cutadapt version: 1.18
Quality Phred score cutoff: 20
Quality encoding type selected: ASCII+33
Adapter sequence: 'CTGTCTCTTATA' (Nextera Transposase sequence; auto-detected)
Maximum trimming error rate: 0.1 (default)
Minimum required adapter overlap (stringency): 5 bp
Minimum required sequence length before a sequence gets removed: 20 bp
Running FastQC on the data once trimming has completed
Output file(s) will be GZIP compressed

Writing final adapter and quality trimmed output to 25_10_RNA-1_S20_L007_R1_001_trimmed.fq.gz


  >>> Now performing quality (cutoff 20) and adapter trimming in a single pass for the adapter sequence: 'CTGTCTCTTATA' from file /home/lina/lung.chipseq.project/data/chipseq.12202020/igm-storage2.ucsd.edu/201220_K00180_1002_BHKG2YBBXY_SR75_Combo/25_10_RNA-1_S20_L007_R1_001.fastq.gz <<< 
10000000 sequences processed
This is cutadapt 1.18 with Python 3.7.7
Command line parameters: -f fastq -e 0.1 -q 20 -O 5 -a CTGTCTCTTATA /home/lina/lung.chipseq.project/data/chipseq.12202020/igm-storage2.ucsd.edu/201220_K00180_1002_BHKG2YBBXY_SR75_Combo/25_10_RNA-1_S20_L007_R1_001.fastq.gz
Processing reads on 1 core in single-end mode ...
Finished in 248.85 s (21 us/read; 2.84 M reads/minute).

=== Summary ===

Total reads processed:              11,779,927
Reads with adapters:                   157,876 (1.3%)
Reads written (passing filters):    11,779,927 (100.0%)

Total basepairs processed:   895,274,452 bp
Quality-trimmed:               1,049,866 bp (0.1%)
Total written (filtered):    891,691,411 bp (99.6%)

=== Adapter 1 ===

Sequence: CTGTCTCTTATA; Type: regular 3'; Length: 12; Trimmed: 157876 times.

No. of allowed errors:
0-9 bp: 0; 10-12 bp: 1

Bases preceding removed adapters:
  A: 8.3%
  C: 51.6%
  G: 25.5%
  T: 14.6%
  none/other: 0.0%

Overview of removed sequences
length	count	expect	max.err	error counts
5	20290	11503.8	0	20290
6	9991	2876.0	0	9991
7	8576	719.0	0	8576
8	7329	179.7	0	7329
9	6848	44.9	0	6685 163
10	7451	11.2	1	6910 541
11	6769	2.8	1	6533 236
12	6453	0.7	1	6250 203
13	5421	0.7	1	5181 240
14	5659	0.7	1	5541 118
15	5475	0.7	1	5337 138
16	5265	0.7	1	5149 116
17	5270	0.7	1	5120 150
18	4833	0.7	1	4738 95
19	5046	0.7	1	4951 95
20	4682	0.7	1	4585 97
21	4360	0.7	1	4266 94
22	3552	0.7	1	3429 123
23	3457	0.7	1	3345 112
24	3042	0.7	1	2991 51
25	2656	0.7	1	2577 79
26	3028	0.7	1	2919 109
27	2750	0.7	1	2659 91
28	2522	0.7	1	2450 72
29	1995	0.7	1	1939 56
30	2106	0.7	1	2017 89
31	1923	0.7	1	1878 45
32	1654	0.7	1	1591 63
33	1311	0.7	1	1206 105
34	946	0.7	1	885 61
35	749	0.7	1	716 33
36	734	0.7	1	695 39
37	471	0.7	1	427 44
38	486	0.7	1	394 92
39	304	0.7	1	254 50
40	275	0.7	1	240 35
41	156	0.7	1	116 40
42	104	0.7	1	74 30
43	134	0.7	1	49 85
44	91	0.7	1	33 58
45	76	0.7	1	27 49
46	45	0.7	1	22 23
47	50	0.7	1	9 41
48	76	0.7	1	8 68
49	125	0.7	1	24 101
50	321	0.7	1	13 308
51	113	0.7	1	15 98
52	43	0.7	1	10 33
53	117	0.7	1	9 108
54	27	0.7	1	6 21
55	95	0.7	1	5 90
56	81	0.7	1	10 71
57	44	0.7	1	11 33
58	88	0.7	1	6 82
59	38	0.7	1	5 33
60	264	0.7	1	4 260
61	85	0.7	1	10 75
62	62	0.7	1	5 57
63	103	0.7	1	8 95
64	65	0.7	1	6 59
65	70	0.7	1	2 68
66	258	0.7	1	19 239
67	216	0.7	1	40 176
68	161	0.7	1	9 152
69	199	0.7	1	30 169
70	63	0.7	1	10 53
71	34	0.7	1	18 16
72	389	0.7	1	357 32
73	279	0.7	1	49 230
74	22	0.7	1	1 21
75	62	0.7	1	21 41
76	41	0.7	1	29 12


RUN STATISTICS FOR INPUT FILE: /home/lina/lung.chipseq.project/data/chipseq.12202020/igm-storage2.ucsd.edu/201220_K00180_1002_BHKG2YBBXY_SR75_Combo/25_10_RNA-1_S20_L007_R1_001.fastq.gz
=============================================
11779927 sequences processed in total
Sequences removed because they became shorter than the length cutoff of 20 bp:	2679 (0.0%)


  >>> Now running FastQC on the data <<<

perl: warning: Setting locale failed.
perl: warning: Please check that your locale settings:
	LANGUAGE = (unset),
	LC_ALL = (unset),
	LANG = "en_US.UTF-8"
    are supported and installed on your system.
perl: warning: Falling back to the standard locale ("C").
Picked up _JAVA_OPTIONS: -Djava.io.tmpdir=/home/lina/lung.chipseq.project/data/chipseq.12202020/process/UCSD.025-10-RNA/25_10-RNA-1//temporary/
Started analysis of 25_10_RNA-1_S20_L007_R1_001_trimmed.fq.gz
Approx 5% complete for 25_10_RNA-1_S20_L007_R1_001_trimmed.fq.gz
Approx 10% complete for 25_10_RNA-1_S20_L007_R1_001_trimmed.fq.gz
Approx 15% complete for 25_10_RNA-1_S20_L007_R1_001_trimmed.fq.gz
Approx 20% complete for 25_10_RNA-1_S20_L007_R1_001_trimmed.fq.gz
Approx 25% complete for 25_10_RNA-1_S20_L007_R1_001_trimmed.fq.gz
Approx 30% complete for 25_10_RNA-1_S20_L007_R1_001_trimmed.fq.gz
Approx 35% complete for 25_10_RNA-1_S20_L007_R1_001_trimmed.fq.gz
Approx 40% complete for 25_10_RNA-1_S20_L007_R1_001_trimmed.fq.gz
Approx 45% complete for 25_10_RNA-1_S20_L007_R1_001_trimmed.fq.gz
Approx 50% complete for 25_10_RNA-1_S20_L007_R1_001_trimmed.fq.gz
Approx 55% complete for 25_10_RNA-1_S20_L007_R1_001_trimmed.fq.gz
Approx 60% complete for 25_10_RNA-1_S20_L007_R1_001_trimmed.fq.gz
Approx 65% complete for 25_10_RNA-1_S20_L007_R1_001_trimmed.fq.gz
Approx 70% complete for 25_10_RNA-1_S20_L007_R1_001_trimmed.fq.gz
Approx 75% complete for 25_10_RNA-1_S20_L007_R1_001_trimmed.fq.gz
Approx 80% complete for 25_10_RNA-1_S20_L007_R1_001_trimmed.fq.gz
Approx 85% complete for 25_10_RNA-1_S20_L007_R1_001_trimmed.fq.gz
Approx 90% complete for 25_10_RNA-1_S20_L007_R1_001_trimmed.fq.gz
Approx 95% complete for 25_10_RNA-1_S20_L007_R1_001_trimmed.fq.gz
Java HotSpot(TM) 64-Bit Server VM warning: ignoring option MaxPermSize=1024m; support was removed in 8.0
Picked up _JAVA_OPTIONS: -Djava.io.tmpdir=/home/lina/lung.chipseq.project/data/chipseq.12202020/process/UCSD.025-10-RNA/25_10-RNA-1//temporary/

WARNING! The following chromosomes from reads are not found in annotations:
chr17_ctg5_hap1
chrUn_gl000220
chrUn_gl000221
chr6_cox_hap2
chrUn_gl000219
chr6_apd_hap1
chrUn_gl000215
chr19_gl000208_random
chrUn_gl000216
chrUn_gl000217
chr19_gl000209_random
chrUn_gl000218
chrUn_gl000211
chrUn_gl000212
chr8_gl000196_random
chrUn_gl000213
chr4_ctg9_hap1
chrUn_gl000214
chrUn_gl000230
chrUn_gl000231
chrUn_gl000232
chr1_gl000192_random
chr4_gl000194_random
chr17_gl000205_random
chrUn_gl000226
chrUn_gl000227
chrUn_gl000228
chr9_gl000201_random
chrUn_gl000229
chrUn_gl000222
chrUn_gl000223
chrUn_gl000224
chrUn_gl000225
chrUn_gl000240
chrUn_gl000241
chr6_dbb_hap3
chrUn_gl000242
chrUn_gl000243
chr9_gl000198_random
chr9_gl000199_random
chr6_qbl_hap6
chr6_mcf_hap5
chrUn_gl000237
chrUn_gl000238
chrUn_gl000239
chrUn_gl000233
chrUn_gl000234
chr7_gl000195_random
chr4_gl000193_random
chr1_gl000191_random
chr6_ssto_hap7
chr6_mann_hap4
chr9_gl000200_random
chr17_gl000204_random
chr17_gl000206_random
chrUn_gl000248
chrUn_gl000249
chr11_gl000202_random
chrUn_gl000244
chrUn_gl000245
chrUn_gl000247

        ==========     _____ _    _ ____  _____  ______          _____  
        =====         / ____| |  | |  _ \|  __ \|  ____|   /\   |  __ \ 
          =====      | (___ | |  | | |_) | |__) | |__     /  \  | |  | |
            ====      \___ \| |  | |  _ <|  _  /|  __|   / /\ \ | |  | |
              ====    ____) | |__| | |_) | | \ \| |____ / ____ \| |__| |
        ==========   |_____/ \____/|____/|_|  \_\______/_/    \_\_____/
	  v1.6.0

//========================== featureCounts setting ===========================\\
||                                                                            ||
||             Input files : 1 BAM file                                       ||
||                           S /home/lina/lung.chipseq.project/data/chips ... ||
||                                                                            ||
||             Output file : /home/lina/lung.chipseq.project/data/chipseq ... ||
||                 Summary : /home/lina/lung.chipseq.project/data/chipseq ... ||
||              Annotation : /home/lina/star.reference/hg19.gtf.gff/genco ... ||
||      Dir for temp files : /home/lina/lung.chipseq.project/data/chipseq ... ||
||                                                                            ||
||                 Threads : 10                                               ||
||                   Level : meta-feature level                               ||
||              Paired-end : no                                               ||
||         Strand specific : no                                               ||
||      Multimapping reads : not counted                                      ||
|| Multi-overlapping reads : counted                                          ||
||   Min overlapping bases : 1                                                ||
||                                                                            ||
\\===================== http://subread.sourceforge.net/ ======================//

//================================= Running ==================================\\
||                                                                            ||
|| Load annotation file /home/lina/star.reference/hg19.gtf.gff/gencode.v1 ... ||
||    Features : 1196293                                                      ||
||    Meta-features : 55765                                                   ||
||    Chromosomes/contigs : 25                                                ||
||                                                                            ||
|| Process BAM file /home/lina/lung.chipseq.project/data/chipseq.12202020 ... ||
||    Single-end reads are included.                                          ||
||    Assign reads to features...                                             ||
||    Total reads : 19764008                                                  ||
||    Successfully assigned reads : 4701854 (23.8%)                           ||
||    Running time : 0.54 minutes                                             ||
||                                                                            ||
||                         Read assignment finished.                          ||
||                                                                            ||
|| Summary of counting results can be found in file "/home/lina/lung.chipseq  ||
|| .project/data/chipseq.12202020/process/UCSD.025-10-RNA/25_10-RNA-1//count  ||
|| /25_10_RNA-1.outputfile.summary"                                           ||
||                                                                            ||
\\===================== http://subread.sourceforge.net/ ======================//

