perl: warning: Setting locale failed.
perl: warning: Please check that your locale settings:
	LANGUAGE = (unset),
	LC_ALL = (unset),
	LANG = "en_US.UTF-8"
    are supported and installed on your system.
perl: warning: Falling back to the standard locale ("C").
Picked up _JAVA_OPTIONS: -Djava.io.tmpdir=/home/lina/lung.chipseq.project/data/chipseq.12202020/process/UCSD.025-10-RNA/25_10-RNA-2//temporary/
Started analysis of 25_10_RNA-2_S21_L007_R1_001.fastq.gz
Approx 5% complete for 25_10_RNA-2_S21_L007_R1_001.fastq.gz
Approx 10% complete for 25_10_RNA-2_S21_L007_R1_001.fastq.gz
Approx 15% complete for 25_10_RNA-2_S21_L007_R1_001.fastq.gz
Approx 20% complete for 25_10_RNA-2_S21_L007_R1_001.fastq.gz
Approx 25% complete for 25_10_RNA-2_S21_L007_R1_001.fastq.gz
Approx 30% complete for 25_10_RNA-2_S21_L007_R1_001.fastq.gz
Approx 35% complete for 25_10_RNA-2_S21_L007_R1_001.fastq.gz
Approx 40% complete for 25_10_RNA-2_S21_L007_R1_001.fastq.gz
Approx 45% complete for 25_10_RNA-2_S21_L007_R1_001.fastq.gz
Approx 50% complete for 25_10_RNA-2_S21_L007_R1_001.fastq.gz
Approx 55% complete for 25_10_RNA-2_S21_L007_R1_001.fastq.gz
Approx 60% complete for 25_10_RNA-2_S21_L007_R1_001.fastq.gz
Approx 65% complete for 25_10_RNA-2_S21_L007_R1_001.fastq.gz
Approx 70% complete for 25_10_RNA-2_S21_L007_R1_001.fastq.gz
Approx 75% complete for 25_10_RNA-2_S21_L007_R1_001.fastq.gz
Approx 80% complete for 25_10_RNA-2_S21_L007_R1_001.fastq.gz
Approx 85% complete for 25_10_RNA-2_S21_L007_R1_001.fastq.gz
Approx 90% complete for 25_10_RNA-2_S21_L007_R1_001.fastq.gz
Approx 95% complete for 25_10_RNA-2_S21_L007_R1_001.fastq.gz
perl: warning: Setting locale failed.
perl: warning: Please check that your locale settings:
	LANGUAGE = (unset),
	LC_ALL = (unset),
	LANG = "en_US.UTF-8"
    are supported and installed on your system.
perl: warning: Falling back to the standard locale ("C").
No quality encoding type selected. Assuming that the data provided uses Sanger encoded Phred scores (default)

Path to Cutadapt set as: 'cutadapt' (default)
Cutadapt seems to be working fine (tested command 'cutadapt --version')


AUTO-DETECTING ADAPTER TYPE
===========================
Attempting to auto-detect adapter type from the first 1 million sequences of the first file (>> /home/lina/lung.chipseq.project/data/chipseq.12202020/igm-storage2.ucsd.edu/201220_K00180_1002_BHKG2YBBXY_SR75_Combo/25_10_RNA-2_S21_L007_R1_001.fastq.gz <<)

Found perfect matches for the following adapter sequences:
Adapter type	Count	Sequence	Sequences analysed	Percentage
Nextera	8605	CTGTCTCTTATA	1000000	0.86
Illumina	9	AGATCGGAAGAGC	1000000	0.00
smallRNA	1	TGGAATTCTCGG	1000000	0.00
Using Nextera adapter for trimming (count: 8605). Second best hit was Illumina (count: 9)

Writing report to '/home/lina/lung.chipseq.project/data/chipseq.12202020/process/UCSD.025-10-RNA/25_10-RNA-2//fastqc_trim_results/25_10_RNA-2_S21_L007_R1_001.fastq.gz_trimming_report.txt'

SUMMARISING RUN PARAMETERS
==========================
Input filename: /home/lina/lung.chipseq.project/data/chipseq.12202020/igm-storage2.ucsd.edu/201220_K00180_1002_BHKG2YBBXY_SR75_Combo/25_10_RNA-2_S21_L007_R1_001.fastq.gz
Trimming mode: single-end
Trim Galore version: 0.5.0
Cutadapt version: 1.18
Quality Phred score cutoff: 20
Quality encoding type selected: ASCII+33
Adapter sequence: 'CTGTCTCTTATA' (Nextera Transposase sequence; auto-detected)
Maximum trimming error rate: 0.1 (default)
Minimum required adapter overlap (stringency): 5 bp
Minimum required sequence length before a sequence gets removed: 20 bp
Running FastQC on the data once trimming has completed
Output file(s) will be GZIP compressed

Writing final adapter and quality trimmed output to 25_10_RNA-2_S21_L007_R1_001_trimmed.fq.gz


  >>> Now performing quality (cutoff 20) and adapter trimming in a single pass for the adapter sequence: 'CTGTCTCTTATA' from file /home/lina/lung.chipseq.project/data/chipseq.12202020/igm-storage2.ucsd.edu/201220_K00180_1002_BHKG2YBBXY_SR75_Combo/25_10_RNA-2_S21_L007_R1_001.fastq.gz <<< 
10000000 sequences processed
This is cutadapt 1.18 with Python 3.7.7
Command line parameters: -f fastq -e 0.1 -q 20 -O 5 -a CTGTCTCTTATA /home/lina/lung.chipseq.project/data/chipseq.12202020/igm-storage2.ucsd.edu/201220_K00180_1002_BHKG2YBBXY_SR75_Combo/25_10_RNA-2_S21_L007_R1_001.fastq.gz
Processing reads on 1 core in single-end mode ...
Finished in 280.20 s (21 us/read; 2.84 M reads/minute).

=== Summary ===

Total reads processed:              13,253,357
Reads with adapters:                   221,326 (1.7%)
Reads written (passing filters):    13,253,357 (100.0%)

Total basepairs processed: 1,007,255,132 bp
Quality-trimmed:               1,147,504 bp (0.1%)
Total written (filtered):  1,002,488,114 bp (99.5%)

=== Adapter 1 ===

Sequence: CTGTCTCTTATA; Type: regular 3'; Length: 12; Trimmed: 221326 times.

No. of allowed errors:
0-9 bp: 0; 10-12 bp: 1

Bases preceding removed adapters:
  A: 8.9%
  C: 51.2%
  G: 25.6%
  T: 14.4%
  none/other: 0.0%

Overview of removed sequences
length	count	expect	max.err	error counts
5	23083	12942.7	0	23083
6	13385	3235.7	0	13385
7	11996	808.9	0	11996
8	10150	202.2	0	10150
9	9470	50.6	0	9296 174
10	9913	12.6	1	9347 566
11	9117	3.2	1	8846 271
12	8928	0.8	1	8628 300
13	7957	0.8	1	7631 326
14	8305	0.8	1	8094 211
15	7677	0.8	1	7510 167
16	7910	0.8	1	7740 170
17	7963	0.8	1	7738 225
18	7222	0.8	1	7057 165
19	7853	0.8	1	7723 130
20	6993	0.8	1	6861 132
21	6131	0.8	1	6000 131
22	5158	0.8	1	4968 190
23	5187	0.8	1	5035 152
24	4597	0.8	1	4486 111
25	4389	0.8	1	4256 133
26	4861	0.8	1	4706 155
27	4102	0.8	1	3956 146
28	3882	0.8	1	3763 119
29	3344	0.8	1	3243 101
30	3356	0.8	1	3225 131
31	2918	0.8	1	2838 80
32	2506	0.8	1	2419 87
33	2027	0.8	1	1892 135
34	1438	0.8	1	1389 49
35	1191	0.8	1	1099 92
36	1230	0.8	1	1158 72
37	855	0.8	1	796 59
38	858	0.8	1	757 101
39	534	0.8	1	495 39
40	461	0.8	1	390 71
41	205	0.8	1	168 37
42	126	0.8	1	72 54
43	213	0.8	1	77 136
44	131	0.8	1	32 99
45	94	0.8	1	12 82
46	45	0.8	1	18 27
47	73	0.8	1	20 53
48	111	0.8	1	15 96
49	126	0.8	1	9 117
50	446	0.8	1	10 436
51	156	0.8	1	20 136
52	56	0.8	1	14 42
53	199	0.8	1	13 186
54	34	0.8	1	6 28
55	129	0.8	1	10 119
56	82	0.8	1	9 73
57	39	0.8	1	6 33
58	136	0.8	1	8 128
59	67	0.8	1	6 61
60	346	0.8	1	11 335
61	60	0.8	1	6 54
62	67	0.8	1	7 60
63	147	0.8	1	7 140
64	51	0.8	1	2 49
65	27	0.8	1	4 23
66	72	0.8	1	11 61
67	84	0.8	1	29 55
68	207	0.8	1	5 202
69	55	0.8	1	4 51
70	61	0.8	1	10 51
71	31	0.8	1	6 25
72	310	0.8	1	272 38
73	258	0.8	1	39 219
74	39	0.8	1	4 35
75	69	0.8	1	13 56
76	27	0.8	1	14 13


RUN STATISTICS FOR INPUT FILE: /home/lina/lung.chipseq.project/data/chipseq.12202020/igm-storage2.ucsd.edu/201220_K00180_1002_BHKG2YBBXY_SR75_Combo/25_10_RNA-2_S21_L007_R1_001.fastq.gz
=============================================
13253357 sequences processed in total
Sequences removed because they became shorter than the length cutoff of 20 bp:	2289 (0.0%)


  >>> Now running FastQC on the data <<<

perl: warning: Setting locale failed.
perl: warning: Please check that your locale settings:
	LANGUAGE = (unset),
	LC_ALL = (unset),
	LANG = "en_US.UTF-8"
    are supported and installed on your system.
perl: warning: Falling back to the standard locale ("C").
Picked up _JAVA_OPTIONS: -Djava.io.tmpdir=/home/lina/lung.chipseq.project/data/chipseq.12202020/process/UCSD.025-10-RNA/25_10-RNA-2//temporary/
Started analysis of 25_10_RNA-2_S21_L007_R1_001_trimmed.fq.gz
Approx 5% complete for 25_10_RNA-2_S21_L007_R1_001_trimmed.fq.gz
Approx 10% complete for 25_10_RNA-2_S21_L007_R1_001_trimmed.fq.gz
Approx 15% complete for 25_10_RNA-2_S21_L007_R1_001_trimmed.fq.gz
Approx 20% complete for 25_10_RNA-2_S21_L007_R1_001_trimmed.fq.gz
Approx 25% complete for 25_10_RNA-2_S21_L007_R1_001_trimmed.fq.gz
Approx 30% complete for 25_10_RNA-2_S21_L007_R1_001_trimmed.fq.gz
Approx 35% complete for 25_10_RNA-2_S21_L007_R1_001_trimmed.fq.gz
Approx 40% complete for 25_10_RNA-2_S21_L007_R1_001_trimmed.fq.gz
Approx 45% complete for 25_10_RNA-2_S21_L007_R1_001_trimmed.fq.gz
Approx 50% complete for 25_10_RNA-2_S21_L007_R1_001_trimmed.fq.gz
Approx 55% complete for 25_10_RNA-2_S21_L007_R1_001_trimmed.fq.gz
Approx 60% complete for 25_10_RNA-2_S21_L007_R1_001_trimmed.fq.gz
Approx 65% complete for 25_10_RNA-2_S21_L007_R1_001_trimmed.fq.gz
Approx 70% complete for 25_10_RNA-2_S21_L007_R1_001_trimmed.fq.gz
Approx 75% complete for 25_10_RNA-2_S21_L007_R1_001_trimmed.fq.gz
Approx 80% complete for 25_10_RNA-2_S21_L007_R1_001_trimmed.fq.gz
Approx 85% complete for 25_10_RNA-2_S21_L007_R1_001_trimmed.fq.gz
Approx 90% complete for 25_10_RNA-2_S21_L007_R1_001_trimmed.fq.gz
Approx 95% complete for 25_10_RNA-2_S21_L007_R1_001_trimmed.fq.gz
Java HotSpot(TM) 64-Bit Server VM warning: ignoring option MaxPermSize=1024m; support was removed in 8.0
Picked up _JAVA_OPTIONS: -Djava.io.tmpdir=/home/lina/lung.chipseq.project/data/chipseq.12202020/process/UCSD.025-10-RNA/25_10-RNA-2//temporary/

WARNING! The following chromosomes from reads are not found in annotations:
chr17_ctg5_hap1
chrUn_gl000220
chrUn_gl000221
chr6_cox_hap2
chrUn_gl000219
chr6_apd_hap1
chrUn_gl000215
chr19_gl000208_random
chrUn_gl000216
chrUn_gl000217
chr19_gl000209_random
chrUn_gl000218
chrUn_gl000211
chrUn_gl000212
chr8_gl000196_random
chr8_gl000197_random
chrUn_gl000213
chr4_ctg9_hap1
chrUn_gl000214
chrUn_gl000230
chrUn_gl000231
chrUn_gl000232
chr1_gl000192_random
chr4_gl000194_random
chr17_gl000205_random
chr17_gl000203_random
chrUn_gl000226
chrUn_gl000227
chrUn_gl000228
chr9_gl000201_random
chrUn_gl000229
chrUn_gl000222
chrUn_gl000223
chrUn_gl000224
chrUn_gl000225
chrUn_gl000240
chrUn_gl000241
chr6_dbb_hap3
chrUn_gl000242
chrUn_gl000243
chr9_gl000199_random
chr6_qbl_hap6
chr6_mcf_hap5
chrUn_gl000238
chrUn_gl000233
chrUn_gl000234
chrUn_gl000235
chr7_gl000195_random
chr4_gl000193_random
chr1_gl000191_random
chr21_gl000210_random
chr6_ssto_hap7
chr6_mann_hap4
chr9_gl000200_random
chr17_gl000204_random
chr17_gl000206_random
chrUn_gl000248
chrUn_gl000249
chr11_gl000202_random
chrUn_gl000244
chrUn_gl000245
chrUn_gl000246
chrUn_gl000247

        ==========     _____ _    _ ____  _____  ______          _____  
        =====         / ____| |  | |  _ \|  __ \|  ____|   /\   |  __ \ 
          =====      | (___ | |  | | |_) | |__) | |__     /  \  | |  | |
            ====      \___ \| |  | |  _ <|  _  /|  __|   / /\ \ | |  | |
              ====    ____) | |__| | |_) | | \ \| |____ / ____ \| |__| |
        ==========   |_____/ \____/|____/|_|  \_\______/_/    \_\_____/
	  v1.6.0

//========================== featureCounts setting ===========================\\
||                                                                            ||
||             Input files : 1 BAM file                                       ||
||                           S /home/lina/lung.chipseq.project/data/chips ... ||
||                                                                            ||
||             Output file : /home/lina/lung.chipseq.project/data/chipseq ... ||
||                 Summary : /home/lina/lung.chipseq.project/data/chipseq ... ||
||              Annotation : /home/lina/star.reference/hg19.gtf.gff/genco ... ||
||      Dir for temp files : /home/lina/lung.chipseq.project/data/chipseq ... ||
||                                                                            ||
||                 Threads : 10                                               ||
||                   Level : meta-feature level                               ||
||              Paired-end : no                                               ||
||         Strand specific : no                                               ||
||      Multimapping reads : not counted                                      ||
|| Multi-overlapping reads : counted                                          ||
||   Min overlapping bases : 1                                                ||
||                                                                            ||
\\===================== http://subread.sourceforge.net/ ======================//

//================================= Running ==================================\\
||                                                                            ||
|| Load annotation file /home/lina/star.reference/hg19.gtf.gff/gencode.v1 ... ||
||    Features : 1196293                                                      ||
||    Meta-features : 55765                                                   ||
||    Chromosomes/contigs : 25                                                ||
||                                                                            ||
|| Process BAM file /home/lina/lung.chipseq.project/data/chipseq.12202020 ... ||
||    Single-end reads are included.                                          ||
||    Assign reads to features...                                             ||
||    Total reads : 22635276                                                  ||
||    Successfully assigned reads : 5120101 (22.6%)                           ||
||    Running time : 0.63 minutes                                             ||
||                                                                            ||
||                         Read assignment finished.                          ||
||                                                                            ||
|| Summary of counting results can be found in file "/home/lina/lung.chipseq  ||
|| .project/data/chipseq.12202020/process/UCSD.025-10-RNA/25_10-RNA-2//count  ||
|| /25_10_RNA-2.outputfile.summary"                                           ||
||                                                                            ||
\\===================== http://subread.sourceforge.net/ ======================//

