perl: warning: Setting locale failed.
perl: warning: Please check that your locale settings:
	LANGUAGE = (unset),
	LC_ALL = (unset),
	LANG = "en_US.UTF-8"
    are supported and installed on your system.
perl: warning: Falling back to the standard locale ("C").
Picked up _JAVA_OPTIONS: -Djava.io.tmpdir=/home/lina/lung.chipseq.project/data/chipseq.03252021/process/UCSD.025-34-RNA/25_34-RNA-2//temporary/
Started analysis of 25_34_K27ac-2_S20_L004_R1_001.fastq.gz
Approx 5% complete for 25_34_K27ac-2_S20_L004_R1_001.fastq.gz
Approx 10% complete for 25_34_K27ac-2_S20_L004_R1_001.fastq.gz
Approx 15% complete for 25_34_K27ac-2_S20_L004_R1_001.fastq.gz
Approx 20% complete for 25_34_K27ac-2_S20_L004_R1_001.fastq.gz
Approx 25% complete for 25_34_K27ac-2_S20_L004_R1_001.fastq.gz
Approx 30% complete for 25_34_K27ac-2_S20_L004_R1_001.fastq.gz
Approx 35% complete for 25_34_K27ac-2_S20_L004_R1_001.fastq.gz
Approx 40% complete for 25_34_K27ac-2_S20_L004_R1_001.fastq.gz
Approx 45% complete for 25_34_K27ac-2_S20_L004_R1_001.fastq.gz
Approx 50% complete for 25_34_K27ac-2_S20_L004_R1_001.fastq.gz
Approx 55% complete for 25_34_K27ac-2_S20_L004_R1_001.fastq.gz
Approx 60% complete for 25_34_K27ac-2_S20_L004_R1_001.fastq.gz
Approx 65% complete for 25_34_K27ac-2_S20_L004_R1_001.fastq.gz
Approx 70% complete for 25_34_K27ac-2_S20_L004_R1_001.fastq.gz
Approx 75% complete for 25_34_K27ac-2_S20_L004_R1_001.fastq.gz
Approx 80% complete for 25_34_K27ac-2_S20_L004_R1_001.fastq.gz
Approx 85% complete for 25_34_K27ac-2_S20_L004_R1_001.fastq.gz
Approx 90% complete for 25_34_K27ac-2_S20_L004_R1_001.fastq.gz
Approx 95% complete for 25_34_K27ac-2_S20_L004_R1_001.fastq.gz
perl: warning: Setting locale failed.
perl: warning: Please check that your locale settings:
	LANGUAGE = (unset),
	LC_ALL = (unset),
	LANG = "en_US.UTF-8"
    are supported and installed on your system.
perl: warning: Falling back to the standard locale ("C").
No quality encoding type selected. Assuming that the data provided uses Sanger encoded Phred scores (default)

Path to Cutadapt set as: 'cutadapt' (default)
Cutadapt seems to be working fine (tested command 'cutadapt --version')


AUTO-DETECTING ADAPTER TYPE
===========================
Attempting to auto-detect adapter type from the first 1 million sequences of the first file (>> /home/lina/lung.chipseq.project/data/chipseq.03252021/igm-storage2.ucsd.edu/210320_K00180_1016_AHKHHLBBXY_SR75_Combo/25_34_K27ac-2_S20_L004_R1_001.fastq.gz <<)

Found perfect matches for the following adapter sequences:
Adapter type	Count	Sequence	Sequences analysed	Percentage
Illumina	345	AGATCGGAAGAGC	1000000	0.03
Nextera	4	CTGTCTCTTATA	1000000	0.00
smallRNA	0	TGGAATTCTCGG	1000000	0.00
Using Illumina adapter for trimming (count: 345). Second best hit was Nextera (count: 4)

Writing report to '/home/lina/lung.chipseq.project/data/chipseq.03252021/process/UCSD.025-34-RNA/25_34-RNA-2//fastqc_trim_results/25_34_K27ac-2_S20_L004_R1_001.fastq.gz_trimming_report.txt'

SUMMARISING RUN PARAMETERS
==========================
Input filename: /home/lina/lung.chipseq.project/data/chipseq.03252021/igm-storage2.ucsd.edu/210320_K00180_1016_AHKHHLBBXY_SR75_Combo/25_34_K27ac-2_S20_L004_R1_001.fastq.gz
Trimming mode: single-end
Trim Galore version: 0.5.0
Cutadapt version: 1.18
Quality Phred score cutoff: 20
Quality encoding type selected: ASCII+33
Adapter sequence: 'AGATCGGAAGAGC' (Illumina TruSeq, Sanger iPCR; auto-detected)
Maximum trimming error rate: 0.1 (default)
Minimum required adapter overlap (stringency): 5 bp
Minimum required sequence length before a sequence gets removed: 20 bp
Running FastQC on the data once trimming has completed
Output file(s) will be GZIP compressed

Writing final adapter and quality trimmed output to 25_34_K27ac-2_S20_L004_R1_001_trimmed.fq.gz


  >>> Now performing quality (cutoff 20) and adapter trimming in a single pass for the adapter sequence: 'AGATCGGAAGAGC' from file /home/lina/lung.chipseq.project/data/chipseq.03252021/igm-storage2.ucsd.edu/210320_K00180_1016_AHKHHLBBXY_SR75_Combo/25_34_K27ac-2_S20_L004_R1_001.fastq.gz <<< 
10000000 sequences processed
This is cutadapt 1.18 with Python 3.7.7
Command line parameters: -f fastq -e 0.1 -q 20 -O 5 -a AGATCGGAAGAGC /home/lina/lung.chipseq.project/data/chipseq.03252021/igm-storage2.ucsd.edu/210320_K00180_1016_AHKHHLBBXY_SR75_Combo/25_34_K27ac-2_S20_L004_R1_001.fastq.gz
Processing reads on 1 core in single-end mode ...
Finished in 543.71 s (32 us/read; 1.89 M reads/minute).

=== Summary ===

Total reads processed:              17,110,093
Reads with adapters:                    26,991 (0.2%)
Reads written (passing filters):    17,110,093 (100.0%)

Total basepairs processed: 1,300,367,068 bp
Quality-trimmed:              13,838,847 bp (1.1%)
Total written (filtered):  1,285,956,387 bp (98.9%)

=== Adapter 1 ===

Sequence: AGATCGGAAGAGC; Type: regular 3'; Length: 13; Trimmed: 26991 times.

No. of allowed errors:
0-9 bp: 0; 10-13 bp: 1

Bases preceding removed adapters:
  A: 21.3%
  C: 21.5%
  G: 26.8%
  T: 11.7%
  none/other: 18.8%

Overview of removed sequences
length	count	expect	max.err	error counts
5	16137	16709.1	0	16137
6	2079	4177.3	0	2079
7	386	1044.3	0	386
8	106	261.1	0	106
9	317	65.3	0	102 215
10	362	16.3	1	42 320
11	213	4.1	1	49 164
12	93	1.0	1	45 48
13	102	0.3	1	80 22
14	48	0.3	1	32 16
15	83	0.3	1	69 14
16	55	0.3	1	46 9
17	98	0.3	1	75 23
18	60	0.3	1	48 12
19	47	0.3	1	38 9
20	85	0.3	1	59 26
21	43	0.3	1	30 13
22	35	0.3	1	28 7
23	39	0.3	1	31 8
24	62	0.3	1	40 22
25	81	0.3	1	67 14
26	11	0.3	1	5 6
27	45	0.3	1	27 18
28	55	0.3	1	41 14
29	36	0.3	1	22 14
30	24	0.3	1	17 7
31	25	0.3	1	13 12
32	40	0.3	1	32 8
33	17	0.3	1	5 12
34	31	0.3	1	19 12
35	50	0.3	1	35 15
36	23	0.3	1	10 13
37	32	0.3	1	16 16
38	21	0.3	1	15 6
39	24	0.3	1	13 11
40	35	0.3	1	20 15
41	53	0.3	1	36 17
42	17	0.3	1	1 16
43	16	0.3	1	3 13
44	18	0.3	1	9 9
45	28	0.3	1	14 14
46	21	0.3	1	12 9
47	15	0.3	1	13 2
48	24	0.3	1	19 5
49	32	0.3	1	20 12
50	27	0.3	1	14 13
51	30	0.3	1	23 7
52	36	0.3	1	28 8
53	34	0.3	1	26 8
54	19	0.3	1	10 9
55	46	0.3	1	29 17
56	15	0.3	1	4 11
57	31	0.3	1	24 7
58	41	0.3	1	32 9
59	15	0.3	1	11 4
60	39	0.3	1	28 11
61	63	0.3	1	43 20
62	13	0.3	1	5 8
63	21	0.3	1	16 5
64	16	0.3	1	12 4
65	20	0.3	1	11 9
66	30	0.3	1	14 16
67	40	0.3	1	26 14
68	43	0.3	1	28 15
69	39	0.3	1	29 10
70	36	0.3	1	23 13
71	54	0.3	1	35 19
72	85	0.3	1	55 30
73	266	0.3	1	89 177
74	775	0.3	1	593 182
75	782	0.3	1	650 132
76	3151	0.3	1	2651 500


RUN STATISTICS FOR INPUT FILE: /home/lina/lung.chipseq.project/data/chipseq.03252021/igm-storage2.ucsd.edu/210320_K00180_1016_AHKHHLBBXY_SR75_Combo/25_34_K27ac-2_S20_L004_R1_001.fastq.gz
=============================================
17110093 sequences processed in total
Sequences removed because they became shorter than the length cutoff of 20 bp:	5768 (0.0%)


  >>> Now running FastQC on the data <<<

perl: warning: Setting locale failed.
perl: warning: Please check that your locale settings:
	LANGUAGE = (unset),
	LC_ALL = (unset),
	LANG = "en_US.UTF-8"
    are supported and installed on your system.
perl: warning: Falling back to the standard locale ("C").
Picked up _JAVA_OPTIONS: -Djava.io.tmpdir=/home/lina/lung.chipseq.project/data/chipseq.03252021/process/UCSD.025-34-RNA/25_34-RNA-2//temporary/
Started analysis of 25_34_K27ac-2_S20_L004_R1_001_trimmed.fq.gz
Approx 5% complete for 25_34_K27ac-2_S20_L004_R1_001_trimmed.fq.gz
Approx 10% complete for 25_34_K27ac-2_S20_L004_R1_001_trimmed.fq.gz
Approx 15% complete for 25_34_K27ac-2_S20_L004_R1_001_trimmed.fq.gz
Approx 20% complete for 25_34_K27ac-2_S20_L004_R1_001_trimmed.fq.gz
Approx 25% complete for 25_34_K27ac-2_S20_L004_R1_001_trimmed.fq.gz
Approx 30% complete for 25_34_K27ac-2_S20_L004_R1_001_trimmed.fq.gz
Approx 35% complete for 25_34_K27ac-2_S20_L004_R1_001_trimmed.fq.gz
Approx 40% complete for 25_34_K27ac-2_S20_L004_R1_001_trimmed.fq.gz
Approx 45% complete for 25_34_K27ac-2_S20_L004_R1_001_trimmed.fq.gz
Approx 50% complete for 25_34_K27ac-2_S20_L004_R1_001_trimmed.fq.gz
Approx 55% complete for 25_34_K27ac-2_S20_L004_R1_001_trimmed.fq.gz
Approx 60% complete for 25_34_K27ac-2_S20_L004_R1_001_trimmed.fq.gz
Approx 65% complete for 25_34_K27ac-2_S20_L004_R1_001_trimmed.fq.gz
Approx 70% complete for 25_34_K27ac-2_S20_L004_R1_001_trimmed.fq.gz
Approx 75% complete for 25_34_K27ac-2_S20_L004_R1_001_trimmed.fq.gz
Approx 80% complete for 25_34_K27ac-2_S20_L004_R1_001_trimmed.fq.gz
Approx 85% complete for 25_34_K27ac-2_S20_L004_R1_001_trimmed.fq.gz
Approx 90% complete for 25_34_K27ac-2_S20_L004_R1_001_trimmed.fq.gz
Approx 95% complete for 25_34_K27ac-2_S20_L004_R1_001_trimmed.fq.gz
Java HotSpot(TM) 64-Bit Server VM warning: ignoring option MaxPermSize=1024m; support was removed in 8.0
Picked up _JAVA_OPTIONS: -Djava.io.tmpdir=/home/lina/lung.chipseq.project/data/chipseq.03252021/process/UCSD.025-34-RNA/25_34-RNA-2//temporary/

WARNING! The following chromosomes from reads are not found in annotations:
chr17_ctg5_hap1
chrUn_gl000220
chrUn_gl000221
chr6_cox_hap2
chrUn_gl000219
chr6_apd_hap1
chrUn_gl000215
chr19_gl000208_random
chrUn_gl000216
chrUn_gl000217
chr19_gl000209_random
chrUn_gl000218
chrUn_gl000211
chrUn_gl000212
chr8_gl000196_random
chr8_gl000197_random
chrUn_gl000213
chr4_ctg9_hap1
chrUn_gl000214
chrUn_gl000230
chrUn_gl000231
chrUn_gl000232
chr1_gl000192_random
chr4_gl000194_random
chr17_gl000205_random
chr17_gl000203_random
chrUn_gl000226
chrUn_gl000227
chrUn_gl000228
chr9_gl000201_random
chrUn_gl000229
chrUn_gl000222
chrUn_gl000223
chrUn_gl000224
chrUn_gl000225
chrUn_gl000240
chrUn_gl000241
chr6_dbb_hap3
chrUn_gl000242
chrUn_gl000243
chr9_gl000198_random
chr9_gl000199_random
chr6_qbl_hap6
chr6_mcf_hap5
chrUn_gl000237
chrUn_gl000238
chrUn_gl000239
chrUn_gl000233
chrUn_gl000234
chrUn_gl000235
chrUn_gl000236
chr7_gl000195_random
chr4_gl000193_random
chr1_gl000191_random
chr21_gl000210_random
chr6_ssto_hap7
chr6_mann_hap4
chr18_gl000207_random
chr9_gl000200_random
chr17_gl000204_random
chr17_gl000206_random
chrUn_gl000248
chrUn_gl000249
chr11_gl000202_random
chrUn_gl000244
chrUn_gl000245
chrUn_gl000246
chrUn_gl000247

        ==========     _____ _    _ ____  _____  ______          _____  
        =====         / ____| |  | |  _ \|  __ \|  ____|   /\   |  __ \ 
          =====      | (___ | |  | | |_) | |__) | |__     /  \  | |  | |
            ====      \___ \| |  | |  _ <|  _  /|  __|   / /\ \ | |  | |
              ====    ____) | |__| | |_) | | \ \| |____ / ____ \| |__| |
        ==========   |_____/ \____/|____/|_|  \_\______/_/    \_\_____/
	  v1.6.0

//========================== featureCounts setting ===========================\\
||                                                                            ||
||             Input files : 1 BAM file                                       ||
||                           S /home/lina/lung.chipseq.project/data/chips ... ||
||                                                                            ||
||             Output file : /home/lina/lung.chipseq.project/data/chipseq ... ||
||                 Summary : /home/lina/lung.chipseq.project/data/chipseq ... ||
||              Annotation : /home/lina/star.reference/hg19.gtf.gff/genco ... ||
||      Dir for temp files : /home/lina/lung.chipseq.project/data/chipseq ... ||
||                                                                            ||
||                 Threads : 10                                               ||
||                   Level : meta-feature level                               ||
||              Paired-end : no                                               ||
||         Strand specific : no                                               ||
||      Multimapping reads : not counted                                      ||
|| Multi-overlapping reads : counted                                          ||
||   Min overlapping bases : 1                                                ||
||                                                                            ||
\\===================== http://subread.sourceforge.net/ ======================//

//================================= Running ==================================\\
||                                                                            ||
|| Load annotation file /home/lina/star.reference/hg19.gtf.gff/gencode.v1 ... ||
||    Features : 1196293                                                      ||
||    Meta-features : 55765                                                   ||
||    Chromosomes/contigs : 25                                                ||
||                                                                            ||
|| Process BAM file /home/lina/lung.chipseq.project/data/chipseq.03252021 ... ||
||    Single-end reads are included.                                          ||
||    Assign reads to features...                                             ||
||    Total reads : 18302790                                                  ||
||    Successfully assigned reads : 2128196 (11.6%)                           ||
||    Running time : 0.92 minutes                                             ||
||                                                                            ||
||                         Read assignment finished.                          ||
||                                                                            ||
|| Summary of counting results can be found in file "/home/lina/lung.chipseq  ||
|| .project/data/chipseq.03252021/process/UCSD.025-34-RNA/25_34-RNA-2//count  ||
|| /25_34-RNA-2.outputfile.summary"                                           ||
||                                                                            ||
\\===================== http://subread.sourceforge.net/ ======================//

