perl: warning: Setting locale failed.
perl: warning: Please check that your locale settings:
	LANGUAGE = (unset),
	LC_ALL = (unset),
	LANG = "en_US.UTF-8"
    are supported and installed on your system.
perl: warning: Falling back to the standard locale ("C").
Picked up _JAVA_OPTIONS: -Djava.io.tmpdir=/home/lina/lung.chipseq.project/data/chipseq.12202020/process/UCSD.025-9-RNA/25_9_RNA-1//temporary/
Started analysis of 25_9_RNA-1_S18_L007_R1_001.fastq.gz
Approx 5% complete for 25_9_RNA-1_S18_L007_R1_001.fastq.gz
Approx 10% complete for 25_9_RNA-1_S18_L007_R1_001.fastq.gz
Approx 15% complete for 25_9_RNA-1_S18_L007_R1_001.fastq.gz
Approx 20% complete for 25_9_RNA-1_S18_L007_R1_001.fastq.gz
Approx 25% complete for 25_9_RNA-1_S18_L007_R1_001.fastq.gz
Approx 30% complete for 25_9_RNA-1_S18_L007_R1_001.fastq.gz
Approx 35% complete for 25_9_RNA-1_S18_L007_R1_001.fastq.gz
Approx 40% complete for 25_9_RNA-1_S18_L007_R1_001.fastq.gz
Approx 45% complete for 25_9_RNA-1_S18_L007_R1_001.fastq.gz
Approx 50% complete for 25_9_RNA-1_S18_L007_R1_001.fastq.gz
Approx 55% complete for 25_9_RNA-1_S18_L007_R1_001.fastq.gz
Approx 60% complete for 25_9_RNA-1_S18_L007_R1_001.fastq.gz
Approx 65% complete for 25_9_RNA-1_S18_L007_R1_001.fastq.gz
Approx 70% complete for 25_9_RNA-1_S18_L007_R1_001.fastq.gz
Approx 75% complete for 25_9_RNA-1_S18_L007_R1_001.fastq.gz
Approx 80% complete for 25_9_RNA-1_S18_L007_R1_001.fastq.gz
Approx 85% complete for 25_9_RNA-1_S18_L007_R1_001.fastq.gz
Approx 90% complete for 25_9_RNA-1_S18_L007_R1_001.fastq.gz
Approx 95% complete for 25_9_RNA-1_S18_L007_R1_001.fastq.gz
perl: warning: Setting locale failed.
perl: warning: Please check that your locale settings:
	LANGUAGE = (unset),
	LC_ALL = (unset),
	LANG = "en_US.UTF-8"
    are supported and installed on your system.
perl: warning: Falling back to the standard locale ("C").
No quality encoding type selected. Assuming that the data provided uses Sanger encoded Phred scores (default)

Path to Cutadapt set as: 'cutadapt' (default)
Cutadapt seems to be working fine (tested command 'cutadapt --version')


AUTO-DETECTING ADAPTER TYPE
===========================
Attempting to auto-detect adapter type from the first 1 million sequences of the first file (>> /home/lina/lung.chipseq.project/data/chipseq.12202020/igm-storage2.ucsd.edu/201220_K00180_1002_BHKG2YBBXY_SR75_Combo/25_9_RNA-1_S18_L007_R1_001.fastq.gz <<)

Found perfect matches for the following adapter sequences:
Adapter type	Count	Sequence	Sequences analysed	Percentage
Nextera	7777	CTGTCTCTTATA	1000000	0.78
smallRNA	1	TGGAATTCTCGG	1000000	0.00
Illumina	0	AGATCGGAAGAGC	1000000	0.00
Using Nextera adapter for trimming (count: 7777). Second best hit was smallRNA (count: 1)

Writing report to '/home/lina/lung.chipseq.project/data/chipseq.12202020/process/UCSD.025-9-RNA/25_9_RNA-1//fastqc_trim_results/25_9_RNA-1_S18_L007_R1_001.fastq.gz_trimming_report.txt'

SUMMARISING RUN PARAMETERS
==========================
Input filename: /home/lina/lung.chipseq.project/data/chipseq.12202020/igm-storage2.ucsd.edu/201220_K00180_1002_BHKG2YBBXY_SR75_Combo/25_9_RNA-1_S18_L007_R1_001.fastq.gz
Trimming mode: single-end
Trim Galore version: 0.5.0
Cutadapt version: 1.18
Quality Phred score cutoff: 20
Quality encoding type selected: ASCII+33
Adapter sequence: 'CTGTCTCTTATA' (Nextera Transposase sequence; auto-detected)
Maximum trimming error rate: 0.1 (default)
Minimum required adapter overlap (stringency): 5 bp
Minimum required sequence length before a sequence gets removed: 20 bp
Running FastQC on the data once trimming has completed
Output file(s) will be GZIP compressed

Writing final adapter and quality trimmed output to 25_9_RNA-1_S18_L007_R1_001_trimmed.fq.gz


  >>> Now performing quality (cutoff 20) and adapter trimming in a single pass for the adapter sequence: 'CTGTCTCTTATA' from file /home/lina/lung.chipseq.project/data/chipseq.12202020/igm-storage2.ucsd.edu/201220_K00180_1002_BHKG2YBBXY_SR75_Combo/25_9_RNA-1_S18_L007_R1_001.fastq.gz <<< 
10000000 sequences processed
This is cutadapt 1.18 with Python 3.7.7
Command line parameters: -f fastq -e 0.1 -q 20 -O 5 -a CTGTCTCTTATA /home/lina/lung.chipseq.project/data/chipseq.12202020/igm-storage2.ucsd.edu/201220_K00180_1002_BHKG2YBBXY_SR75_Combo/25_9_RNA-1_S18_L007_R1_001.fastq.gz
Processing reads on 1 core in single-end mode ...
Finished in 294.88 s (20 us/read; 2.94 M reads/minute).

=== Summary ===

Total reads processed:              14,444,854
Reads with adapters:                   219,152 (1.5%)
Reads written (passing filters):    14,444,854 (100.0%)

Total basepairs processed: 1,097,808,904 bp
Quality-trimmed:               1,238,965 bp (0.1%)
Total written (filtered):  1,093,003,024 bp (99.6%)

=== Adapter 1 ===

Sequence: CTGTCTCTTATA; Type: regular 3'; Length: 12; Trimmed: 219152 times.

No. of allowed errors:
0-9 bp: 0; 10-12 bp: 1

Bases preceding removed adapters:
  A: 8.3%
  C: 51.6%
  G: 25.4%
  T: 14.7%
  none/other: 0.0%

Overview of removed sequences
length	count	expect	max.err	error counts
5	24405	14106.3	0	24405
6	13460	3526.6	0	13460
7	11751	881.6	0	11751
8	10076	220.4	0	10076
9	9110	55.1	0	8904 206
10	9511	13.8	1	8919 592
11	8886	3.4	1	8595 291
12	8792	0.9	1	8484 308
13	7672	0.9	1	7399 273
14	7828	0.9	1	7660 168
15	7465	0.9	1	7325 140
16	7679	0.9	1	7526 153
17	7572	0.9	1	7373 199
18	7152	0.9	1	7021 131
19	7624	0.9	1	7489 135
20	7032	0.9	1	6883 149
21	5879	0.9	1	5725 154
22	5272	0.9	1	5054 218
23	5052	0.9	1	4902 150
24	4617	0.9	1	4519 98
25	4434	0.9	1	4310 124
26	4703	0.9	1	4559 144
27	4030	0.9	1	3902 128
28	4029	0.9	1	3939 90
29	3285	0.9	1	3193 92
30	3466	0.9	1	3375 91
31	2972	0.9	1	2896 76
32	2673	0.9	1	2584 89
33	2074	0.9	1	1955 119
34	1549	0.9	1	1497 52
35	1122	0.9	1	1055 67
36	1199	0.9	1	1137 62
37	849	0.9	1	813 36
38	821	0.9	1	736 85
39	625	0.9	1	579 46
40	465	0.9	1	402 63
41	266	0.9	1	227 39
42	162	0.9	1	103 59
43	223	0.9	1	83 140
44	86	0.9	1	18 68
45	80	0.9	1	25 55
46	56	0.9	1	23 33
47	70	0.9	1	17 53
48	129	0.9	1	20 109
49	78	0.9	1	17 61
50	325	0.9	1	12 313
51	107	0.9	1	13 94
52	58	0.9	1	13 45
53	163	0.9	1	13 150
54	46	0.9	1	13 33
55	174	0.9	1	18 156
56	74	0.9	1	11 63
57	77	0.9	1	17 60
58	137	0.9	1	9 128
59	50	0.9	1	9 41
60	348	0.9	1	11 337
61	50	0.9	1	6 44
62	61	0.9	1	4 57
63	141	0.9	1	9 132
64	46	0.9	1	5 41
65	36	0.9	1	4 32
66	78	0.9	1	4 74
67	48	0.9	1	14 34
68	195	0.9	1	7 188
69	37	0.9	1	6 31
70	42	0.9	1	3 39
71	18	0.9	1	9 9
72	206	0.9	1	155 51
73	252	0.9	1	34 218
74	29	0.9	1	0 29
75	50	0.9	1	8 42
76	23	0.9	1	10 13


RUN STATISTICS FOR INPUT FILE: /home/lina/lung.chipseq.project/data/chipseq.12202020/igm-storage2.ucsd.edu/201220_K00180_1002_BHKG2YBBXY_SR75_Combo/25_9_RNA-1_S18_L007_R1_001.fastq.gz
=============================================
14444854 sequences processed in total
Sequences removed because they became shorter than the length cutoff of 20 bp:	2078 (0.0%)


  >>> Now running FastQC on the data <<<

perl: warning: Setting locale failed.
perl: warning: Please check that your locale settings:
	LANGUAGE = (unset),
	LC_ALL = (unset),
	LANG = "en_US.UTF-8"
    are supported and installed on your system.
perl: warning: Falling back to the standard locale ("C").
Picked up _JAVA_OPTIONS: -Djava.io.tmpdir=/home/lina/lung.chipseq.project/data/chipseq.12202020/process/UCSD.025-9-RNA/25_9_RNA-1//temporary/
Started analysis of 25_9_RNA-1_S18_L007_R1_001_trimmed.fq.gz
Approx 5% complete for 25_9_RNA-1_S18_L007_R1_001_trimmed.fq.gz
Approx 10% complete for 25_9_RNA-1_S18_L007_R1_001_trimmed.fq.gz
Approx 15% complete for 25_9_RNA-1_S18_L007_R1_001_trimmed.fq.gz
Approx 20% complete for 25_9_RNA-1_S18_L007_R1_001_trimmed.fq.gz
Approx 25% complete for 25_9_RNA-1_S18_L007_R1_001_trimmed.fq.gz
Approx 30% complete for 25_9_RNA-1_S18_L007_R1_001_trimmed.fq.gz
Approx 35% complete for 25_9_RNA-1_S18_L007_R1_001_trimmed.fq.gz
Approx 40% complete for 25_9_RNA-1_S18_L007_R1_001_trimmed.fq.gz
Approx 45% complete for 25_9_RNA-1_S18_L007_R1_001_trimmed.fq.gz
Approx 50% complete for 25_9_RNA-1_S18_L007_R1_001_trimmed.fq.gz
Approx 55% complete for 25_9_RNA-1_S18_L007_R1_001_trimmed.fq.gz
Approx 60% complete for 25_9_RNA-1_S18_L007_R1_001_trimmed.fq.gz
Approx 65% complete for 25_9_RNA-1_S18_L007_R1_001_trimmed.fq.gz
Approx 70% complete for 25_9_RNA-1_S18_L007_R1_001_trimmed.fq.gz
Approx 75% complete for 25_9_RNA-1_S18_L007_R1_001_trimmed.fq.gz
Approx 80% complete for 25_9_RNA-1_S18_L007_R1_001_trimmed.fq.gz
Approx 85% complete for 25_9_RNA-1_S18_L007_R1_001_trimmed.fq.gz
Approx 90% complete for 25_9_RNA-1_S18_L007_R1_001_trimmed.fq.gz
Approx 95% complete for 25_9_RNA-1_S18_L007_R1_001_trimmed.fq.gz
Java HotSpot(TM) 64-Bit Server VM warning: ignoring option MaxPermSize=1024m; support was removed in 8.0
Picked up _JAVA_OPTIONS: -Djava.io.tmpdir=/home/lina/lung.chipseq.project/data/chipseq.12202020/process/UCSD.025-9-RNA/25_9_RNA-1//temporary/

WARNING! The following chromosomes from reads are not found in annotations:
chr17_ctg5_hap1
chrUn_gl000220
chrUn_gl000221
chr6_cox_hap2
chrUn_gl000219
chr6_apd_hap1
chrUn_gl000215
chr19_gl000208_random
chrUn_gl000216
chrUn_gl000217
chr19_gl000209_random
chrUn_gl000218
chrUn_gl000211
chrUn_gl000212
chr8_gl000196_random
chr8_gl000197_random
chrUn_gl000213
chr4_ctg9_hap1
chrUn_gl000214
chrUn_gl000230
chrUn_gl000231
chrUn_gl000232
chr1_gl000192_random
chr4_gl000194_random
chr17_gl000205_random
chr17_gl000203_random
chrUn_gl000226
chrUn_gl000227
chrUn_gl000228
chr9_gl000201_random
chrUn_gl000229
chrUn_gl000222
chrUn_gl000223
chrUn_gl000224
chrUn_gl000225
chrUn_gl000240
chrUn_gl000241
chr6_dbb_hap3
chrUn_gl000242
chrUn_gl000243
chr9_gl000198_random
chr9_gl000199_random
chr6_qbl_hap6
chr6_mcf_hap5
chrUn_gl000237
chrUn_gl000238
chrUn_gl000239
chrUn_gl000233
chrUn_gl000234
chrUn_gl000235
chrUn_gl000236
chr7_gl000195_random
chr4_gl000193_random
chr1_gl000191_random
chr21_gl000210_random
chr6_ssto_hap7
chr6_mann_hap4
chr9_gl000200_random
chr17_gl000204_random
chr17_gl000206_random
chrUn_gl000248
chrUn_gl000249
chr11_gl000202_random
chrUn_gl000244
chrUn_gl000245
chrUn_gl000246
chrUn_gl000247

        ==========     _____ _    _ ____  _____  ______          _____  
        =====         / ____| |  | |  _ \|  __ \|  ____|   /\   |  __ \ 
          =====      | (___ | |  | | |_) | |__) | |__     /  \  | |  | |
            ====      \___ \| |  | |  _ <|  _  /|  __|   / /\ \ | |  | |
              ====    ____) | |__| | |_) | | \ \| |____ / ____ \| |__| |
        ==========   |_____/ \____/|____/|_|  \_\______/_/    \_\_____/
	  v1.6.0

//========================== featureCounts setting ===========================\\
||                                                                            ||
||             Input files : 1 BAM file                                       ||
||                           S /home/lina/lung.chipseq.project/data/chips ... ||
||                                                                            ||
||             Output file : /home/lina/lung.chipseq.project/data/chipseq ... ||
||                 Summary : /home/lina/lung.chipseq.project/data/chipseq ... ||
||              Annotation : /home/lina/star.reference/hg19.gtf.gff/genco ... ||
||      Dir for temp files : /home/lina/lung.chipseq.project/data/chipseq ... ||
||                                                                            ||
||                 Threads : 10                                               ||
||                   Level : meta-feature level                               ||
||              Paired-end : no                                               ||
||         Strand specific : no                                               ||
||      Multimapping reads : not counted                                      ||
|| Multi-overlapping reads : counted                                          ||
||   Min overlapping bases : 1                                                ||
||                                                                            ||
\\===================== http://subread.sourceforge.net/ ======================//

//================================= Running ==================================\\
||                                                                            ||
|| Load annotation file /home/lina/star.reference/hg19.gtf.gff/gencode.v1 ... ||
||    Features : 1196293                                                      ||
||    Meta-features : 55765                                                   ||
||    Chromosomes/contigs : 25                                                ||
||                                                                            ||
|| Process BAM file /home/lina/lung.chipseq.project/data/chipseq.12202020 ... ||
||    Single-end reads are included.                                          ||
||    Assign reads to features...                                             ||
||    Total reads : 25178156                                                  ||
||    Successfully assigned reads : 4861264 (19.3%)                           ||
||    Running time : 0.86 minutes                                             ||
||                                                                            ||
||                         Read assignment finished.                          ||
||                                                                            ||
|| Summary of counting results can be found in file "/home/lina/lung.chipseq  ||
|| .project/data/chipseq.12202020/process/UCSD.025-9-RNA/25_9_RNA-1//count/2  ||
|| 5_9_RNA-1.outputfile.summary"                                              ||
||                                                                            ||
\\===================== http://subread.sourceforge.net/ ======================//

