perl: warning: Setting locale failed.
perl: warning: Please check that your locale settings:
	LANGUAGE = (unset),
	LC_ALL = (unset),
	LANG = "en_US.UTF-8"
    are supported and installed on your system.
perl: warning: Falling back to the standard locale ("C").
Picked up _JAVA_OPTIONS: -Djava.io.tmpdir=/home/lina/lung.chipseq.project/data/chipseq.03252021/process/UCSD.025-12-RNA/25_12-RNA-2//temporary/
Started analysis of 25_12_RNA-2_S30_L004_R1_001.fastq.gz
Approx 5% complete for 25_12_RNA-2_S30_L004_R1_001.fastq.gz
Approx 10% complete for 25_12_RNA-2_S30_L004_R1_001.fastq.gz
Approx 15% complete for 25_12_RNA-2_S30_L004_R1_001.fastq.gz
Approx 20% complete for 25_12_RNA-2_S30_L004_R1_001.fastq.gz
Approx 25% complete for 25_12_RNA-2_S30_L004_R1_001.fastq.gz
Approx 30% complete for 25_12_RNA-2_S30_L004_R1_001.fastq.gz
Approx 35% complete for 25_12_RNA-2_S30_L004_R1_001.fastq.gz
Approx 40% complete for 25_12_RNA-2_S30_L004_R1_001.fastq.gz
Approx 45% complete for 25_12_RNA-2_S30_L004_R1_001.fastq.gz
Approx 50% complete for 25_12_RNA-2_S30_L004_R1_001.fastq.gz
Approx 55% complete for 25_12_RNA-2_S30_L004_R1_001.fastq.gz
Approx 60% complete for 25_12_RNA-2_S30_L004_R1_001.fastq.gz
Approx 65% complete for 25_12_RNA-2_S30_L004_R1_001.fastq.gz
Approx 70% complete for 25_12_RNA-2_S30_L004_R1_001.fastq.gz
Approx 75% complete for 25_12_RNA-2_S30_L004_R1_001.fastq.gz
Approx 80% complete for 25_12_RNA-2_S30_L004_R1_001.fastq.gz
Approx 85% complete for 25_12_RNA-2_S30_L004_R1_001.fastq.gz
Approx 90% complete for 25_12_RNA-2_S30_L004_R1_001.fastq.gz
Approx 95% complete for 25_12_RNA-2_S30_L004_R1_001.fastq.gz
perl: warning: Setting locale failed.
perl: warning: Please check that your locale settings:
	LANGUAGE = (unset),
	LC_ALL = (unset),
	LANG = "en_US.UTF-8"
    are supported and installed on your system.
perl: warning: Falling back to the standard locale ("C").
No quality encoding type selected. Assuming that the data provided uses Sanger encoded Phred scores (default)

Path to Cutadapt set as: 'cutadapt' (default)
Cutadapt seems to be working fine (tested command 'cutadapt --version')


AUTO-DETECTING ADAPTER TYPE
===========================
Attempting to auto-detect adapter type from the first 1 million sequences of the first file (>> /home/lina/lung.chipseq.project/data/chipseq.03252021/igm-storage2.ucsd.edu/210320_K00180_1016_AHKHHLBBXY_SR75_Combo/25_12_RNA-2_S30_L004_R1_001.fastq.gz <<)

Found perfect matches for the following adapter sequences:
Adapter type	Count	Sequence	Sequences analysed	Percentage
Nextera	5132	CTGTCTCTTATA	1000000	0.51
smallRNA	0	TGGAATTCTCGG	1000000	0.00
Illumina	0	AGATCGGAAGAGC	1000000	0.00
Using Nextera adapter for trimming (count: 5132). Second best hit was smallRNA (count: 0)

Writing report to '/home/lina/lung.chipseq.project/data/chipseq.03252021/process/UCSD.025-12-RNA/25_12-RNA-2//fastqc_trim_results/25_12_RNA-2_S30_L004_R1_001.fastq.gz_trimming_report.txt'

SUMMARISING RUN PARAMETERS
==========================
Input filename: /home/lina/lung.chipseq.project/data/chipseq.03252021/igm-storage2.ucsd.edu/210320_K00180_1016_AHKHHLBBXY_SR75_Combo/25_12_RNA-2_S30_L004_R1_001.fastq.gz
Trimming mode: single-end
Trim Galore version: 0.5.0
Cutadapt version: 1.18
Quality Phred score cutoff: 20
Quality encoding type selected: ASCII+33
Adapter sequence: 'CTGTCTCTTATA' (Nextera Transposase sequence; auto-detected)
Maximum trimming error rate: 0.1 (default)
Minimum required adapter overlap (stringency): 5 bp
Minimum required sequence length before a sequence gets removed: 20 bp
Running FastQC on the data once trimming has completed
Output file(s) will be GZIP compressed

Writing final adapter and quality trimmed output to 25_12_RNA-2_S30_L004_R1_001_trimmed.fq.gz


  >>> Now performing quality (cutoff 20) and adapter trimming in a single pass for the adapter sequence: 'CTGTCTCTTATA' from file /home/lina/lung.chipseq.project/data/chipseq.03252021/igm-storage2.ucsd.edu/210320_K00180_1016_AHKHHLBBXY_SR75_Combo/25_12_RNA-2_S30_L004_R1_001.fastq.gz <<< 
10000000 sequences processed
This is cutadapt 1.18 with Python 3.7.7
Command line parameters: -f fastq -e 0.1 -q 20 -O 5 -a CTGTCTCTTATA /home/lina/lung.chipseq.project/data/chipseq.03252021/igm-storage2.ucsd.edu/210320_K00180_1016_AHKHHLBBXY_SR75_Combo/25_12_RNA-2_S30_L004_R1_001.fastq.gz
Processing reads on 1 core in single-end mode ...
Finished in 526.09 s (33 us/read; 1.79 M reads/minute).

=== Summary ===

Total reads processed:              15,715,543
Reads with adapters:                   191,861 (1.2%)
Reads written (passing filters):    15,715,543 (100.0%)

Total basepairs processed: 1,194,381,268 bp
Quality-trimmed:              12,504,467 bp (1.0%)
Total written (filtered):  1,178,932,349 bp (98.7%)

=== Adapter 1 ===

Sequence: CTGTCTCTTATA; Type: regular 3'; Length: 12; Trimmed: 191861 times.

No. of allowed errors:
0-9 bp: 0; 10-12 bp: 1

Bases preceding removed adapters:
  A: 10.2%
  C: 48.7%
  G: 25.4%
  T: 15.8%
  none/other: 0.0%

Overview of removed sequences
length	count	expect	max.err	error counts
5	40894	15347.2	0	40894
6	4020	3836.8	0	4020
7	19438	959.2	0	19438
8	2076	239.8	0	2076
9	8542	60.0	0	8194 348
10	11911	15.0	1	10151 1760
11	4156	3.7	1	3663 493
12	7721	0.9	1	6929 792
13	9540	0.9	1	8497 1043
14	3747	0.9	1	3414 333
15	9243	0.9	1	8415 828
16	6910	0.9	1	6333 577
17	2462	0.9	1	2165 297
18	9304	0.9	1	8647 657
19	1154	0.9	1	1026 128
20	4519	0.9	1	4154 365
21	6422	0.9	1	5898 524
22	3478	0.9	1	2981 497
23	3467	0.9	1	3127 340
24	2297	0.9	1	2110 187
25	2431	0.9	1	2213 218
26	2896	0.9	1	2551 345
27	4233	0.9	1	3902 331
28	1204	0.9	1	1055 149
29	3393	0.9	1	3159 234
30	998	0.9	1	840 158
31	1451	0.9	1	1313 138
32	848	0.9	1	738 110
33	1184	0.9	1	902 282
34	857	0.9	1	739 118
35	507	0.9	1	372 135
36	921	0.9	1	788 133
37	263	0.9	1	106 157
38	515	0.9	1	375 140
39	97	0.9	1	16 81
40	286	0.9	1	130 156
41	160	0.9	1	78 82
42	194	0.9	1	5 189
43	195	0.9	1	31 164
44	140	0.9	1	3 137
45	171	0.9	1	9 162
46	71	0.9	1	3 68
47	94	0.9	1	6 88
48	234	0.9	1	5 229
49	199	0.9	1	4 195
50	1306	0.9	1	6 1300
51	147	0.9	1	5 142
52	94	0.9	1	4 90
53	428	0.9	1	7 421
54	75	0.9	1	6 69
55	305	0.9	1	5 300
56	167	0.9	1	1 166
57	264	0.9	1	5 259
58	136	0.9	1	2 134
59	931	0.9	1	5 926
60	276	0.9	1	2 274
61	174	0.9	1	2 172
62	222	0.9	1	5 217
63	321	0.9	1	6 315
64	81	0.9	1	0 81
65	112	0.9	1	1 111
66	194	0.9	1	7 187
67	145	0.9	1	14 131
68	400	0.9	1	7 393
69	43	0.9	1	5 38
70	104	0.9	1	7 97
71	63	0.9	1	11 52
72	516	0.9	1	227 289
73	325	0.9	1	22 303
74	55	0.9	1	3 52
75	114	0.9	1	7 107
76	20	0.9	1	7 13


RUN STATISTICS FOR INPUT FILE: /home/lina/lung.chipseq.project/data/chipseq.03252021/igm-storage2.ucsd.edu/210320_K00180_1016_AHKHHLBBXY_SR75_Combo/25_12_RNA-2_S30_L004_R1_001.fastq.gz
=============================================
15715543 sequences processed in total
Sequences removed because they became shorter than the length cutoff of 20 bp:	4813 (0.0%)


  >>> Now running FastQC on the data <<<

perl: warning: Setting locale failed.
perl: warning: Please check that your locale settings:
	LANGUAGE = (unset),
	LC_ALL = (unset),
	LANG = "en_US.UTF-8"
    are supported and installed on your system.
perl: warning: Falling back to the standard locale ("C").
Picked up _JAVA_OPTIONS: -Djava.io.tmpdir=/home/lina/lung.chipseq.project/data/chipseq.03252021/process/UCSD.025-12-RNA/25_12-RNA-2//temporary/
Started analysis of 25_12_RNA-2_S30_L004_R1_001_trimmed.fq.gz
Approx 5% complete for 25_12_RNA-2_S30_L004_R1_001_trimmed.fq.gz
Approx 10% complete for 25_12_RNA-2_S30_L004_R1_001_trimmed.fq.gz
Approx 15% complete for 25_12_RNA-2_S30_L004_R1_001_trimmed.fq.gz
Approx 20% complete for 25_12_RNA-2_S30_L004_R1_001_trimmed.fq.gz
Approx 25% complete for 25_12_RNA-2_S30_L004_R1_001_trimmed.fq.gz
Approx 30% complete for 25_12_RNA-2_S30_L004_R1_001_trimmed.fq.gz
Approx 35% complete for 25_12_RNA-2_S30_L004_R1_001_trimmed.fq.gz
Approx 40% complete for 25_12_RNA-2_S30_L004_R1_001_trimmed.fq.gz
Approx 45% complete for 25_12_RNA-2_S30_L004_R1_001_trimmed.fq.gz
Approx 50% complete for 25_12_RNA-2_S30_L004_R1_001_trimmed.fq.gz
Approx 55% complete for 25_12_RNA-2_S30_L004_R1_001_trimmed.fq.gz
Approx 60% complete for 25_12_RNA-2_S30_L004_R1_001_trimmed.fq.gz
Approx 65% complete for 25_12_RNA-2_S30_L004_R1_001_trimmed.fq.gz
Approx 70% complete for 25_12_RNA-2_S30_L004_R1_001_trimmed.fq.gz
Approx 75% complete for 25_12_RNA-2_S30_L004_R1_001_trimmed.fq.gz
Approx 80% complete for 25_12_RNA-2_S30_L004_R1_001_trimmed.fq.gz
Approx 85% complete for 25_12_RNA-2_S30_L004_R1_001_trimmed.fq.gz
Approx 90% complete for 25_12_RNA-2_S30_L004_R1_001_trimmed.fq.gz
Approx 95% complete for 25_12_RNA-2_S30_L004_R1_001_trimmed.fq.gz
Java HotSpot(TM) 64-Bit Server VM warning: ignoring option MaxPermSize=1024m; support was removed in 8.0
Picked up _JAVA_OPTIONS: -Djava.io.tmpdir=/home/lina/lung.chipseq.project/data/chipseq.03252021/process/UCSD.025-12-RNA/25_12-RNA-2//temporary/

WARNING! The following chromosomes from reads are not found in annotations:
chr17_ctg5_hap1
chrUn_gl000220
chrUn_gl000221
chr6_cox_hap2
chrUn_gl000219
chr6_apd_hap1
chrUn_gl000215
chr19_gl000208_random
chrUn_gl000216
chrUn_gl000217
chr19_gl000209_random
chrUn_gl000218
chrUn_gl000211
chrUn_gl000212
chr8_gl000196_random
chr8_gl000197_random
chrUn_gl000213
chr4_ctg9_hap1
chrUn_gl000214
chrUn_gl000230
chrUn_gl000231
chrUn_gl000232
chr1_gl000192_random
chr4_gl000194_random
chr17_gl000205_random
chr17_gl000203_random
chrUn_gl000226
chrUn_gl000227
chrUn_gl000228
chr9_gl000201_random
chrUn_gl000229
chrUn_gl000222
chrUn_gl000223
chrUn_gl000224
chrUn_gl000225
chrUn_gl000240
chrUn_gl000241
chr6_dbb_hap3
chrUn_gl000242
chrUn_gl000243
chr9_gl000198_random
chr9_gl000199_random
chr6_qbl_hap6
chr6_mcf_hap5
chrUn_gl000237
chrUn_gl000238
chrUn_gl000239
chrUn_gl000233
chrUn_gl000234
chrUn_gl000235
chrUn_gl000236
chr7_gl000195_random
chr4_gl000193_random
chr1_gl000191_random
chr6_ssto_hap7
chr6_mann_hap4
chr9_gl000200_random
chr17_gl000204_random
chr17_gl000206_random
chrUn_gl000248
chrUn_gl000249
chr11_gl000202_random
chrUn_gl000244
chrUn_gl000245
chrUn_gl000246
chrUn_gl000247

        ==========     _____ _    _ ____  _____  ______          _____  
        =====         / ____| |  | |  _ \|  __ \|  ____|   /\   |  __ \ 
          =====      | (___ | |  | | |_) | |__) | |__     /  \  | |  | |
            ====      \___ \| |  | |  _ <|  _  /|  __|   / /\ \ | |  | |
              ====    ____) | |__| | |_) | | \ \| |____ / ____ \| |__| |
        ==========   |_____/ \____/|____/|_|  \_\______/_/    \_\_____/
	  v1.6.0

//========================== featureCounts setting ===========================\\
||                                                                            ||
||             Input files : 1 BAM file                                       ||
||                           S /home/lina/lung.chipseq.project/data/chips ... ||
||                                                                            ||
||             Output file : /home/lina/lung.chipseq.project/data/chipseq ... ||
||                 Summary : /home/lina/lung.chipseq.project/data/chipseq ... ||
||              Annotation : /home/lina/star.reference/hg19.gtf.gff/genco ... ||
||      Dir for temp files : /home/lina/lung.chipseq.project/data/chipseq ... ||
||                                                                            ||
||                 Threads : 10                                               ||
||                   Level : meta-feature level                               ||
||              Paired-end : no                                               ||
||         Strand specific : no                                               ||
||      Multimapping reads : not counted                                      ||
|| Multi-overlapping reads : counted                                          ||
||   Min overlapping bases : 1                                                ||
||                                                                            ||
\\===================== http://subread.sourceforge.net/ ======================//

//================================= Running ==================================\\
||                                                                            ||
|| Load annotation file /home/lina/star.reference/hg19.gtf.gff/gencode.v1 ... ||
||    Features : 1196293                                                      ||
||    Meta-features : 55765                                                   ||
||    Chromosomes/contigs : 25                                                ||
||                                                                            ||
|| Process BAM file /home/lina/lung.chipseq.project/data/chipseq.03252021 ... ||
||    Single-end reads are included.                                          ||
||    Assign reads to features...                                             ||
||    Total reads : 19837104                                                  ||
||    Successfully assigned reads : 11736561 (59.2%)                          ||
||    Running time : 0.93 minutes                                             ||
||                                                                            ||
||                         Read assignment finished.                          ||
||                                                                            ||
|| Summary of counting results can be found in file "/home/lina/lung.chipseq  ||
|| .project/data/chipseq.03252021/process/UCSD.025-12-RNA/25_12-RNA-2//count  ||
|| /25_12-RNA-2.outputfile.summary"                                           ||
||                                                                            ||
\\===================== http://subread.sourceforge.net/ ======================//

