perl: warning: Setting locale failed.
perl: warning: Please check that your locale settings:
	LANGUAGE = (unset),
	LC_ALL = (unset),
	LANG = "en_US.UTF-8"
    are supported and installed on your system.
perl: warning: Falling back to the standard locale ("C").
Picked up _JAVA_OPTIONS: -Djava.io.tmpdir=/home/lina/lung.chipseq.project/data/chipseq.12202020/process/UCSD.025-9-RNA/25_9_RNA-2//temporary/
Started analysis of 25_9_RNA-2_S19_L007_R1_001.fastq.gz
Approx 5% complete for 25_9_RNA-2_S19_L007_R1_001.fastq.gz
Approx 10% complete for 25_9_RNA-2_S19_L007_R1_001.fastq.gz
Approx 15% complete for 25_9_RNA-2_S19_L007_R1_001.fastq.gz
Approx 20% complete for 25_9_RNA-2_S19_L007_R1_001.fastq.gz
Approx 25% complete for 25_9_RNA-2_S19_L007_R1_001.fastq.gz
Approx 30% complete for 25_9_RNA-2_S19_L007_R1_001.fastq.gz
Approx 35% complete for 25_9_RNA-2_S19_L007_R1_001.fastq.gz
Approx 40% complete for 25_9_RNA-2_S19_L007_R1_001.fastq.gz
Approx 45% complete for 25_9_RNA-2_S19_L007_R1_001.fastq.gz
Approx 50% complete for 25_9_RNA-2_S19_L007_R1_001.fastq.gz
Approx 55% complete for 25_9_RNA-2_S19_L007_R1_001.fastq.gz
Approx 60% complete for 25_9_RNA-2_S19_L007_R1_001.fastq.gz
Approx 65% complete for 25_9_RNA-2_S19_L007_R1_001.fastq.gz
Approx 70% complete for 25_9_RNA-2_S19_L007_R1_001.fastq.gz
Approx 75% complete for 25_9_RNA-2_S19_L007_R1_001.fastq.gz
Approx 80% complete for 25_9_RNA-2_S19_L007_R1_001.fastq.gz
Approx 85% complete for 25_9_RNA-2_S19_L007_R1_001.fastq.gz
Approx 90% complete for 25_9_RNA-2_S19_L007_R1_001.fastq.gz
Approx 95% complete for 25_9_RNA-2_S19_L007_R1_001.fastq.gz
perl: warning: Setting locale failed.
perl: warning: Please check that your locale settings:
	LANGUAGE = (unset),
	LC_ALL = (unset),
	LANG = "en_US.UTF-8"
    are supported and installed on your system.
perl: warning: Falling back to the standard locale ("C").
No quality encoding type selected. Assuming that the data provided uses Sanger encoded Phred scores (default)

Path to Cutadapt set as: 'cutadapt' (default)
Cutadapt seems to be working fine (tested command 'cutadapt --version')


AUTO-DETECTING ADAPTER TYPE
===========================
Attempting to auto-detect adapter type from the first 1 million sequences of the first file (>> /home/lina/lung.chipseq.project/data/chipseq.12202020/igm-storage2.ucsd.edu/201220_K00180_1002_BHKG2YBBXY_SR75_Combo/25_9_RNA-2_S19_L007_R1_001.fastq.gz <<)

Found perfect matches for the following adapter sequences:
Adapter type	Count	Sequence	Sequences analysed	Percentage
Nextera	7815	CTGTCTCTTATA	1000000	0.78
smallRNA	0	TGGAATTCTCGG	1000000	0.00
Illumina	0	AGATCGGAAGAGC	1000000	0.00
Using Nextera adapter for trimming (count: 7815). Second best hit was smallRNA (count: 0)

Writing report to '/home/lina/lung.chipseq.project/data/chipseq.12202020/process/UCSD.025-9-RNA/25_9_RNA-2//fastqc_trim_results/25_9_RNA-2_S19_L007_R1_001.fastq.gz_trimming_report.txt'

SUMMARISING RUN PARAMETERS
==========================
Input filename: /home/lina/lung.chipseq.project/data/chipseq.12202020/igm-storage2.ucsd.edu/201220_K00180_1002_BHKG2YBBXY_SR75_Combo/25_9_RNA-2_S19_L007_R1_001.fastq.gz
Trimming mode: single-end
Trim Galore version: 0.5.0
Cutadapt version: 1.18
Quality Phred score cutoff: 20
Quality encoding type selected: ASCII+33
Adapter sequence: 'CTGTCTCTTATA' (Nextera Transposase sequence; auto-detected)
Maximum trimming error rate: 0.1 (default)
Minimum required adapter overlap (stringency): 5 bp
Minimum required sequence length before a sequence gets removed: 20 bp
Running FastQC on the data once trimming has completed
Output file(s) will be GZIP compressed

Writing final adapter and quality trimmed output to 25_9_RNA-2_S19_L007_R1_001_trimmed.fq.gz


  >>> Now performing quality (cutoff 20) and adapter trimming in a single pass for the adapter sequence: 'CTGTCTCTTATA' from file /home/lina/lung.chipseq.project/data/chipseq.12202020/igm-storage2.ucsd.edu/201220_K00180_1002_BHKG2YBBXY_SR75_Combo/25_9_RNA-2_S19_L007_R1_001.fastq.gz <<< 
10000000 sequences processed
This is cutadapt 1.18 with Python 3.7.7
Command line parameters: -f fastq -e 0.1 -q 20 -O 5 -a CTGTCTCTTATA /home/lina/lung.chipseq.project/data/chipseq.12202020/igm-storage2.ucsd.edu/201220_K00180_1002_BHKG2YBBXY_SR75_Combo/25_9_RNA-2_S19_L007_R1_001.fastq.gz
Processing reads on 1 core in single-end mode ...
Finished in 284.42 s (22 us/read; 2.68 M reads/minute).

=== Summary ===

Total reads processed:              12,710,258
Reads with adapters:                   199,899 (1.6%)
Reads written (passing filters):    12,710,258 (100.0%)

Total basepairs processed:   965,979,608 bp
Quality-trimmed:               1,036,371 bp (0.1%)
Total written (filtered):    961,786,359 bp (99.6%)

=== Adapter 1 ===

Sequence: CTGTCTCTTATA; Type: regular 3'; Length: 12; Trimmed: 199899 times.

No. of allowed errors:
0-9 bp: 0; 10-12 bp: 1

Bases preceding removed adapters:
  A: 8.6%
  C: 51.7%
  G: 25.0%
  T: 14.6%
  none/other: 0.0%

Overview of removed sequences
length	count	expect	max.err	error counts
5	25543	12412.4	0	25543
6	12468	3103.1	0	12468
7	11163	775.8	0	11163
8	9566	193.9	0	9566
9	8843	48.5	0	8683 160
10	9223	12.1	1	8598 625
11	8186	3.0	1	7868 318
12	8430	0.8	1	8159 271
13	6940	0.8	1	6685 255
14	6964	0.8	1	6794 170
15	6846	0.8	1	6710 136
16	6614	0.8	1	6459 155
17	6715	0.8	1	6512 203
18	6143	0.8	1	5983 160
19	6371	0.8	1	6236 135
20	6131	0.8	1	6001 130
21	5280	0.8	1	5164 116
22	4833	0.8	1	4664 169
23	4533	0.8	1	4422 111
24	4086	0.8	1	3966 120
25	3612	0.8	1	3521 91
26	3919	0.8	1	3786 133
27	3311	0.8	1	3182 129
28	3123	0.8	1	3020 103
29	2807	0.8	1	2727 80
30	2905	0.8	1	2803 102
31	2560	0.8	1	2489 71
32	2140	0.8	1	2059 81
33	1683	0.8	1	1583 100
34	1198	0.8	1	1130 68
35	880	0.8	1	792 88
36	915	0.8	1	879 36
37	680	0.8	1	648 32
38	525	0.8	1	471 54
39	386	0.8	1	346 40
40	394	0.8	1	345 49
41	216	0.8	1	182 34
42	134	0.8	1	71 63
43	194	0.8	1	69 125
44	76	0.8	1	22 54
45	83	0.8	1	36 47
46	71	0.8	1	18 53
47	44	0.8	1	9 35
48	110	0.8	1	13 97
49	73	0.8	1	13 60
50	285	0.8	1	19 266
51	101	0.8	1	18 83
52	71	0.8	1	19 52
53	159	0.8	1	24 135
54	58	0.8	1	8 50
55	115	0.8	1	15 100
56	58	0.8	1	13 45
57	42	0.8	1	13 29
58	97	0.8	1	9 88
59	59	0.8	1	5 54
60	293	0.8	1	8 285
61	63	0.8	1	9 54
62	63	0.8	1	12 51
63	150	0.8	1	7 143
64	61	0.8	1	5 56
65	36	0.8	1	3 33
66	115	0.8	1	9 106
67	73	0.8	1	34 39
68	163	0.8	1	4 159
69	44	0.8	1	16 28
70	40	0.8	1	9 31
71	20	0.8	1	13 7
72	414	0.8	1	383 31
73	247	0.8	1	46 201
74	38	0.8	1	0 38
75	66	0.8	1	17 49
76	51	0.8	1	27 24


RUN STATISTICS FOR INPUT FILE: /home/lina/lung.chipseq.project/data/chipseq.12202020/igm-storage2.ucsd.edu/201220_K00180_1002_BHKG2YBBXY_SR75_Combo/25_9_RNA-2_S19_L007_R1_001.fastq.gz
=============================================
12710258 sequences processed in total
Sequences removed because they became shorter than the length cutoff of 20 bp:	2255 (0.0%)


  >>> Now running FastQC on the data <<<

perl: warning: Setting locale failed.
perl: warning: Please check that your locale settings:
	LANGUAGE = (unset),
	LC_ALL = (unset),
	LANG = "en_US.UTF-8"
    are supported and installed on your system.
perl: warning: Falling back to the standard locale ("C").
Picked up _JAVA_OPTIONS: -Djava.io.tmpdir=/home/lina/lung.chipseq.project/data/chipseq.12202020/process/UCSD.025-9-RNA/25_9_RNA-2//temporary/
Started analysis of 25_9_RNA-2_S19_L007_R1_001_trimmed.fq.gz
Approx 5% complete for 25_9_RNA-2_S19_L007_R1_001_trimmed.fq.gz
Approx 10% complete for 25_9_RNA-2_S19_L007_R1_001_trimmed.fq.gz
Approx 15% complete for 25_9_RNA-2_S19_L007_R1_001_trimmed.fq.gz
Approx 20% complete for 25_9_RNA-2_S19_L007_R1_001_trimmed.fq.gz
Approx 25% complete for 25_9_RNA-2_S19_L007_R1_001_trimmed.fq.gz
Approx 30% complete for 25_9_RNA-2_S19_L007_R1_001_trimmed.fq.gz
Approx 35% complete for 25_9_RNA-2_S19_L007_R1_001_trimmed.fq.gz
Approx 40% complete for 25_9_RNA-2_S19_L007_R1_001_trimmed.fq.gz
Approx 45% complete for 25_9_RNA-2_S19_L007_R1_001_trimmed.fq.gz
Approx 50% complete for 25_9_RNA-2_S19_L007_R1_001_trimmed.fq.gz
Approx 55% complete for 25_9_RNA-2_S19_L007_R1_001_trimmed.fq.gz
Approx 60% complete for 25_9_RNA-2_S19_L007_R1_001_trimmed.fq.gz
Approx 65% complete for 25_9_RNA-2_S19_L007_R1_001_trimmed.fq.gz
Approx 70% complete for 25_9_RNA-2_S19_L007_R1_001_trimmed.fq.gz
Approx 75% complete for 25_9_RNA-2_S19_L007_R1_001_trimmed.fq.gz
Approx 80% complete for 25_9_RNA-2_S19_L007_R1_001_trimmed.fq.gz
Approx 85% complete for 25_9_RNA-2_S19_L007_R1_001_trimmed.fq.gz
Approx 90% complete for 25_9_RNA-2_S19_L007_R1_001_trimmed.fq.gz
Approx 95% complete for 25_9_RNA-2_S19_L007_R1_001_trimmed.fq.gz
Approx 100% complete for 25_9_RNA-2_S19_L007_R1_001_trimmed.fq.gz
Java HotSpot(TM) 64-Bit Server VM warning: ignoring option MaxPermSize=1024m; support was removed in 8.0
Picked up _JAVA_OPTIONS: -Djava.io.tmpdir=/home/lina/lung.chipseq.project/data/chipseq.12202020/process/UCSD.025-9-RNA/25_9_RNA-2//temporary/

WARNING! The following chromosomes from reads are not found in annotations:
chr17_ctg5_hap1
chrUn_gl000220
chrUn_gl000221
chr6_cox_hap2
chrUn_gl000219
chr6_apd_hap1
chrUn_gl000215
chr19_gl000208_random
chrUn_gl000216
chrUn_gl000217
chr19_gl000209_random
chrUn_gl000218
chrUn_gl000211
chrUn_gl000212
chr8_gl000196_random
chr8_gl000197_random
chrUn_gl000213
chr4_ctg9_hap1
chrUn_gl000214
chrUn_gl000230
chrUn_gl000231
chrUn_gl000232
chr1_gl000192_random
chr4_gl000194_random
chr17_gl000205_random
chr17_gl000203_random
chrUn_gl000226
chrUn_gl000227
chrUn_gl000228
chr9_gl000201_random
chrUn_gl000229
chrUn_gl000222
chrUn_gl000223
chrUn_gl000224
chrUn_gl000225
chrUn_gl000240
chrUn_gl000241
chr6_dbb_hap3
chrUn_gl000242
chrUn_gl000243
chr9_gl000198_random
chr9_gl000199_random
chr6_qbl_hap6
chr6_mcf_hap5
chrUn_gl000237
chrUn_gl000238
chrUn_gl000239
chrUn_gl000233
chrUn_gl000234
chrUn_gl000235
chrUn_gl000236
chr7_gl000195_random
chr4_gl000193_random
chr1_gl000191_random
chr21_gl000210_random
chr6_ssto_hap7
chr6_mann_hap4
chr9_gl000200_random
chr17_gl000206_random
chrUn_gl000248
chrUn_gl000249
chrUn_gl000244
chrUn_gl000246
chrUn_gl000247

        ==========     _____ _    _ ____  _____  ______          _____  
        =====         / ____| |  | |  _ \|  __ \|  ____|   /\   |  __ \ 
          =====      | (___ | |  | | |_) | |__) | |__     /  \  | |  | |
            ====      \___ \| |  | |  _ <|  _  /|  __|   / /\ \ | |  | |
              ====    ____) | |__| | |_) | | \ \| |____ / ____ \| |__| |
        ==========   |_____/ \____/|____/|_|  \_\______/_/    \_\_____/
	  v1.6.0

//========================== featureCounts setting ===========================\\
||                                                                            ||
||             Input files : 1 BAM file                                       ||
||                           S /home/lina/lung.chipseq.project/data/chips ... ||
||                                                                            ||
||             Output file : /home/lina/lung.chipseq.project/data/chipseq ... ||
||                 Summary : /home/lina/lung.chipseq.project/data/chipseq ... ||
||              Annotation : /home/lina/star.reference/hg19.gtf.gff/genco ... ||
||      Dir for temp files : /home/lina/lung.chipseq.project/data/chipseq ... ||
||                                                                            ||
||                 Threads : 10                                               ||
||                   Level : meta-feature level                               ||
||              Paired-end : no                                               ||
||         Strand specific : no                                               ||
||      Multimapping reads : not counted                                      ||
|| Multi-overlapping reads : counted                                          ||
||   Min overlapping bases : 1                                                ||
||                                                                            ||
\\===================== http://subread.sourceforge.net/ ======================//

//================================= Running ==================================\\
||                                                                            ||
|| Load annotation file /home/lina/star.reference/hg19.gtf.gff/gencode.v1 ... ||
||    Features : 1196293                                                      ||
||    Meta-features : 55765                                                   ||
||    Chromosomes/contigs : 25                                                ||
||                                                                            ||
|| Process BAM file /home/lina/lung.chipseq.project/data/chipseq.12202020 ... ||
||    Single-end reads are included.                                          ||
||    Assign reads to features...                                             ||
||    Total reads : 20993647                                                  ||
||    Successfully assigned reads : 4985275 (23.7%)                           ||
||    Running time : 0.58 minutes                                             ||
||                                                                            ||
||                         Read assignment finished.                          ||
||                                                                            ||
|| Summary of counting results can be found in file "/home/lina/lung.chipseq  ||
|| .project/data/chipseq.12202020/process/UCSD.025-9-RNA/25_9_RNA-2//count/2  ||
|| 5_9_RNA-2.outputfile.summary"                                              ||
||                                                                            ||
\\===================== http://subread.sourceforge.net/ ======================//

