perl: warning: Setting locale failed.
perl: warning: Please check that your locale settings:
	LANGUAGE = (unset),
	LC_ALL = (unset),
	LANG = "en_US.UTF-8"
    are supported and installed on your system.
perl: warning: Falling back to the standard locale ("C").
Picked up _JAVA_OPTIONS: -Djava.io.tmpdir=/home/lina/lung.chipseq.project/data/chipseq.03252021/process/UCSD.025-27-RNA/25_27-RNA-2//temporary/
Started analysis of 25_27_RNA-2_S50_L005_R1_001.fastq.gz
Approx 5% complete for 25_27_RNA-2_S50_L005_R1_001.fastq.gz
Approx 10% complete for 25_27_RNA-2_S50_L005_R1_001.fastq.gz
Approx 15% complete for 25_27_RNA-2_S50_L005_R1_001.fastq.gz
Approx 20% complete for 25_27_RNA-2_S50_L005_R1_001.fastq.gz
Approx 25% complete for 25_27_RNA-2_S50_L005_R1_001.fastq.gz
Approx 30% complete for 25_27_RNA-2_S50_L005_R1_001.fastq.gz
Approx 35% complete for 25_27_RNA-2_S50_L005_R1_001.fastq.gz
Approx 40% complete for 25_27_RNA-2_S50_L005_R1_001.fastq.gz
Approx 45% complete for 25_27_RNA-2_S50_L005_R1_001.fastq.gz
Approx 50% complete for 25_27_RNA-2_S50_L005_R1_001.fastq.gz
Approx 55% complete for 25_27_RNA-2_S50_L005_R1_001.fastq.gz
Approx 60% complete for 25_27_RNA-2_S50_L005_R1_001.fastq.gz
Approx 65% complete for 25_27_RNA-2_S50_L005_R1_001.fastq.gz
Approx 70% complete for 25_27_RNA-2_S50_L005_R1_001.fastq.gz
Approx 75% complete for 25_27_RNA-2_S50_L005_R1_001.fastq.gz
Approx 80% complete for 25_27_RNA-2_S50_L005_R1_001.fastq.gz
Approx 85% complete for 25_27_RNA-2_S50_L005_R1_001.fastq.gz
Approx 90% complete for 25_27_RNA-2_S50_L005_R1_001.fastq.gz
Approx 95% complete for 25_27_RNA-2_S50_L005_R1_001.fastq.gz
perl: warning: Setting locale failed.
perl: warning: Please check that your locale settings:
	LANGUAGE = (unset),
	LC_ALL = (unset),
	LANG = "en_US.UTF-8"
    are supported and installed on your system.
perl: warning: Falling back to the standard locale ("C").
No quality encoding type selected. Assuming that the data provided uses Sanger encoded Phred scores (default)

Path to Cutadapt set as: 'cutadapt' (default)
Cutadapt seems to be working fine (tested command 'cutadapt --version')


AUTO-DETECTING ADAPTER TYPE
===========================
Attempting to auto-detect adapter type from the first 1 million sequences of the first file (>> /home/lina/lung.chipseq.project/data/chipseq.03252021/igm-storage2.ucsd.edu/210320_K00180_1016_AHKHHLBBXY_SR75_Combo/25_27_RNA-2_S50_L005_R1_001.fastq.gz <<)

Found perfect matches for the following adapter sequences:
Adapter type	Count	Sequence	Sequences analysed	Percentage
Nextera	4017	CTGTCTCTTATA	1000000	0.40
smallRNA	0	TGGAATTCTCGG	1000000	0.00
Illumina	0	AGATCGGAAGAGC	1000000	0.00
Using Nextera adapter for trimming (count: 4017). Second best hit was smallRNA (count: 0)

Writing report to '/home/lina/lung.chipseq.project/data/chipseq.03252021/process/UCSD.025-27-RNA/25_27-RNA-2//fastqc_trim_results/25_27_RNA-2_S50_L005_R1_001.fastq.gz_trimming_report.txt'

SUMMARISING RUN PARAMETERS
==========================
Input filename: /home/lina/lung.chipseq.project/data/chipseq.03252021/igm-storage2.ucsd.edu/210320_K00180_1016_AHKHHLBBXY_SR75_Combo/25_27_RNA-2_S50_L005_R1_001.fastq.gz
Trimming mode: single-end
Trim Galore version: 0.5.0
Cutadapt version: 1.18
Quality Phred score cutoff: 20
Quality encoding type selected: ASCII+33
Adapter sequence: 'CTGTCTCTTATA' (Nextera Transposase sequence; auto-detected)
Maximum trimming error rate: 0.1 (default)
Minimum required adapter overlap (stringency): 5 bp
Minimum required sequence length before a sequence gets removed: 20 bp
Running FastQC on the data once trimming has completed
Output file(s) will be GZIP compressed

Writing final adapter and quality trimmed output to 25_27_RNA-2_S50_L005_R1_001_trimmed.fq.gz


  >>> Now performing quality (cutoff 20) and adapter trimming in a single pass for the adapter sequence: 'CTGTCTCTTATA' from file /home/lina/lung.chipseq.project/data/chipseq.03252021/igm-storage2.ucsd.edu/210320_K00180_1016_AHKHHLBBXY_SR75_Combo/25_27_RNA-2_S50_L005_R1_001.fastq.gz <<< 
10000000 sequences processed
This is cutadapt 1.18 with Python 3.7.7
Command line parameters: -f fastq -e 0.1 -q 20 -O 5 -a CTGTCTCTTATA /home/lina/lung.chipseq.project/data/chipseq.03252021/igm-storage2.ucsd.edu/210320_K00180_1016_AHKHHLBBXY_SR75_Combo/25_27_RNA-2_S50_L005_R1_001.fastq.gz
Processing reads on 1 core in single-end mode ...
Finished in 472.85 s (31 us/read; 1.91 M reads/minute).

=== Summary ===

Total reads processed:              15,050,599
Reads with adapters:                   150,896 (1.0%)
Reads written (passing filters):    15,050,599 (100.0%)

Total basepairs processed: 1,143,845,524 bp
Quality-trimmed:              11,561,593 bp (1.0%)
Total written (filtered):  1,129,845,525 bp (98.8%)

=== Adapter 1 ===

Sequence: CTGTCTCTTATA; Type: regular 3'; Length: 12; Trimmed: 150896 times.

No. of allowed errors:
0-9 bp: 0; 10-12 bp: 1

Bases preceding removed adapters:
  A: 9.6%
  C: 50.3%
  G: 24.3%
  T: 15.7%
  none/other: 0.0%

Overview of removed sequences
length	count	expect	max.err	error counts
5	35014	14697.9	0	35014
6	2809	3674.5	0	2809
7	14055	918.6	0	14055
8	2070	229.7	0	2070
9	6020	57.4	0	5759 261
10	8105	14.4	1	6916 1189
11	3045	3.6	1	2593 452
12	5207	0.9	1	4682 525
13	6569	0.9	1	5842 727
14	2663	0.9	1	2471 192
15	6580	0.9	1	6050 530
16	5062	0.9	1	4659 403
17	2047	0.9	1	1798 249
18	6911	0.9	1	6505 406
19	1020	0.9	1	910 110
20	3580	0.9	1	3307 273
21	4549	0.9	1	4163 386
22	2595	0.9	1	2173 422
23	2725	0.9	1	2500 225
24	1788	0.9	1	1651 137
25	2032	0.9	1	1900 132
26	2618	0.9	1	2239 379
27	3674	0.9	1	3433 241
28	1017	0.9	1	898 119
29	2851	0.9	1	2694 157
30	717	0.9	1	629 88
31	1457	0.9	1	1329 128
32	653	0.9	1	566 87
33	1124	0.9	1	776 348
34	905	0.9	1	852 53
35	363	0.9	1	257 106
36	777	0.9	1	696 81
37	170	0.9	1	62 108
38	437	0.9	1	276 161
39	169	0.9	1	118 51
40	263	0.9	1	139 124
41	127	0.9	1	67 60
42	259	0.9	1	7 252
43	281	0.9	1	32 249
44	96	0.9	1	3 93
45	198	0.9	1	14 184
46	48	0.9	1	3 45
47	67	0.9	1	9 58
48	367	0.9	1	4 363
49	92	0.9	1	4 88
50	1847	0.9	1	9 1838
51	180	0.9	1	9 171
52	69	0.9	1	3 66
53	565	0.9	1	11 554
54	48	0.9	1	12 36
55	410	0.9	1	9 401
56	101	0.9	1	3 98
57	215	0.9	1	12 203
58	172	0.9	1	3 169
59	1054	0.9	1	2 1052
60	291	0.9	1	9 282
61	202	0.9	1	0 202
62	284	0.9	1	1 283
63	392	0.9	1	5 387
64	31	0.9	1	1 30
65	58	0.9	1	3 55
66	139	0.9	1	11 128
67	83	0.9	1	24 59
68	424	0.9	1	5 419
69	64	0.9	1	20 44
70	81	0.9	1	7 74
71	26	0.9	1	0 26
72	440	0.9	1	61 379
73	307	0.9	1	6 301
74	50	0.9	1	0 50
75	169	0.9	1	1 168
76	18	0.9	1	5 13


RUN STATISTICS FOR INPUT FILE: /home/lina/lung.chipseq.project/data/chipseq.03252021/igm-storage2.ucsd.edu/210320_K00180_1016_AHKHHLBBXY_SR75_Combo/25_27_RNA-2_S50_L005_R1_001.fastq.gz
=============================================
15050599 sequences processed in total
Sequences removed because they became shorter than the length cutoff of 20 bp:	4850 (0.0%)


  >>> Now running FastQC on the data <<<

perl: warning: Setting locale failed.
perl: warning: Please check that your locale settings:
	LANGUAGE = (unset),
	LC_ALL = (unset),
	LANG = "en_US.UTF-8"
    are supported and installed on your system.
perl: warning: Falling back to the standard locale ("C").
Picked up _JAVA_OPTIONS: -Djava.io.tmpdir=/home/lina/lung.chipseq.project/data/chipseq.03252021/process/UCSD.025-27-RNA/25_27-RNA-2//temporary/
Started analysis of 25_27_RNA-2_S50_L005_R1_001_trimmed.fq.gz
Approx 5% complete for 25_27_RNA-2_S50_L005_R1_001_trimmed.fq.gz
Approx 10% complete for 25_27_RNA-2_S50_L005_R1_001_trimmed.fq.gz
Approx 15% complete for 25_27_RNA-2_S50_L005_R1_001_trimmed.fq.gz
Approx 20% complete for 25_27_RNA-2_S50_L005_R1_001_trimmed.fq.gz
Approx 25% complete for 25_27_RNA-2_S50_L005_R1_001_trimmed.fq.gz
Approx 30% complete for 25_27_RNA-2_S50_L005_R1_001_trimmed.fq.gz
Approx 35% complete for 25_27_RNA-2_S50_L005_R1_001_trimmed.fq.gz
Approx 40% complete for 25_27_RNA-2_S50_L005_R1_001_trimmed.fq.gz
Approx 45% complete for 25_27_RNA-2_S50_L005_R1_001_trimmed.fq.gz
Approx 50% complete for 25_27_RNA-2_S50_L005_R1_001_trimmed.fq.gz
Approx 55% complete for 25_27_RNA-2_S50_L005_R1_001_trimmed.fq.gz
Approx 60% complete for 25_27_RNA-2_S50_L005_R1_001_trimmed.fq.gz
Approx 65% complete for 25_27_RNA-2_S50_L005_R1_001_trimmed.fq.gz
Approx 70% complete for 25_27_RNA-2_S50_L005_R1_001_trimmed.fq.gz
Approx 75% complete for 25_27_RNA-2_S50_L005_R1_001_trimmed.fq.gz
Approx 80% complete for 25_27_RNA-2_S50_L005_R1_001_trimmed.fq.gz
Approx 85% complete for 25_27_RNA-2_S50_L005_R1_001_trimmed.fq.gz
Approx 90% complete for 25_27_RNA-2_S50_L005_R1_001_trimmed.fq.gz
Approx 95% complete for 25_27_RNA-2_S50_L005_R1_001_trimmed.fq.gz
Java HotSpot(TM) 64-Bit Server VM warning: ignoring option MaxPermSize=1024m; support was removed in 8.0
Picked up _JAVA_OPTIONS: -Djava.io.tmpdir=/home/lina/lung.chipseq.project/data/chipseq.03252021/process/UCSD.025-27-RNA/25_27-RNA-2//temporary/

WARNING! The following chromosomes from reads are not found in annotations:
chr17_ctg5_hap1
chrUn_gl000220
chrUn_gl000221
chr6_cox_hap2
chrUn_gl000219
chr6_apd_hap1
chrUn_gl000215
chr19_gl000208_random
chrUn_gl000216
chrUn_gl000217
chr19_gl000209_random
chrUn_gl000218
chrUn_gl000211
chrUn_gl000212
chr8_gl000196_random
chrUn_gl000213
chr4_ctg9_hap1
chrUn_gl000214
chrUn_gl000230
chrUn_gl000231
chrUn_gl000232
chr1_gl000192_random
chr4_gl000194_random
chr17_gl000205_random
chr17_gl000203_random
chrUn_gl000226
chrUn_gl000227
chrUn_gl000228
chr9_gl000201_random
chrUn_gl000229
chrUn_gl000222
chrUn_gl000223
chrUn_gl000224
chrUn_gl000225
chrUn_gl000240
chrUn_gl000241
chr6_dbb_hap3
chrUn_gl000242
chrUn_gl000243
chr9_gl000198_random
chr9_gl000199_random
chr6_qbl_hap6
chr6_mcf_hap5
chrUn_gl000237
chrUn_gl000238
chrUn_gl000233
chrUn_gl000234
chrUn_gl000235
chrUn_gl000236
chr7_gl000195_random
chr4_gl000193_random
chr1_gl000191_random
chr21_gl000210_random
chr6_ssto_hap7
chr6_mann_hap4
chr9_gl000200_random
chr17_gl000204_random
chr17_gl000206_random
chrUn_gl000248
chrUn_gl000249
chrUn_gl000244
chrUn_gl000245
chrUn_gl000247

        ==========     _____ _    _ ____  _____  ______          _____  
        =====         / ____| |  | |  _ \|  __ \|  ____|   /\   |  __ \ 
          =====      | (___ | |  | | |_) | |__) | |__     /  \  | |  | |
            ====      \___ \| |  | |  _ <|  _  /|  __|   / /\ \ | |  | |
              ====    ____) | |__| | |_) | | \ \| |____ / ____ \| |__| |
        ==========   |_____/ \____/|____/|_|  \_\______/_/    \_\_____/
	  v1.6.0

//========================== featureCounts setting ===========================\\
||                                                                            ||
||             Input files : 1 BAM file                                       ||
||                           S /home/lina/lung.chipseq.project/data/chips ... ||
||                                                                            ||
||             Output file : /home/lina/lung.chipseq.project/data/chipseq ... ||
||                 Summary : /home/lina/lung.chipseq.project/data/chipseq ... ||
||              Annotation : /home/lina/star.reference/hg19.gtf.gff/genco ... ||
||      Dir for temp files : /home/lina/lung.chipseq.project/data/chipseq ... ||
||                                                                            ||
||                 Threads : 10                                               ||
||                   Level : meta-feature level                               ||
||              Paired-end : no                                               ||
||         Strand specific : no                                               ||
||      Multimapping reads : not counted                                      ||
|| Multi-overlapping reads : counted                                          ||
||   Min overlapping bases : 1                                                ||
||                                                                            ||
\\===================== http://subread.sourceforge.net/ ======================//

//================================= Running ==================================\\
||                                                                            ||
|| Load annotation file /home/lina/star.reference/hg19.gtf.gff/gencode.v1 ... ||
||    Features : 1196293                                                      ||
||    Meta-features : 55765                                                   ||
||    Chromosomes/contigs : 25                                                ||
||                                                                            ||
|| Process BAM file /home/lina/lung.chipseq.project/data/chipseq.03252021 ... ||
||    Single-end reads are included.                                          ||
||    Assign reads to features...                                             ||
||    Total reads : 21538988                                                  ||
||    Successfully assigned reads : 9474924 (44.0%)                           ||
||    Running time : 1.07 minutes                                             ||
||                                                                            ||
||                         Read assignment finished.                          ||
||                                                                            ||
|| Summary of counting results can be found in file "/home/lina/lung.chipseq  ||
|| .project/data/chipseq.03252021/process/UCSD.025-27-RNA/25_27-RNA-2//count  ||
|| /25_27-RNA-2.outputfile.summary"                                           ||
||                                                                            ||
\\===================== http://subread.sourceforge.net/ ======================//

