perl: warning: Setting locale failed.
perl: warning: Please check that your locale settings:
	LANGUAGE = (unset),
	LC_ALL = (unset),
	LANG = "en_US.UTF-8"
    are supported and installed on your system.
perl: warning: Falling back to the standard locale ("C").
Picked up _JAVA_OPTIONS: -Djava.io.tmpdir=/home/lina/lung.chipseq.project/data/chipseq.03252021/process/UCSD.025-34-RNA/25_34-RNA-1//temporary/
Started analysis of 25_34_K27ac-1_S19_L004_R1_001.fastq.gz
Approx 5% complete for 25_34_K27ac-1_S19_L004_R1_001.fastq.gz
Approx 10% complete for 25_34_K27ac-1_S19_L004_R1_001.fastq.gz
Approx 15% complete for 25_34_K27ac-1_S19_L004_R1_001.fastq.gz
Approx 20% complete for 25_34_K27ac-1_S19_L004_R1_001.fastq.gz
Approx 25% complete for 25_34_K27ac-1_S19_L004_R1_001.fastq.gz
Approx 30% complete for 25_34_K27ac-1_S19_L004_R1_001.fastq.gz
Approx 35% complete for 25_34_K27ac-1_S19_L004_R1_001.fastq.gz
Approx 40% complete for 25_34_K27ac-1_S19_L004_R1_001.fastq.gz
Approx 45% complete for 25_34_K27ac-1_S19_L004_R1_001.fastq.gz
Approx 50% complete for 25_34_K27ac-1_S19_L004_R1_001.fastq.gz
Approx 55% complete for 25_34_K27ac-1_S19_L004_R1_001.fastq.gz
Approx 60% complete for 25_34_K27ac-1_S19_L004_R1_001.fastq.gz
Approx 65% complete for 25_34_K27ac-1_S19_L004_R1_001.fastq.gz
Approx 70% complete for 25_34_K27ac-1_S19_L004_R1_001.fastq.gz
Approx 75% complete for 25_34_K27ac-1_S19_L004_R1_001.fastq.gz
Approx 80% complete for 25_34_K27ac-1_S19_L004_R1_001.fastq.gz
Approx 85% complete for 25_34_K27ac-1_S19_L004_R1_001.fastq.gz
Approx 90% complete for 25_34_K27ac-1_S19_L004_R1_001.fastq.gz
Approx 95% complete for 25_34_K27ac-1_S19_L004_R1_001.fastq.gz
perl: warning: Setting locale failed.
perl: warning: Please check that your locale settings:
	LANGUAGE = (unset),
	LC_ALL = (unset),
	LANG = "en_US.UTF-8"
    are supported and installed on your system.
perl: warning: Falling back to the standard locale ("C").
No quality encoding type selected. Assuming that the data provided uses Sanger encoded Phred scores (default)

Path to Cutadapt set as: 'cutadapt' (default)
Cutadapt seems to be working fine (tested command 'cutadapt --version')


AUTO-DETECTING ADAPTER TYPE
===========================
Attempting to auto-detect adapter type from the first 1 million sequences of the first file (>> /home/lina/lung.chipseq.project/data/chipseq.03252021/igm-storage2.ucsd.edu/210320_K00180_1016_AHKHHLBBXY_SR75_Combo/25_34_K27ac-1_S19_L004_R1_001.fastq.gz <<)

Found perfect matches for the following adapter sequences:
Adapter type	Count	Sequence	Sequences analysed	Percentage
Illumina	268	AGATCGGAAGAGC	1000000	0.03
Nextera	4	CTGTCTCTTATA	1000000	0.00
smallRNA	0	TGGAATTCTCGG	1000000	0.00
Using Illumina adapter for trimming (count: 268). Second best hit was Nextera (count: 4)

Writing report to '/home/lina/lung.chipseq.project/data/chipseq.03252021/process/UCSD.025-34-RNA/25_34-RNA-1//fastqc_trim_results/25_34_K27ac-1_S19_L004_R1_001.fastq.gz_trimming_report.txt'

SUMMARISING RUN PARAMETERS
==========================
Input filename: /home/lina/lung.chipseq.project/data/chipseq.03252021/igm-storage2.ucsd.edu/210320_K00180_1016_AHKHHLBBXY_SR75_Combo/25_34_K27ac-1_S19_L004_R1_001.fastq.gz
Trimming mode: single-end
Trim Galore version: 0.5.0
Cutadapt version: 1.18
Quality Phred score cutoff: 20
Quality encoding type selected: ASCII+33
Adapter sequence: 'AGATCGGAAGAGC' (Illumina TruSeq, Sanger iPCR; auto-detected)
Maximum trimming error rate: 0.1 (default)
Minimum required adapter overlap (stringency): 5 bp
Minimum required sequence length before a sequence gets removed: 20 bp
Running FastQC on the data once trimming has completed
Output file(s) will be GZIP compressed

Writing final adapter and quality trimmed output to 25_34_K27ac-1_S19_L004_R1_001_trimmed.fq.gz


  >>> Now performing quality (cutoff 20) and adapter trimming in a single pass for the adapter sequence: 'AGATCGGAAGAGC' from file /home/lina/lung.chipseq.project/data/chipseq.03252021/igm-storage2.ucsd.edu/210320_K00180_1016_AHKHHLBBXY_SR75_Combo/25_34_K27ac-1_S19_L004_R1_001.fastq.gz <<< 
10000000 sequences processed
This is cutadapt 1.18 with Python 3.7.7
Command line parameters: -f fastq -e 0.1 -q 20 -O 5 -a AGATCGGAAGAGC /home/lina/lung.chipseq.project/data/chipseq.03252021/igm-storage2.ucsd.edu/210320_K00180_1016_AHKHHLBBXY_SR75_Combo/25_34_K27ac-1_S19_L004_R1_001.fastq.gz
Processing reads on 1 core in single-end mode ...
Finished in 364.75 s (33 us/read; 1.83 M reads/minute).

=== Summary ===

Total reads processed:              11,105,743
Reads with adapters:                    16,641 (0.1%)
Reads written (passing filters):    11,105,743 (100.0%)

Total basepairs processed:   844,036,468 bp
Quality-trimmed:               9,028,141 bp (1.1%)
Total written (filtered):    834,714,073 bp (98.9%)

=== Adapter 1 ===

Sequence: AGATCGGAAGAGC; Type: regular 3'; Length: 13; Trimmed: 16641 times.

No. of allowed errors:
0-9 bp: 0; 10-13 bp: 1

Bases preceding removed adapters:
  A: 22.9%
  C: 22.3%
  G: 28.4%
  T: 12.4%
  none/other: 14.1%

Overview of removed sequences
length	count	expect	max.err	error counts
5	10562	10845.5	0	10562
6	1377	2711.4	0	1377
7	244	677.8	0	244
8	75	169.5	0	75
9	245	42.4	0	92 153
10	239	10.6	1	35 204
11	121	2.6	1	38 83
12	66	0.7	1	28 38
13	68	0.2	1	55 13
14	23	0.2	1	16 7
15	52	0.2	1	44 8
16	56	0.2	1	45 11
17	65	0.2	1	49 16
18	72	0.2	1	55 17
19	18	0.2	1	13 5
20	62	0.2	1	54 8
21	17	0.2	1	13 4
22	24	0.2	1	21 3
23	32	0.2	1	24 8
24	30	0.2	1	21 9
25	56	0.2	1	41 15
26	14	0.2	1	1 13
27	32	0.2	1	16 16
28	29	0.2	1	18 11
29	19	0.2	1	15 4
30	19	0.2	1	12 7
31	21	0.2	1	13 8
32	31	0.2	1	26 5
33	11	0.2	1	8 3
34	35	0.2	1	24 11
35	12	0.2	1	7 5
36	19	0.2	1	12 7
37	31	0.2	1	19 12
38	13	0.2	1	2 11
39	19	0.2	1	5 14
40	19	0.2	1	12 7
41	24	0.2	1	13 11
42	8	0.2	1	2 6
43	28	0.2	1	20 8
44	9	0.2	1	5 4
45	11	0.2	1	4 7
46	15	0.2	1	7 8
47	12	0.2	1	6 6
48	17	0.2	1	11 6
49	9	0.2	1	6 3
50	14	0.2	1	6 8
51	13	0.2	1	6 7
52	30	0.2	1	24 6
53	23	0.2	1	11 12
54	11	0.2	1	5 6
55	20	0.2	1	10 10
56	10	0.2	1	3 7
57	13	0.2	1	6 7
58	18	0.2	1	11 7
59	15	0.2	1	7 8
60	13	0.2	1	7 6
61	23	0.2	1	17 6
62	7	0.2	1	0 7
63	9	0.2	1	2 7
64	5	0.2	1	3 2
65	5	0.2	1	1 4
66	18	0.2	1	7 11
67	18	0.2	1	4 14
68	21	0.2	1	13 8
69	14	0.2	1	8 6
70	23	0.2	1	18 5
71	22	0.2	1	17 5
72	22	0.2	1	18 4
73	80	0.2	1	40 40
74	309	0.2	1	256 53
75	348	0.2	1	314 34
76	1576	0.2	1	1450 126


RUN STATISTICS FOR INPUT FILE: /home/lina/lung.chipseq.project/data/chipseq.03252021/igm-storage2.ucsd.edu/210320_K00180_1016_AHKHHLBBXY_SR75_Combo/25_34_K27ac-1_S19_L004_R1_001.fastq.gz
=============================================
11105743 sequences processed in total
Sequences removed because they became shorter than the length cutoff of 20 bp:	2669 (0.0%)


  >>> Now running FastQC on the data <<<

perl: warning: Setting locale failed.
perl: warning: Please check that your locale settings:
	LANGUAGE = (unset),
	LC_ALL = (unset),
	LANG = "en_US.UTF-8"
    are supported and installed on your system.
perl: warning: Falling back to the standard locale ("C").
Picked up _JAVA_OPTIONS: -Djava.io.tmpdir=/home/lina/lung.chipseq.project/data/chipseq.03252021/process/UCSD.025-34-RNA/25_34-RNA-1//temporary/
Started analysis of 25_34_K27ac-1_S19_L004_R1_001_trimmed.fq.gz
Approx 5% complete for 25_34_K27ac-1_S19_L004_R1_001_trimmed.fq.gz
Approx 10% complete for 25_34_K27ac-1_S19_L004_R1_001_trimmed.fq.gz
Approx 15% complete for 25_34_K27ac-1_S19_L004_R1_001_trimmed.fq.gz
Approx 20% complete for 25_34_K27ac-1_S19_L004_R1_001_trimmed.fq.gz
Approx 25% complete for 25_34_K27ac-1_S19_L004_R1_001_trimmed.fq.gz
Approx 30% complete for 25_34_K27ac-1_S19_L004_R1_001_trimmed.fq.gz
Approx 35% complete for 25_34_K27ac-1_S19_L004_R1_001_trimmed.fq.gz
Approx 40% complete for 25_34_K27ac-1_S19_L004_R1_001_trimmed.fq.gz
Approx 45% complete for 25_34_K27ac-1_S19_L004_R1_001_trimmed.fq.gz
Approx 50% complete for 25_34_K27ac-1_S19_L004_R1_001_trimmed.fq.gz
Approx 55% complete for 25_34_K27ac-1_S19_L004_R1_001_trimmed.fq.gz
Approx 60% complete for 25_34_K27ac-1_S19_L004_R1_001_trimmed.fq.gz
Approx 65% complete for 25_34_K27ac-1_S19_L004_R1_001_trimmed.fq.gz
Approx 70% complete for 25_34_K27ac-1_S19_L004_R1_001_trimmed.fq.gz
Approx 75% complete for 25_34_K27ac-1_S19_L004_R1_001_trimmed.fq.gz
Approx 80% complete for 25_34_K27ac-1_S19_L004_R1_001_trimmed.fq.gz
Approx 85% complete for 25_34_K27ac-1_S19_L004_R1_001_trimmed.fq.gz
Approx 90% complete for 25_34_K27ac-1_S19_L004_R1_001_trimmed.fq.gz
Approx 95% complete for 25_34_K27ac-1_S19_L004_R1_001_trimmed.fq.gz
Java HotSpot(TM) 64-Bit Server VM warning: ignoring option MaxPermSize=1024m; support was removed in 8.0
Picked up _JAVA_OPTIONS: -Djava.io.tmpdir=/home/lina/lung.chipseq.project/data/chipseq.03252021/process/UCSD.025-34-RNA/25_34-RNA-1//temporary/

WARNING! The following chromosomes from reads are not found in annotations:
chr17_ctg5_hap1
chrUn_gl000220
chrUn_gl000221
chr6_cox_hap2
chrUn_gl000219
chr6_apd_hap1
chrUn_gl000215
chr19_gl000208_random
chrUn_gl000216
chrUn_gl000217
chr19_gl000209_random
chrUn_gl000218
chrUn_gl000211
chrUn_gl000212
chr8_gl000196_random
chr8_gl000197_random
chrUn_gl000213
chr4_ctg9_hap1
chrUn_gl000214
chrUn_gl000230
chrUn_gl000231
chrUn_gl000232
chr1_gl000192_random
chr4_gl000194_random
chr17_gl000205_random
chr17_gl000203_random
chrUn_gl000226
chrUn_gl000227
chrUn_gl000228
chr9_gl000201_random
chrUn_gl000229
chrUn_gl000222
chrUn_gl000223
chrUn_gl000224
chrUn_gl000225
chrUn_gl000240
chrUn_gl000241
chr6_dbb_hap3
chrUn_gl000242
chrUn_gl000243
chr9_gl000198_random
chr9_gl000199_random
chr6_qbl_hap6
chr6_mcf_hap5
chrUn_gl000237
chrUn_gl000238
chrUn_gl000239
chrUn_gl000233
chrUn_gl000234
chrUn_gl000235
chrUn_gl000236
chr7_gl000195_random
chr4_gl000193_random
chr1_gl000191_random
chr21_gl000210_random
chr6_ssto_hap7
chr6_mann_hap4
chr18_gl000207_random
chr9_gl000200_random
chr17_gl000204_random
chr17_gl000206_random
chrUn_gl000248
chrUn_gl000249
chr11_gl000202_random
chrUn_gl000244
chrUn_gl000245
chrUn_gl000246
chrUn_gl000247

        ==========     _____ _    _ ____  _____  ______          _____  
        =====         / ____| |  | |  _ \|  __ \|  ____|   /\   |  __ \ 
          =====      | (___ | |  | | |_) | |__) | |__     /  \  | |  | |
            ====      \___ \| |  | |  _ <|  _  /|  __|   / /\ \ | |  | |
              ====    ____) | |__| | |_) | | \ \| |____ / ____ \| |__| |
        ==========   |_____/ \____/|____/|_|  \_\______/_/    \_\_____/
	  v1.6.0

//========================== featureCounts setting ===========================\\
||                                                                            ||
||             Input files : 1 BAM file                                       ||
||                           S /home/lina/lung.chipseq.project/data/chips ... ||
||                                                                            ||
||             Output file : /home/lina/lung.chipseq.project/data/chipseq ... ||
||                 Summary : /home/lina/lung.chipseq.project/data/chipseq ... ||
||              Annotation : /home/lina/star.reference/hg19.gtf.gff/genco ... ||
||      Dir for temp files : /home/lina/lung.chipseq.project/data/chipseq ... ||
||                                                                            ||
||                 Threads : 10                                               ||
||                   Level : meta-feature level                               ||
||              Paired-end : no                                               ||
||         Strand specific : no                                               ||
||      Multimapping reads : not counted                                      ||
|| Multi-overlapping reads : counted                                          ||
||   Min overlapping bases : 1                                                ||
||                                                                            ||
\\===================== http://subread.sourceforge.net/ ======================//

//================================= Running ==================================\\
||                                                                            ||
|| Load annotation file /home/lina/star.reference/hg19.gtf.gff/gencode.v1 ... ||
||    Features : 1196293                                                      ||
||    Meta-features : 55765                                                   ||
||    Chromosomes/contigs : 25                                                ||
||                                                                            ||
|| Process BAM file /home/lina/lung.chipseq.project/data/chipseq.03252021 ... ||
||    Single-end reads are included.                                          ||
||    Assign reads to features...                                             ||
||    Total reads : 11879514                                                  ||
||    Successfully assigned reads : 1359237 (11.4%)                           ||
||    Running time : 0.71 minutes                                             ||
||                                                                            ||
||                         Read assignment finished.                          ||
||                                                                            ||
|| Summary of counting results can be found in file "/home/lina/lung.chipseq  ||
|| .project/data/chipseq.03252021/process/UCSD.025-34-RNA/25_34-RNA-1//count  ||
|| /25_34-RNA-1.outputfile.summary"                                           ||
||                                                                            ||
\\===================== http://subread.sourceforge.net/ ======================//

