perl: warning: Setting locale failed.
perl: warning: Please check that your locale settings:
	LANGUAGE = (unset),
	LC_ALL = (unset),
	LANG = "en_US.UTF-8"
    are supported and installed on your system.
perl: warning: Falling back to the standard locale ("C").
Picked up _JAVA_OPTIONS: -Djava.io.tmpdir=/home/lina/lung.chipseq.project/data/chipseq.11202020/process/UCSD.025-5-RNA/25_5_RNA-1/temporary/
Started analysis of 25_5_RNA-1_S22_L005_R1_001.fastq.gz
Approx 5% complete for 25_5_RNA-1_S22_L005_R1_001.fastq.gz
Approx 10% complete for 25_5_RNA-1_S22_L005_R1_001.fastq.gz
Approx 15% complete for 25_5_RNA-1_S22_L005_R1_001.fastq.gz
Approx 20% complete for 25_5_RNA-1_S22_L005_R1_001.fastq.gz
Approx 25% complete for 25_5_RNA-1_S22_L005_R1_001.fastq.gz
Approx 30% complete for 25_5_RNA-1_S22_L005_R1_001.fastq.gz
Approx 35% complete for 25_5_RNA-1_S22_L005_R1_001.fastq.gz
Approx 40% complete for 25_5_RNA-1_S22_L005_R1_001.fastq.gz
Approx 45% complete for 25_5_RNA-1_S22_L005_R1_001.fastq.gz
Approx 50% complete for 25_5_RNA-1_S22_L005_R1_001.fastq.gz
Approx 55% complete for 25_5_RNA-1_S22_L005_R1_001.fastq.gz
Approx 60% complete for 25_5_RNA-1_S22_L005_R1_001.fastq.gz
Approx 65% complete for 25_5_RNA-1_S22_L005_R1_001.fastq.gz
Approx 70% complete for 25_5_RNA-1_S22_L005_R1_001.fastq.gz
Approx 75% complete for 25_5_RNA-1_S22_L005_R1_001.fastq.gz
Approx 80% complete for 25_5_RNA-1_S22_L005_R1_001.fastq.gz
Approx 85% complete for 25_5_RNA-1_S22_L005_R1_001.fastq.gz
Approx 90% complete for 25_5_RNA-1_S22_L005_R1_001.fastq.gz
Approx 95% complete for 25_5_RNA-1_S22_L005_R1_001.fastq.gz
perl: warning: Setting locale failed.
perl: warning: Please check that your locale settings:
	LANGUAGE = (unset),
	LC_ALL = (unset),
	LANG = "en_US.UTF-8"
    are supported and installed on your system.
perl: warning: Falling back to the standard locale ("C").
No quality encoding type selected. Assuming that the data provided uses Sanger encoded Phred scores (default)

Path to Cutadapt set as: 'cutadapt' (default)
Cutadapt seems to be working fine (tested command 'cutadapt --version')


AUTO-DETECTING ADAPTER TYPE
===========================
Attempting to auto-detect adapter type from the first 1 million sequences of the first file (>> /home/lina/lung.chipseq.project/data/chipseq.11202020/igm-storage2.ucsd.edu/201120_K00180_0997_AHKCCCBBXY_SR_75_Combo/25_5_RNA-1_S22_L005_R1_001.fastq.gz <<)

Found perfect matches for the following adapter sequences:
Adapter type	Count	Sequence	Sequences analysed	Percentage
Nextera	6901	CTGTCTCTTATA	1000000	0.69
Illumina	4	AGATCGGAAGAGC	1000000	0.00
smallRNA	0	TGGAATTCTCGG	1000000	0.00
Using Nextera adapter for trimming (count: 6901). Second best hit was Illumina (count: 4)

Writing report to '/home/lina/lung.chipseq.project/data/chipseq.11202020/process/UCSD.025-5-RNA/25_5_RNA-1/fastqc_trim_results/25_5_RNA-1_S22_L005_R1_001.fastq.gz_trimming_report.txt'

SUMMARISING RUN PARAMETERS
==========================
Input filename: /home/lina/lung.chipseq.project/data/chipseq.11202020/igm-storage2.ucsd.edu/201120_K00180_0997_AHKCCCBBXY_SR_75_Combo/25_5_RNA-1_S22_L005_R1_001.fastq.gz
Trimming mode: single-end
Trim Galore version: 0.5.0
Cutadapt version: 1.18
Quality Phred score cutoff: 20
Quality encoding type selected: ASCII+33
Adapter sequence: 'CTGTCTCTTATA' (Nextera Transposase sequence; auto-detected)
Maximum trimming error rate: 0.1 (default)
Minimum required adapter overlap (stringency): 5 bp
Minimum required sequence length before a sequence gets removed: 20 bp
Running FastQC on the data once trimming has completed
Output file(s) will be GZIP compressed

Writing final adapter and quality trimmed output to 25_5_RNA-1_S22_L005_R1_001_trimmed.fq.gz


  >>> Now performing quality (cutoff 20) and adapter trimming in a single pass for the adapter sequence: 'CTGTCTCTTATA' from file /home/lina/lung.chipseq.project/data/chipseq.11202020/igm-storage2.ucsd.edu/201120_K00180_0997_AHKCCCBBXY_SR_75_Combo/25_5_RNA-1_S22_L005_R1_001.fastq.gz <<< 
10000000 sequences processed
This is cutadapt 1.18 with Python 3.7.7
Command line parameters: -f fastq -e 0.1 -q 20 -O 5 -a CTGTCTCTTATA /home/lina/lung.chipseq.project/data/chipseq.11202020/igm-storage2.ucsd.edu/201120_K00180_0997_AHKCCCBBXY_SR_75_Combo/25_5_RNA-1_S22_L005_R1_001.fastq.gz
Processing reads on 1 core in single-end mode ...
Finished in 307.77 s (22 us/read; 2.77 M reads/minute).

=== Summary ===

Total reads processed:              14,203,257
Reads with adapters:                   188,152 (1.3%)
Reads written (passing filters):    14,203,257 (100.0%)

Total basepairs processed: 1,079,447,532 bp
Quality-trimmed:                 900,611 bp (0.1%)
Total written (filtered):  1,075,423,167 bp (99.6%)

=== Adapter 1 ===

Sequence: CTGTCTCTTATA; Type: regular 3'; Length: 12; Trimmed: 188152 times.

No. of allowed errors:
0-9 bp: 0; 10-12 bp: 1

Bases preceding removed adapters:
  A: 9.5%
  C: 48.5%
  G: 25.1%
  T: 16.9%
  none/other: 0.0%

Overview of removed sequences
length	count	expect	max.err	error counts
5	24102	13870.4	0	24102
6	12999	3467.6	0	12999
7	10904	866.9	0	10904
8	8342	216.7	0	8342
9	7943	54.2	0	7692 251
10	8322	13.5	1	7250 1072
11	7218	3.4	1	6906 312
12	7143	0.8	1	6811 332
13	6835	0.8	1	6407 428
14	6244	0.8	1	6097 147
15	6004	0.8	1	5862 142
16	6128	0.8	1	5980 148
17	6202	0.8	1	5929 273
18	5996	0.8	1	5835 161
19	5546	0.8	1	5413 133
20	5094	0.8	1	4964 130
21	4741	0.8	1	4545 196
22	4573	0.8	1	4223 350
23	4284	0.8	1	4026 258
24	3659	0.8	1	3561 98
25	3355	0.8	1	3199 156
26	3449	0.8	1	3246 203
27	3450	0.8	1	3239 211
28	2872	0.8	1	2785 87
29	2674	0.8	1	2574 100
30	2263	0.8	1	2146 117
31	2164	0.8	1	2074 90
32	1689	0.8	1	1600 89
33	1545	0.8	1	1261 284
34	1049	0.8	1	1000 49
35	834	0.8	1	757 77
36	644	0.8	1	558 86
37	538	0.8	1	483 55
38	582	0.8	1	379 203
39	319	0.8	1	271 48
40	233	0.8	1	165 68
41	165	0.8	1	102 63
42	119	0.8	1	42 77
43	362	0.8	1	38 324
44	82	0.8	1	7 75
45	145	0.8	1	12 133
46	45	0.8	1	8 37
47	49	0.8	1	3 46
48	235	0.8	1	9 226
49	86	0.8	1	11 75
50	1203	0.8	1	11 1192
51	394	0.8	1	10 384
52	68	0.8	1	6 62
53	418	0.8	1	7 411
54	57	0.8	1	4 53
55	293	0.8	1	6 287
56	84	0.8	1	9 75
57	80	0.8	1	8 72
58	265	0.8	1	5 260
59	82	0.8	1	8 74
60	1173	0.8	1	6 1167
61	167	0.8	1	9 158
62	132	0.8	1	4 128
63	358	0.8	1	1 357
64	67	0.8	1	5 62
65	94	0.8	1	5 89
66	104	0.8	1	5 99
67	174	0.8	1	12 162
68	466	0.8	1	4 462
69	71	0.8	1	5 66
70	67	0.8	1	8 59
71	48	0.8	1	5 43
72	227	0.8	1	108 119
73	623	0.8	1	16 607
74	60	0.8	1	1 59
75	137	0.8	1	7 130
76	13	0.8	1	6 7


RUN STATISTICS FOR INPUT FILE: /home/lina/lung.chipseq.project/data/chipseq.11202020/igm-storage2.ucsd.edu/201120_K00180_0997_AHKCCCBBXY_SR_75_Combo/25_5_RNA-1_S22_L005_R1_001.fastq.gz
=============================================
14203257 sequences processed in total
Sequences removed because they became shorter than the length cutoff of 20 bp:	4442 (0.0%)


  >>> Now running FastQC on the data <<<

perl: warning: Setting locale failed.
perl: warning: Please check that your locale settings:
	LANGUAGE = (unset),
	LC_ALL = (unset),
	LANG = "en_US.UTF-8"
    are supported and installed on your system.
perl: warning: Falling back to the standard locale ("C").
Picked up _JAVA_OPTIONS: -Djava.io.tmpdir=/home/lina/lung.chipseq.project/data/chipseq.11202020/process/UCSD.025-5-RNA/25_5_RNA-1/temporary/
Started analysis of 25_5_RNA-1_S22_L005_R1_001_trimmed.fq.gz
Approx 5% complete for 25_5_RNA-1_S22_L005_R1_001_trimmed.fq.gz
Approx 10% complete for 25_5_RNA-1_S22_L005_R1_001_trimmed.fq.gz
Approx 15% complete for 25_5_RNA-1_S22_L005_R1_001_trimmed.fq.gz
Approx 20% complete for 25_5_RNA-1_S22_L005_R1_001_trimmed.fq.gz
Approx 25% complete for 25_5_RNA-1_S22_L005_R1_001_trimmed.fq.gz
Approx 30% complete for 25_5_RNA-1_S22_L005_R1_001_trimmed.fq.gz
Approx 35% complete for 25_5_RNA-1_S22_L005_R1_001_trimmed.fq.gz
Approx 40% complete for 25_5_RNA-1_S22_L005_R1_001_trimmed.fq.gz
Approx 45% complete for 25_5_RNA-1_S22_L005_R1_001_trimmed.fq.gz
Approx 50% complete for 25_5_RNA-1_S22_L005_R1_001_trimmed.fq.gz
Approx 55% complete for 25_5_RNA-1_S22_L005_R1_001_trimmed.fq.gz
Approx 60% complete for 25_5_RNA-1_S22_L005_R1_001_trimmed.fq.gz
Approx 65% complete for 25_5_RNA-1_S22_L005_R1_001_trimmed.fq.gz
Approx 70% complete for 25_5_RNA-1_S22_L005_R1_001_trimmed.fq.gz
Approx 75% complete for 25_5_RNA-1_S22_L005_R1_001_trimmed.fq.gz
Approx 80% complete for 25_5_RNA-1_S22_L005_R1_001_trimmed.fq.gz
Approx 85% complete for 25_5_RNA-1_S22_L005_R1_001_trimmed.fq.gz
Approx 90% complete for 25_5_RNA-1_S22_L005_R1_001_trimmed.fq.gz
Approx 95% complete for 25_5_RNA-1_S22_L005_R1_001_trimmed.fq.gz
Java HotSpot(TM) 64-Bit Server VM warning: ignoring option MaxPermSize=1024m; support was removed in 8.0
Picked up _JAVA_OPTIONS: -Djava.io.tmpdir=/home/lina/lung.chipseq.project/data/chipseq.11202020/process/UCSD.025-5-RNA/25_5_RNA-1/temporary/

WARNING! The following chromosomes from reads are not found in annotations:
chr17_ctg5_hap1
chrUn_gl000220
chrUn_gl000221
chr6_cox_hap2
chrUn_gl000219
chr6_apd_hap1
chrUn_gl000215
chr19_gl000208_random
chrUn_gl000216
chrUn_gl000217
chr19_gl000209_random
chrUn_gl000218
chrUn_gl000211
chrUn_gl000212
chr8_gl000196_random
chrUn_gl000213
chr4_ctg9_hap1
chrUn_gl000214
chrUn_gl000230
chrUn_gl000231
chrUn_gl000232
chr1_gl000192_random
chr4_gl000194_random
chr17_gl000205_random
chrUn_gl000226
chrUn_gl000227
chrUn_gl000228
chr9_gl000201_random
chrUn_gl000229
chrUn_gl000222
chrUn_gl000223
chrUn_gl000224
chrUn_gl000225
chrUn_gl000240
chrUn_gl000241
chr6_dbb_hap3
chrUn_gl000242
chrUn_gl000243
chr9_gl000198_random
chr9_gl000199_random
chr6_qbl_hap6
chr6_mcf_hap5
chrUn_gl000237
chrUn_gl000238
chrUn_gl000239
chrUn_gl000233
chrUn_gl000234
chrUn_gl000235
chrUn_gl000236
chr7_gl000195_random
chr4_gl000193_random
chr1_gl000191_random
chr6_ssto_hap7
chr6_mann_hap4
chr9_gl000200_random
chr17_gl000204_random
chrUn_gl000248
chrUn_gl000249
chr11_gl000202_random
chrUn_gl000244
chrUn_gl000245
chrUn_gl000246
chrUn_gl000247

        ==========     _____ _    _ ____  _____  ______          _____  
        =====         / ____| |  | |  _ \|  __ \|  ____|   /\   |  __ \ 
          =====      | (___ | |  | | |_) | |__) | |__     /  \  | |  | |
            ====      \___ \| |  | |  _ <|  _  /|  __|   / /\ \ | |  | |
              ====    ____) | |__| | |_) | | \ \| |____ / ____ \| |__| |
        ==========   |_____/ \____/|____/|_|  \_\______/_/    \_\_____/
	  v1.6.0

//========================== featureCounts setting ===========================\\
||                                                                            ||
||             Input files : 1 BAM file                                       ||
||                           S /home/lina/lung.chipseq.project/data/chips ... ||
||                                                                            ||
||             Output file : /home/lina/lung.chipseq.project/data/chipseq ... ||
||                 Summary : /home/lina/lung.chipseq.project/data/chipseq ... ||
||              Annotation : /home/lina/star.reference/hg19.gtf.gff/genco ... ||
||      Dir for temp files : /home/lina/lung.chipseq.project/data/chipseq ... ||
||                                                                            ||
||                 Threads : 10                                               ||
||                   Level : meta-feature level                               ||
||              Paired-end : no                                               ||
||         Strand specific : no                                               ||
||      Multimapping reads : not counted                                      ||
|| Multi-overlapping reads : counted                                          ||
||   Min overlapping bases : 1                                                ||
||                                                                            ||
\\===================== http://subread.sourceforge.net/ ======================//

//================================= Running ==================================\\
||                                                                            ||
|| Load annotation file /home/lina/star.reference/hg19.gtf.gff/gencode.v1 ... ||
||    Features : 1196293                                                      ||
||    Meta-features : 55765                                                   ||
||    Chromosomes/contigs : 25                                                ||
||                                                                            ||
|| Process BAM file /home/lina/lung.chipseq.project/data/chipseq.11202020 ... ||
||    Single-end reads are included.                                          ||
||    Assign reads to features...                                             ||
||    Total reads : 19638815                                                  ||
||    Successfully assigned reads : 9948424 (50.7%)                           ||
||    Running time : 0.56 minutes                                             ||
||                                                                            ||
||                         Read assignment finished.                          ||
||                                                                            ||
|| Summary of counting results can be found in file "/home/lina/lung.chipseq  ||
|| .project/data/chipseq.11202020/process/UCSD.025-5-RNA/25_5_RNA-1/count/25  ||
|| _5_RNA-1.outputfile.summary"                                               ||
||                                                                            ||
\\===================== http://subread.sourceforge.net/ ======================//

