Analysis complete for 25_7_RNA-1_S20_L005_R1_001.fastq.gz
1.18
Analysis complete for 25_7_RNA-1_S20_L005_R1_001_trimmed.fq.gz
Nov 24 22:44:36 ..... started STAR run
Nov 24 22:44:36 ..... loading genome
Nov 24 22:44:45 ..... started mapping
Nov 24 22:45:24 ..... started sorting BAM
Nov 24 22:45:45 ..... finished successfully
Java memory size is set to 50G
Launching application...

QualiMap v.2.2.1
Built on 2016-10-03 18:14

Selected tool: rnaseq
Tue Nov 24 22:45:47 PST 2020		WARNING	Output folder already exists, the results will be saved there

Initializing regions from /home/lina/star.reference/hg19.gtf.gff/gencode.v19.annotation.gtf...

Initialized 100000 regions...
Initialized 200000 regions...
Initialized 300000 regions...
Initialized 400000 regions...
Initialized 500000 regions...
Initialized 600000 regions...
Initialized 700000 regions...
Initialized 800000 regions...
Initialized 900000 regions...
Initialized 1000000 regions...
Initialized 1100000 regions...
Initialized 1200000 regions...
Initialized 1300000 regions...
Initialized 1400000 regions...
Initialized 1500000 regions...
Initialized 1600000 regions...
Initialized 1700000 regions...
Initialized 1800000 regions...
Initialized 1900000 regions...
Initialized 2000000 regions...
Initialized 2100000 regions...
Initialized 2200000 regions...
Initialized 2300000 regions...
Initialized 2400000 regions...
Initialized 2500000 regions...
Initialized 2600000 regions...

Initialized 2619444 regions it total

Starting constructing transcripts for RNA-seq stats...
Finished constructing transcripts

Starting BAM file analysis

Analyzed 1500000 reads...
Analyzed 2000000 reads...
Analyzed 2500000 reads...
Analyzed 3000000 reads...
Analyzed 4000000 reads...
Analyzed 4500000 reads...
Analyzed 5000000 reads...
Analyzed 6500000 reads...
Analyzed 7000000 reads...
Analyzed 7500000 reads...
Analyzed 8000000 reads...
Analyzed 9500000 reads...
Analyzed 10000000 reads...
Analyzed 11500000 reads...
Analyzed 12000000 reads...
Analyzed 12500000 reads...
Analyzed 13000000 reads...
Analyzed 13500000 reads...

Processed 13837265 reads in total

BAM file analysis finished
Creating plots
Writing PDF:HTML report...
HTML report created successfully

PDF file created successfully 

