perl: warning: Setting locale failed.
perl: warning: Please check that your locale settings:
	LANGUAGE = (unset),
	LC_ALL = (unset),
	LANG = "en_US.UTF-8"
    are supported and installed on your system.
perl: warning: Falling back to the standard locale ("C").
Picked up _JAVA_OPTIONS: -Djava.io.tmpdir=/home/lina/lung.chipseq.project/data/chipseq.11202020/process/UCSD.025-7-RNA/25_7_RNA-2/temporary/
Started analysis of 25_7_RNA-2_S21_L005_R1_001.fastq.gz
Approx 5% complete for 25_7_RNA-2_S21_L005_R1_001.fastq.gz
Approx 10% complete for 25_7_RNA-2_S21_L005_R1_001.fastq.gz
Approx 15% complete for 25_7_RNA-2_S21_L005_R1_001.fastq.gz
Approx 20% complete for 25_7_RNA-2_S21_L005_R1_001.fastq.gz
Approx 25% complete for 25_7_RNA-2_S21_L005_R1_001.fastq.gz
Approx 30% complete for 25_7_RNA-2_S21_L005_R1_001.fastq.gz
Approx 35% complete for 25_7_RNA-2_S21_L005_R1_001.fastq.gz
Approx 40% complete for 25_7_RNA-2_S21_L005_R1_001.fastq.gz
Approx 45% complete for 25_7_RNA-2_S21_L005_R1_001.fastq.gz
Approx 50% complete for 25_7_RNA-2_S21_L005_R1_001.fastq.gz
Approx 55% complete for 25_7_RNA-2_S21_L005_R1_001.fastq.gz
Approx 60% complete for 25_7_RNA-2_S21_L005_R1_001.fastq.gz
Approx 65% complete for 25_7_RNA-2_S21_L005_R1_001.fastq.gz
Approx 70% complete for 25_7_RNA-2_S21_L005_R1_001.fastq.gz
Approx 75% complete for 25_7_RNA-2_S21_L005_R1_001.fastq.gz
Approx 80% complete for 25_7_RNA-2_S21_L005_R1_001.fastq.gz
Approx 85% complete for 25_7_RNA-2_S21_L005_R1_001.fastq.gz
Approx 90% complete for 25_7_RNA-2_S21_L005_R1_001.fastq.gz
Approx 95% complete for 25_7_RNA-2_S21_L005_R1_001.fastq.gz
perl: warning: Setting locale failed.
perl: warning: Please check that your locale settings:
	LANGUAGE = (unset),
	LC_ALL = (unset),
	LANG = "en_US.UTF-8"
    are supported and installed on your system.
perl: warning: Falling back to the standard locale ("C").
No quality encoding type selected. Assuming that the data provided uses Sanger encoded Phred scores (default)

Path to Cutadapt set as: 'cutadapt' (default)
Cutadapt seems to be working fine (tested command 'cutadapt --version')


AUTO-DETECTING ADAPTER TYPE
===========================
Attempting to auto-detect adapter type from the first 1 million sequences of the first file (>> /home/lina/lung.chipseq.project/data/chipseq.11202020/igm-storage2.ucsd.edu/201120_K00180_0997_AHKCCCBBXY_SR_75_Combo/25_7_RNA-2_S21_L005_R1_001.fastq.gz <<)

Found perfect matches for the following adapter sequences:
Adapter type	Count	Sequence	Sequences analysed	Percentage
Nextera	7116	CTGTCTCTTATA	1000000	0.71
smallRNA	0	TGGAATTCTCGG	1000000	0.00
Illumina	0	AGATCGGAAGAGC	1000000	0.00
Using Nextera adapter for trimming (count: 7116). Second best hit was smallRNA (count: 0)

Writing report to '/home/lina/lung.chipseq.project/data/chipseq.11202020/process/UCSD.025-7-RNA/25_7_RNA-2/fastqc_trim_results/25_7_RNA-2_S21_L005_R1_001.fastq.gz_trimming_report.txt'

SUMMARISING RUN PARAMETERS
==========================
Input filename: /home/lina/lung.chipseq.project/data/chipseq.11202020/igm-storage2.ucsd.edu/201120_K00180_0997_AHKCCCBBXY_SR_75_Combo/25_7_RNA-2_S21_L005_R1_001.fastq.gz
Trimming mode: single-end
Trim Galore version: 0.5.0
Cutadapt version: 1.18
Quality Phred score cutoff: 20
Quality encoding type selected: ASCII+33
Adapter sequence: 'CTGTCTCTTATA' (Nextera Transposase sequence; auto-detected)
Maximum trimming error rate: 0.1 (default)
Minimum required adapter overlap (stringency): 5 bp
Minimum required sequence length before a sequence gets removed: 20 bp
Running FastQC on the data once trimming has completed
Output file(s) will be GZIP compressed

Writing final adapter and quality trimmed output to 25_7_RNA-2_S21_L005_R1_001_trimmed.fq.gz


  >>> Now performing quality (cutoff 20) and adapter trimming in a single pass for the adapter sequence: 'CTGTCTCTTATA' from file /home/lina/lung.chipseq.project/data/chipseq.11202020/igm-storage2.ucsd.edu/201120_K00180_0997_AHKCCCBBXY_SR_75_Combo/25_7_RNA-2_S21_L005_R1_001.fastq.gz <<< 
10000000 sequences processed
This is cutadapt 1.18 with Python 3.7.7
Command line parameters: -f fastq -e 0.1 -q 20 -O 5 -a CTGTCTCTTATA /home/lina/lung.chipseq.project/data/chipseq.11202020/igm-storage2.ucsd.edu/201120_K00180_0997_AHKCCCBBXY_SR_75_Combo/25_7_RNA-2_S21_L005_R1_001.fastq.gz
Processing reads on 1 core in single-end mode ...
Finished in 328.45 s (20 us/read; 2.94 M reads/minute).

=== Summary ===

Total reads processed:              16,096,375
Reads with adapters:                   240,172 (1.5%)
Reads written (passing filters):    16,096,375 (100.0%)

Total basepairs processed: 1,223,324,500 bp
Quality-trimmed:                 927,756 bp (0.1%)
Total written (filtered):  1,218,345,654 bp (99.6%)

=== Adapter 1 ===

Sequence: CTGTCTCTTATA; Type: regular 3'; Length: 12; Trimmed: 240172 times.

No. of allowed errors:
0-9 bp: 0; 10-12 bp: 1

Bases preceding removed adapters:
  A: 8.3%
  C: 50.7%
  G: 25.5%
  T: 15.3%
  none/other: 0.0%

Overview of removed sequences
length	count	expect	max.err	error counts
5	29937	15719.1	0	29937
6	15141	3929.8	0	15141
7	14083	982.4	0	14083
8	14213	245.6	0	14213
9	12024	61.4	0	11760 264
10	11087	15.4	1	10441 646
11	9913	3.8	1	9483 430
12	10221	1.0	1	9717 504
13	8866	1.0	1	8282 584
14	7971	1.0	1	7782 189
15	7363	1.0	1	7181 182
16	7588	1.0	1	7413 175
17	7712	1.0	1	7402 310
18	7080	1.0	1	6881 199
19	6975	1.0	1	6784 191
20	6545	1.0	1	6371 174
21	5390	1.0	1	5232 158
22	5379	1.0	1	4925 454
23	4839	1.0	1	4609 230
24	4132	1.0	1	4035 97
25	3650	1.0	1	3519 131
26	3780	1.0	1	3517 263
27	3340	1.0	1	3049 291
28	2882	1.0	1	2804 78
29	2569	1.0	1	2466 103
30	2562	1.0	1	2446 116
31	1961	1.0	1	1864 97
32	1881	1.0	1	1785 96
33	1817	1.0	1	1403 414
34	1169	1.0	1	1112 57
35	798	1.0	1	735 63
36	848	1.0	1	766 82
37	521	1.0	1	458 63
38	640	1.0	1	452 188
39	377	1.0	1	316 61
40	363	1.0	1	287 76
41	258	1.0	1	157 101
42	170	1.0	1	100 70
43	533	1.0	1	77 456
44	129	1.0	1	38 91
45	251	1.0	1	45 206
46	95	1.0	1	48 47
47	90	1.0	1	48 42
48	397	1.0	1	40 357
49	133	1.0	1	40 93
50	1859	1.0	1	59 1800
51	685	1.0	1	55 630
52	130	1.0	1	63 67
53	643	1.0	1	30 613
54	109	1.0	1	23 86
55	427	1.0	1	41 386
56	135	1.0	1	34 101
57	120	1.0	1	49 71
58	438	1.0	1	28 410
59	163	1.0	1	17 146
60	2021	1.0	1	33 1988
61	298	1.0	1	17 281
62	169	1.0	1	24 145
63	671	1.0	1	17 654
64	65	1.0	1	10 55
65	57	1.0	1	9 48
66	179	1.0	1	33 146
67	255	1.0	1	128 127
68	690	1.0	1	20 670
69	96	1.0	1	34 62
70	115	1.0	1	32 83
71	78	1.0	1	48 30
72	1376	1.0	1	1264 112
73	1167	1.0	1	190 977
74	128	1.0	1	10 118
75	326	1.0	1	78 248
76	99	1.0	1	75 24


RUN STATISTICS FOR INPUT FILE: /home/lina/lung.chipseq.project/data/chipseq.11202020/igm-storage2.ucsd.edu/201120_K00180_0997_AHKCCCBBXY_SR_75_Combo/25_7_RNA-2_S21_L005_R1_001.fastq.gz
=============================================
16096375 sequences processed in total
Sequences removed because they became shorter than the length cutoff of 20 bp:	8557 (0.1%)


  >>> Now running FastQC on the data <<<

perl: warning: Setting locale failed.
perl: warning: Please check that your locale settings:
	LANGUAGE = (unset),
	LC_ALL = (unset),
	LANG = "en_US.UTF-8"
    are supported and installed on your system.
perl: warning: Falling back to the standard locale ("C").
Picked up _JAVA_OPTIONS: -Djava.io.tmpdir=/home/lina/lung.chipseq.project/data/chipseq.11202020/process/UCSD.025-7-RNA/25_7_RNA-2/temporary/
Started analysis of 25_7_RNA-2_S21_L005_R1_001_trimmed.fq.gz
Approx 5% complete for 25_7_RNA-2_S21_L005_R1_001_trimmed.fq.gz
Approx 10% complete for 25_7_RNA-2_S21_L005_R1_001_trimmed.fq.gz
Approx 15% complete for 25_7_RNA-2_S21_L005_R1_001_trimmed.fq.gz
Approx 20% complete for 25_7_RNA-2_S21_L005_R1_001_trimmed.fq.gz
Approx 25% complete for 25_7_RNA-2_S21_L005_R1_001_trimmed.fq.gz
Approx 30% complete for 25_7_RNA-2_S21_L005_R1_001_trimmed.fq.gz
Approx 35% complete for 25_7_RNA-2_S21_L005_R1_001_trimmed.fq.gz
Approx 40% complete for 25_7_RNA-2_S21_L005_R1_001_trimmed.fq.gz
Approx 45% complete for 25_7_RNA-2_S21_L005_R1_001_trimmed.fq.gz
Approx 50% complete for 25_7_RNA-2_S21_L005_R1_001_trimmed.fq.gz
Approx 55% complete for 25_7_RNA-2_S21_L005_R1_001_trimmed.fq.gz
Approx 60% complete for 25_7_RNA-2_S21_L005_R1_001_trimmed.fq.gz
Approx 65% complete for 25_7_RNA-2_S21_L005_R1_001_trimmed.fq.gz
Approx 70% complete for 25_7_RNA-2_S21_L005_R1_001_trimmed.fq.gz
Approx 75% complete for 25_7_RNA-2_S21_L005_R1_001_trimmed.fq.gz
Approx 80% complete for 25_7_RNA-2_S21_L005_R1_001_trimmed.fq.gz
Approx 85% complete for 25_7_RNA-2_S21_L005_R1_001_trimmed.fq.gz
Approx 90% complete for 25_7_RNA-2_S21_L005_R1_001_trimmed.fq.gz
Approx 95% complete for 25_7_RNA-2_S21_L005_R1_001_trimmed.fq.gz
Java HotSpot(TM) 64-Bit Server VM warning: ignoring option MaxPermSize=1024m; support was removed in 8.0
Picked up _JAVA_OPTIONS: -Djava.io.tmpdir=/home/lina/lung.chipseq.project/data/chipseq.11202020/process/UCSD.025-7-RNA/25_7_RNA-2/temporary/

WARNING! The following chromosomes from reads are not found in annotations:
chr17_ctg5_hap1
chrUn_gl000220
chrUn_gl000221
chr6_cox_hap2
chrUn_gl000219
chr6_apd_hap1
chrUn_gl000215
chr19_gl000208_random
chrUn_gl000216
chrUn_gl000217
chr19_gl000209_random
chrUn_gl000218
chrUn_gl000211
chrUn_gl000212
chr8_gl000196_random
chr8_gl000197_random
chrUn_gl000213
chr4_ctg9_hap1
chrUn_gl000214
chrUn_gl000230
chrUn_gl000231
chrUn_gl000232
chr1_gl000192_random
chr4_gl000194_random
chr17_gl000205_random
chrUn_gl000226
chrUn_gl000227
chrUn_gl000228
chr9_gl000201_random
chrUn_gl000229
chrUn_gl000222
chrUn_gl000223
chrUn_gl000224
chrUn_gl000225
chrUn_gl000240
chrUn_gl000241
chr6_dbb_hap3
chrUn_gl000242
chrUn_gl000243
chr9_gl000198_random
chr9_gl000199_random
chr6_qbl_hap6
chr6_mcf_hap5
chrUn_gl000237
chrUn_gl000238
chrUn_gl000239
chrUn_gl000233
chrUn_gl000234
chrUn_gl000235
chr7_gl000195_random
chr4_gl000193_random
chr1_gl000191_random
chr6_ssto_hap7
chr6_mann_hap4
chr9_gl000200_random
chr17_gl000204_random
chrUn_gl000249
chr11_gl000202_random
chrUn_gl000244
chrUn_gl000245
chrUn_gl000246
chrUn_gl000247

        ==========     _____ _    _ ____  _____  ______          _____  
        =====         / ____| |  | |  _ \|  __ \|  ____|   /\   |  __ \ 
          =====      | (___ | |  | | |_) | |__) | |__     /  \  | |  | |
            ====      \___ \| |  | |  _ <|  _  /|  __|   / /\ \ | |  | |
              ====    ____) | |__| | |_) | | \ \| |____ / ____ \| |__| |
        ==========   |_____/ \____/|____/|_|  \_\______/_/    \_\_____/
	  v1.6.0

//========================== featureCounts setting ===========================\\
||                                                                            ||
||             Input files : 1 BAM file                                       ||
||                           S /home/lina/lung.chipseq.project/data/chips ... ||
||                                                                            ||
||             Output file : /home/lina/lung.chipseq.project/data/chipseq ... ||
||                 Summary : /home/lina/lung.chipseq.project/data/chipseq ... ||
||              Annotation : /home/lina/star.reference/hg19.gtf.gff/genco ... ||
||      Dir for temp files : /home/lina/lung.chipseq.project/data/chipseq ... ||
||                                                                            ||
||                 Threads : 10                                               ||
||                   Level : meta-feature level                               ||
||              Paired-end : no                                               ||
||         Strand specific : no                                               ||
||      Multimapping reads : not counted                                      ||
|| Multi-overlapping reads : counted                                          ||
||   Min overlapping bases : 1                                                ||
||                                                                            ||
\\===================== http://subread.sourceforge.net/ ======================//

//================================= Running ==================================\\
||                                                                            ||
|| Load annotation file /home/lina/star.reference/hg19.gtf.gff/gencode.v1 ... ||
||    Features : 1196293                                                      ||
||    Meta-features : 55765                                                   ||
||    Chromosomes/contigs : 25                                                ||
||                                                                            ||
|| Process BAM file /home/lina/lung.chipseq.project/data/chipseq.11202020 ... ||
||    Single-end reads are included.                                          ||
||    Assign reads to features...                                             ||
||    Total reads : 23274745                                                  ||
||    Successfully assigned reads : 8396912 (36.1%)                           ||
||    Running time : 0.64 minutes                                             ||
||                                                                            ||
||                         Read assignment finished.                          ||
||                                                                            ||
|| Summary of counting results can be found in file "/home/lina/lung.chipseq  ||
|| .project/data/chipseq.11202020/process/UCSD.025-7-RNA/25_7_RNA-2/count/25  ||
|| _7_RNA-2.outputfile.summary"                                               ||
||                                                                            ||
\\===================== http://subread.sourceforge.net/ ======================//

