perl: warning: Setting locale failed.
perl: warning: Please check that your locale settings:
	LANGUAGE = (unset),
	LC_ALL = (unset),
	LANG = "en_US.UTF-8"
    are supported and installed on your system.
perl: warning: Falling back to the standard locale ("C").
Picked up _JAVA_OPTIONS: -Djava.io.tmpdir=/home/lina/lung.chipseq.project/data/chipseq.11202020/process/UCSD.025-7-RNA/25_7_RNA-1/temporary/
Started analysis of 25_7_RNA-1_S20_L005_R1_001.fastq.gz
Approx 5% complete for 25_7_RNA-1_S20_L005_R1_001.fastq.gz
Approx 10% complete for 25_7_RNA-1_S20_L005_R1_001.fastq.gz
Approx 15% complete for 25_7_RNA-1_S20_L005_R1_001.fastq.gz
Approx 20% complete for 25_7_RNA-1_S20_L005_R1_001.fastq.gz
Approx 25% complete for 25_7_RNA-1_S20_L005_R1_001.fastq.gz
Approx 30% complete for 25_7_RNA-1_S20_L005_R1_001.fastq.gz
Approx 35% complete for 25_7_RNA-1_S20_L005_R1_001.fastq.gz
Approx 40% complete for 25_7_RNA-1_S20_L005_R1_001.fastq.gz
Approx 45% complete for 25_7_RNA-1_S20_L005_R1_001.fastq.gz
Approx 50% complete for 25_7_RNA-1_S20_L005_R1_001.fastq.gz
Approx 55% complete for 25_7_RNA-1_S20_L005_R1_001.fastq.gz
Approx 60% complete for 25_7_RNA-1_S20_L005_R1_001.fastq.gz
Approx 65% complete for 25_7_RNA-1_S20_L005_R1_001.fastq.gz
Approx 70% complete for 25_7_RNA-1_S20_L005_R1_001.fastq.gz
Approx 75% complete for 25_7_RNA-1_S20_L005_R1_001.fastq.gz
Approx 80% complete for 25_7_RNA-1_S20_L005_R1_001.fastq.gz
Approx 85% complete for 25_7_RNA-1_S20_L005_R1_001.fastq.gz
Approx 90% complete for 25_7_RNA-1_S20_L005_R1_001.fastq.gz
Approx 95% complete for 25_7_RNA-1_S20_L005_R1_001.fastq.gz
perl: warning: Setting locale failed.
perl: warning: Please check that your locale settings:
	LANGUAGE = (unset),
	LC_ALL = (unset),
	LANG = "en_US.UTF-8"
    are supported and installed on your system.
perl: warning: Falling back to the standard locale ("C").
No quality encoding type selected. Assuming that the data provided uses Sanger encoded Phred scores (default)

Path to Cutadapt set as: 'cutadapt' (default)
Cutadapt seems to be working fine (tested command 'cutadapt --version')


AUTO-DETECTING ADAPTER TYPE
===========================
Attempting to auto-detect adapter type from the first 1 million sequences of the first file (>> /home/lina/lung.chipseq.project/data/chipseq.11202020/igm-storage2.ucsd.edu/201120_K00180_0997_AHKCCCBBXY_SR_75_Combo/25_7_RNA-1_S20_L005_R1_001.fastq.gz <<)

Found perfect matches for the following adapter sequences:
Adapter type	Count	Sequence	Sequences analysed	Percentage
Nextera	8440	CTGTCTCTTATA	1000000	0.84
smallRNA	0	TGGAATTCTCGG	1000000	0.00
Illumina	0	AGATCGGAAGAGC	1000000	0.00
Using Nextera adapter for trimming (count: 8440). Second best hit was smallRNA (count: 0)

Writing report to '/home/lina/lung.chipseq.project/data/chipseq.11202020/process/UCSD.025-7-RNA/25_7_RNA-1/fastqc_trim_results/25_7_RNA-1_S20_L005_R1_001.fastq.gz_trimming_report.txt'

SUMMARISING RUN PARAMETERS
==========================
Input filename: /home/lina/lung.chipseq.project/data/chipseq.11202020/igm-storage2.ucsd.edu/201120_K00180_0997_AHKCCCBBXY_SR_75_Combo/25_7_RNA-1_S20_L005_R1_001.fastq.gz
Trimming mode: single-end
Trim Galore version: 0.5.0
Cutadapt version: 1.18
Quality Phred score cutoff: 20
Quality encoding type selected: ASCII+33
Adapter sequence: 'CTGTCTCTTATA' (Nextera Transposase sequence; auto-detected)
Maximum trimming error rate: 0.1 (default)
Minimum required adapter overlap (stringency): 5 bp
Minimum required sequence length before a sequence gets removed: 20 bp
Running FastQC on the data once trimming has completed
Output file(s) will be GZIP compressed

Writing final adapter and quality trimmed output to 25_7_RNA-1_S20_L005_R1_001_trimmed.fq.gz


  >>> Now performing quality (cutoff 20) and adapter trimming in a single pass for the adapter sequence: 'CTGTCTCTTATA' from file /home/lina/lung.chipseq.project/data/chipseq.11202020/igm-storage2.ucsd.edu/201120_K00180_0997_AHKCCCBBXY_SR_75_Combo/25_7_RNA-1_S20_L005_R1_001.fastq.gz <<< 
10000000 sequences processed
This is cutadapt 1.18 with Python 3.7.7
Command line parameters: -f fastq -e 0.1 -q 20 -O 5 -a CTGTCTCTTATA /home/lina/lung.chipseq.project/data/chipseq.11202020/igm-storage2.ucsd.edu/201120_K00180_0997_AHKCCCBBXY_SR_75_Combo/25_7_RNA-1_S20_L005_R1_001.fastq.gz
Processing reads on 1 core in single-end mode ...
Finished in 317.70 s (21 us/read; 2.90 M reads/minute).

=== Summary ===

Total reads processed:              15,378,313
Reads with adapters:                   247,426 (1.6%)
Reads written (passing filters):    15,378,313 (100.0%)

Total basepairs processed: 1,168,751,788 bp
Quality-trimmed:                 962,608 bp (0.1%)
Total written (filtered):  1,163,636,532 bp (99.6%)

=== Adapter 1 ===

Sequence: CTGTCTCTTATA; Type: regular 3'; Length: 12; Trimmed: 247426 times.

No. of allowed errors:
0-9 bp: 0; 10-12 bp: 1

Bases preceding removed adapters:
  A: 8.6%
  C: 50.4%
  G: 25.7%
  T: 15.3%
  none/other: 0.0%

Overview of removed sequences
length	count	expect	max.err	error counts
5	28388	15017.9	0	28388
6	14926	3754.5	0	14926
7	14030	938.6	0	14030
8	13388	234.7	0	13388
9	11371	58.7	0	11110 261
10	11096	14.7	1	10442 654
11	10167	3.7	1	9769 398
12	10488	0.9	1	9889 599
13	9002	0.9	1	8444 558
14	8540	0.9	1	8354 186
15	8214	0.9	1	8058 156
16	8308	0.9	1	8137 171
17	8252	0.9	1	7958 294
18	8072	0.9	1	7834 238
19	7484	0.9	1	7300 184
20	7053	0.9	1	6884 169
21	6266	0.9	1	6086 180
22	6029	0.9	1	5638 391
23	5472	0.9	1	5228 244
24	4585	0.9	1	4476 109
25	4198	0.9	1	4042 156
26	4404	0.9	1	4164 240
27	4234	0.9	1	3951 283
28	3594	0.9	1	3488 106
29	3064	0.9	1	2992 72
30	2877	0.9	1	2755 122
31	2449	0.9	1	2290 159
32	2138	0.9	1	2064 74
33	1930	0.9	1	1557 373
34	1410	0.9	1	1338 72
35	884	0.9	1	805 79
36	921	0.9	1	837 84
37	711	0.9	1	655 56
38	725	0.9	1	551 174
39	428	0.9	1	375 53
40	453	0.9	1	366 87
41	263	0.9	1	180 83
42	128	0.9	1	81 47
43	577	0.9	1	80 497
44	143	0.9	1	28 115
45	211	0.9	1	59 152
46	117	0.9	1	36 81
47	75	0.9	1	23 52
48	398	0.9	1	32 366
49	113	0.9	1	49 64
50	1583	0.9	1	55 1528
51	586	0.9	1	38 548
52	108	0.9	1	26 82
53	627	0.9	1	23 604
54	64	0.9	1	17 47
55	450	0.9	1	37 413
56	177	0.9	1	42 135
57	134	0.9	1	34 100
58	409	0.9	1	17 392
59	124	0.9	1	19 105
60	1667	0.9	1	23 1644
61	308	0.9	1	15 293
62	142	0.9	1	18 124
63	588	0.9	1	8 580
64	72	0.9	1	6 66
65	62	0.9	1	15 47
66	106	0.9	1	13 93
67	133	0.9	1	52 81
68	449	0.9	1	16 433
69	53	0.9	1	16 37
70	49	0.9	1	12 37
71	47	0.9	1	22 25
72	650	0.9	1	567 83
73	843	0.9	1	84 759
74	100	0.9	1	3 97
75	256	0.9	1	45 211
76	63	0.9	1	44 19


RUN STATISTICS FOR INPUT FILE: /home/lina/lung.chipseq.project/data/chipseq.11202020/igm-storage2.ucsd.edu/201120_K00180_0997_AHKCCCBBXY_SR_75_Combo/25_7_RNA-1_S20_L005_R1_001.fastq.gz
=============================================
15378313 sequences processed in total
Sequences removed because they became shorter than the length cutoff of 20 bp:	6300 (0.0%)


  >>> Now running FastQC on the data <<<

perl: warning: Setting locale failed.
perl: warning: Please check that your locale settings:
	LANGUAGE = (unset),
	LC_ALL = (unset),
	LANG = "en_US.UTF-8"
    are supported and installed on your system.
perl: warning: Falling back to the standard locale ("C").
Picked up _JAVA_OPTIONS: -Djava.io.tmpdir=/home/lina/lung.chipseq.project/data/chipseq.11202020/process/UCSD.025-7-RNA/25_7_RNA-1/temporary/
Started analysis of 25_7_RNA-1_S20_L005_R1_001_trimmed.fq.gz
Approx 5% complete for 25_7_RNA-1_S20_L005_R1_001_trimmed.fq.gz
Approx 10% complete for 25_7_RNA-1_S20_L005_R1_001_trimmed.fq.gz
Approx 15% complete for 25_7_RNA-1_S20_L005_R1_001_trimmed.fq.gz
Approx 20% complete for 25_7_RNA-1_S20_L005_R1_001_trimmed.fq.gz
Approx 25% complete for 25_7_RNA-1_S20_L005_R1_001_trimmed.fq.gz
Approx 30% complete for 25_7_RNA-1_S20_L005_R1_001_trimmed.fq.gz
Approx 35% complete for 25_7_RNA-1_S20_L005_R1_001_trimmed.fq.gz
Approx 40% complete for 25_7_RNA-1_S20_L005_R1_001_trimmed.fq.gz
Approx 45% complete for 25_7_RNA-1_S20_L005_R1_001_trimmed.fq.gz
Approx 50% complete for 25_7_RNA-1_S20_L005_R1_001_trimmed.fq.gz
Approx 55% complete for 25_7_RNA-1_S20_L005_R1_001_trimmed.fq.gz
Approx 60% complete for 25_7_RNA-1_S20_L005_R1_001_trimmed.fq.gz
Approx 65% complete for 25_7_RNA-1_S20_L005_R1_001_trimmed.fq.gz
Approx 70% complete for 25_7_RNA-1_S20_L005_R1_001_trimmed.fq.gz
Approx 75% complete for 25_7_RNA-1_S20_L005_R1_001_trimmed.fq.gz
Approx 80% complete for 25_7_RNA-1_S20_L005_R1_001_trimmed.fq.gz
Approx 85% complete for 25_7_RNA-1_S20_L005_R1_001_trimmed.fq.gz
Approx 90% complete for 25_7_RNA-1_S20_L005_R1_001_trimmed.fq.gz
Approx 95% complete for 25_7_RNA-1_S20_L005_R1_001_trimmed.fq.gz
Java HotSpot(TM) 64-Bit Server VM warning: ignoring option MaxPermSize=1024m; support was removed in 8.0
Picked up _JAVA_OPTIONS: -Djava.io.tmpdir=/home/lina/lung.chipseq.project/data/chipseq.11202020/process/UCSD.025-7-RNA/25_7_RNA-1/temporary/

WARNING! The following chromosomes from reads are not found in annotations:
chr17_ctg5_hap1
chrUn_gl000220
chrUn_gl000221
chr6_cox_hap2
chrUn_gl000219
chr6_apd_hap1
chrUn_gl000215
chr19_gl000208_random
chrUn_gl000216
chrUn_gl000217
chr19_gl000209_random
chrUn_gl000218
chrUn_gl000211
chrUn_gl000212
chr8_gl000196_random
chrUn_gl000213
chr4_ctg9_hap1
chrUn_gl000214
chrUn_gl000230
chrUn_gl000231
chrUn_gl000232
chr1_gl000192_random
chr4_gl000194_random
chr17_gl000205_random
chr17_gl000203_random
chrUn_gl000226
chrUn_gl000227
chrUn_gl000228
chr9_gl000201_random
chrUn_gl000229
chrUn_gl000222
chrUn_gl000223
chrUn_gl000224
chrUn_gl000225
chrUn_gl000240
chrUn_gl000241
chr6_dbb_hap3
chrUn_gl000242
chrUn_gl000243
chr9_gl000198_random
chr9_gl000199_random
chr6_qbl_hap6
chr6_mcf_hap5
chrUn_gl000237
chrUn_gl000238
chrUn_gl000233
chrUn_gl000234
chrUn_gl000235
chrUn_gl000236
chr7_gl000195_random
chr4_gl000193_random
chr1_gl000191_random
chr21_gl000210_random
chr6_ssto_hap7
chr6_mann_hap4
chr9_gl000200_random
chr17_gl000204_random
chrUn_gl000248
chrUn_gl000249
chr11_gl000202_random
chrUn_gl000244
chrUn_gl000245
chrUn_gl000246
chrUn_gl000247

        ==========     _____ _    _ ____  _____  ______          _____  
        =====         / ____| |  | |  _ \|  __ \|  ____|   /\   |  __ \ 
          =====      | (___ | |  | | |_) | |__) | |__     /  \  | |  | |
            ====      \___ \| |  | |  _ <|  _  /|  __|   / /\ \ | |  | |
              ====    ____) | |__| | |_) | | \ \| |____ / ____ \| |__| |
        ==========   |_____/ \____/|____/|_|  \_\______/_/    \_\_____/
	  v1.6.0

//========================== featureCounts setting ===========================\\
||                                                                            ||
||             Input files : 1 BAM file                                       ||
||                           S /home/lina/lung.chipseq.project/data/chips ... ||
||                                                                            ||
||             Output file : /home/lina/lung.chipseq.project/data/chipseq ... ||
||                 Summary : /home/lina/lung.chipseq.project/data/chipseq ... ||
||              Annotation : /home/lina/star.reference/hg19.gtf.gff/genco ... ||
||      Dir for temp files : /home/lina/lung.chipseq.project/data/chipseq ... ||
||                                                                            ||
||                 Threads : 10                                               ||
||                   Level : meta-feature level                               ||
||              Paired-end : no                                               ||
||         Strand specific : no                                               ||
||      Multimapping reads : not counted                                      ||
|| Multi-overlapping reads : counted                                          ||
||   Min overlapping bases : 1                                                ||
||                                                                            ||
\\===================== http://subread.sourceforge.net/ ======================//

//================================= Running ==================================\\
||                                                                            ||
|| Load annotation file /home/lina/star.reference/hg19.gtf.gff/gencode.v1 ... ||
||    Features : 1196293                                                      ||
||    Meta-features : 55765                                                   ||
||    Chromosomes/contigs : 25                                                ||
||                                                                            ||
|| Process BAM file /home/lina/lung.chipseq.project/data/chipseq.11202020 ... ||
||    Single-end reads are included.                                          ||
||    Assign reads to features...                                             ||
||    Total reads : 22527850                                                  ||
||    Successfully assigned reads : 8064050 (35.8%)                           ||
||    Running time : 0.61 minutes                                             ||
||                                                                            ||
||                         Read assignment finished.                          ||
||                                                                            ||
|| Summary of counting results can be found in file "/home/lina/lung.chipseq  ||
|| .project/data/chipseq.11202020/process/UCSD.025-7-RNA/25_7_RNA-1/count/25  ||
|| _7_RNA-1.outputfile.summary"                                               ||
||                                                                            ||
\\===================== http://subread.sourceforge.net/ ======================//

