perl: warning: Setting locale failed.
perl: warning: Please check that your locale settings:
	LANGUAGE = (unset),
	LC_ALL = (unset),
	LANG = "en_US.UTF-8"
    are supported and installed on your system.
perl: warning: Falling back to the standard locale ("C").
Picked up _JAVA_OPTIONS: -Djava.io.tmpdir=/home/lina/lung.chipseq.project/data/chipseq.11202020/process/UCSD.025-5-RNA/25_5_RNA-2/temporary/
Started analysis of 25_5_RNA-2_S23_L005_R1_001.fastq.gz
Approx 5% complete for 25_5_RNA-2_S23_L005_R1_001.fastq.gz
Approx 10% complete for 25_5_RNA-2_S23_L005_R1_001.fastq.gz
Approx 15% complete for 25_5_RNA-2_S23_L005_R1_001.fastq.gz
Approx 20% complete for 25_5_RNA-2_S23_L005_R1_001.fastq.gz
Approx 25% complete for 25_5_RNA-2_S23_L005_R1_001.fastq.gz
Approx 30% complete for 25_5_RNA-2_S23_L005_R1_001.fastq.gz
Approx 35% complete for 25_5_RNA-2_S23_L005_R1_001.fastq.gz
Approx 40% complete for 25_5_RNA-2_S23_L005_R1_001.fastq.gz
Approx 45% complete for 25_5_RNA-2_S23_L005_R1_001.fastq.gz
Approx 50% complete for 25_5_RNA-2_S23_L005_R1_001.fastq.gz
Approx 55% complete for 25_5_RNA-2_S23_L005_R1_001.fastq.gz
Approx 60% complete for 25_5_RNA-2_S23_L005_R1_001.fastq.gz
Approx 65% complete for 25_5_RNA-2_S23_L005_R1_001.fastq.gz
Approx 70% complete for 25_5_RNA-2_S23_L005_R1_001.fastq.gz
Approx 75% complete for 25_5_RNA-2_S23_L005_R1_001.fastq.gz
Approx 80% complete for 25_5_RNA-2_S23_L005_R1_001.fastq.gz
Approx 85% complete for 25_5_RNA-2_S23_L005_R1_001.fastq.gz
Approx 90% complete for 25_5_RNA-2_S23_L005_R1_001.fastq.gz
Approx 95% complete for 25_5_RNA-2_S23_L005_R1_001.fastq.gz
perl: warning: Setting locale failed.
perl: warning: Please check that your locale settings:
	LANGUAGE = (unset),
	LC_ALL = (unset),
	LANG = "en_US.UTF-8"
    are supported and installed on your system.
perl: warning: Falling back to the standard locale ("C").
No quality encoding type selected. Assuming that the data provided uses Sanger encoded Phred scores (default)

Path to Cutadapt set as: 'cutadapt' (default)
Cutadapt seems to be working fine (tested command 'cutadapt --version')


AUTO-DETECTING ADAPTER TYPE
===========================
Attempting to auto-detect adapter type from the first 1 million sequences of the first file (>> /home/lina/lung.chipseq.project/data/chipseq.11202020/igm-storage2.ucsd.edu/201120_K00180_0997_AHKCCCBBXY_SR_75_Combo/25_5_RNA-2_S23_L005_R1_001.fastq.gz <<)

Found perfect matches for the following adapter sequences:
Adapter type	Count	Sequence	Sequences analysed	Percentage
Nextera	6113	CTGTCTCTTATA	1000000	0.61
smallRNA	1	TGGAATTCTCGG	1000000	0.00
Illumina	0	AGATCGGAAGAGC	1000000	0.00
Using Nextera adapter for trimming (count: 6113). Second best hit was smallRNA (count: 1)

Writing report to '/home/lina/lung.chipseq.project/data/chipseq.11202020/process/UCSD.025-5-RNA/25_5_RNA-2/fastqc_trim_results/25_5_RNA-2_S23_L005_R1_001.fastq.gz_trimming_report.txt'

SUMMARISING RUN PARAMETERS
==========================
Input filename: /home/lina/lung.chipseq.project/data/chipseq.11202020/igm-storage2.ucsd.edu/201120_K00180_0997_AHKCCCBBXY_SR_75_Combo/25_5_RNA-2_S23_L005_R1_001.fastq.gz
Trimming mode: single-end
Trim Galore version: 0.5.0
Cutadapt version: 1.18
Quality Phred score cutoff: 20
Quality encoding type selected: ASCII+33
Adapter sequence: 'CTGTCTCTTATA' (Nextera Transposase sequence; auto-detected)
Maximum trimming error rate: 0.1 (default)
Minimum required adapter overlap (stringency): 5 bp
Minimum required sequence length before a sequence gets removed: 20 bp
Running FastQC on the data once trimming has completed
Output file(s) will be GZIP compressed

Writing final adapter and quality trimmed output to 25_5_RNA-2_S23_L005_R1_001_trimmed.fq.gz


  >>> Now performing quality (cutoff 20) and adapter trimming in a single pass for the adapter sequence: 'CTGTCTCTTATA' from file /home/lina/lung.chipseq.project/data/chipseq.11202020/igm-storage2.ucsd.edu/201120_K00180_0997_AHKCCCBBXY_SR_75_Combo/25_5_RNA-2_S23_L005_R1_001.fastq.gz <<< 
10000000 sequences processed
This is cutadapt 1.18 with Python 3.7.7
Command line parameters: -f fastq -e 0.1 -q 20 -O 5 -a CTGTCTCTTATA /home/lina/lung.chipseq.project/data/chipseq.11202020/igm-storage2.ucsd.edu/201120_K00180_0997_AHKCCCBBXY_SR_75_Combo/25_5_RNA-2_S23_L005_R1_001.fastq.gz
Processing reads on 1 core in single-end mode ...
Finished in 297.43 s (22 us/read; 2.78 M reads/minute).

=== Summary ===

Total reads processed:              13,757,692
Reads with adapters:                   167,455 (1.2%)
Reads written (passing filters):    13,757,692 (100.0%)

Total basepairs processed: 1,045,584,592 bp
Quality-trimmed:                 870,249 bp (0.1%)
Total written (filtered):  1,041,948,308 bp (99.7%)

=== Adapter 1 ===

Sequence: CTGTCTCTTATA; Type: regular 3'; Length: 12; Trimmed: 167455 times.

No. of allowed errors:
0-9 bp: 0; 10-12 bp: 1

Bases preceding removed adapters:
  A: 10.1%
  C: 47.7%
  G: 25.2%
  T: 17.0%
  none/other: 0.0%

Overview of removed sequences
length	count	expect	max.err	error counts
5	22855	13435.2	0	22855
6	11909	3358.8	0	11909
7	10066	839.7	0	10066
8	7506	209.9	0	7506
9	7110	52.5	0	6859 251
10	7422	13.1	1	6490 932
11	6581	3.3	1	6308 273
12	6049	0.8	1	5733 316
13	5848	0.8	1	5453 395
14	5367	0.8	1	5256 111
15	5202	0.8	1	5093 109
16	5214	0.8	1	5105 109
17	5279	0.8	1	5041 238
18	5342	0.8	1	5197 145
19	4849	0.8	1	4737 112
20	4499	0.8	1	4387 112
21	4082	0.8	1	3943 139
22	3976	0.8	1	3687 289
23	3562	0.8	1	3302 260
24	3077	0.8	1	2993 84
25	2869	0.8	1	2753 116
26	3053	0.8	1	2896 157
27	2700	0.8	1	2513 187
28	2541	0.8	1	2467 74
29	2264	0.8	1	2168 96
30	1994	0.8	1	1900 94
31	1905	0.8	1	1799 106
32	1591	0.8	1	1516 75
33	1402	0.8	1	1154 248
34	911	0.8	1	852 59
35	589	0.8	1	518 71
36	611	0.8	1	533 78
37	489	0.8	1	435 54
38	440	0.8	1	302 138
39	330	0.8	1	244 86
40	189	0.8	1	132 57
41	118	0.8	1	67 51
42	133	0.8	1	42 91
43	254	0.8	1	18 236
44	92	0.8	1	7 85
45	133	0.8	1	7 126
46	46	0.8	1	9 37
47	70	0.8	1	13 57
48	229	0.8	1	9 220
49	96	0.8	1	11 85
50	1141	0.8	1	11 1130
51	364	0.8	1	4 360
52	81	0.8	1	5 76
53	377	0.8	1	7 370
54	55	0.8	1	8 47
55	267	0.8	1	1 266
56	71	0.8	1	1 70
57	79	0.8	1	10 69
58	215	0.8	1	1 214
59	86	0.8	1	4 82
60	1162	0.8	1	5 1157
61	172	0.8	1	7 165
62	111	0.8	1	4 107
63	439	0.8	1	2 437
64	69	0.8	1	4 65
65	56	0.8	1	1 55
66	89	0.8	1	1 88
67	116	0.8	1	12 104
68	378	0.8	1	3 375
69	87	0.8	1	4 83
70	63	0.8	1	4 59
71	40	0.8	1	11 29
72	249	0.8	1	140 109
73	611	0.8	1	17 594
74	74	0.8	1	2 72
75	142	0.8	1	14 128
76	17	0.8	1	6 11


RUN STATISTICS FOR INPUT FILE: /home/lina/lung.chipseq.project/data/chipseq.11202020/igm-storage2.ucsd.edu/201120_K00180_0997_AHKCCCBBXY_SR_75_Combo/25_5_RNA-2_S23_L005_R1_001.fastq.gz
=============================================
13757692 sequences processed in total
Sequences removed because they became shorter than the length cutoff of 20 bp:	4290 (0.0%)


  >>> Now running FastQC on the data <<<

perl: warning: Setting locale failed.
perl: warning: Please check that your locale settings:
	LANGUAGE = (unset),
	LC_ALL = (unset),
	LANG = "en_US.UTF-8"
    are supported and installed on your system.
perl: warning: Falling back to the standard locale ("C").
Picked up _JAVA_OPTIONS: -Djava.io.tmpdir=/home/lina/lung.chipseq.project/data/chipseq.11202020/process/UCSD.025-5-RNA/25_5_RNA-2/temporary/
Started analysis of 25_5_RNA-2_S23_L005_R1_001_trimmed.fq.gz
Approx 5% complete for 25_5_RNA-2_S23_L005_R1_001_trimmed.fq.gz
Approx 10% complete for 25_5_RNA-2_S23_L005_R1_001_trimmed.fq.gz
Approx 15% complete for 25_5_RNA-2_S23_L005_R1_001_trimmed.fq.gz
Approx 20% complete for 25_5_RNA-2_S23_L005_R1_001_trimmed.fq.gz
Approx 25% complete for 25_5_RNA-2_S23_L005_R1_001_trimmed.fq.gz
Approx 30% complete for 25_5_RNA-2_S23_L005_R1_001_trimmed.fq.gz
Approx 35% complete for 25_5_RNA-2_S23_L005_R1_001_trimmed.fq.gz
Approx 40% complete for 25_5_RNA-2_S23_L005_R1_001_trimmed.fq.gz
Approx 45% complete for 25_5_RNA-2_S23_L005_R1_001_trimmed.fq.gz
Approx 50% complete for 25_5_RNA-2_S23_L005_R1_001_trimmed.fq.gz
Approx 55% complete for 25_5_RNA-2_S23_L005_R1_001_trimmed.fq.gz
Approx 60% complete for 25_5_RNA-2_S23_L005_R1_001_trimmed.fq.gz
Approx 65% complete for 25_5_RNA-2_S23_L005_R1_001_trimmed.fq.gz
Approx 70% complete for 25_5_RNA-2_S23_L005_R1_001_trimmed.fq.gz
Approx 75% complete for 25_5_RNA-2_S23_L005_R1_001_trimmed.fq.gz
Approx 80% complete for 25_5_RNA-2_S23_L005_R1_001_trimmed.fq.gz
Approx 85% complete for 25_5_RNA-2_S23_L005_R1_001_trimmed.fq.gz
Approx 90% complete for 25_5_RNA-2_S23_L005_R1_001_trimmed.fq.gz
Approx 95% complete for 25_5_RNA-2_S23_L005_R1_001_trimmed.fq.gz
Java HotSpot(TM) 64-Bit Server VM warning: ignoring option MaxPermSize=1024m; support was removed in 8.0
Picked up _JAVA_OPTIONS: -Djava.io.tmpdir=/home/lina/lung.chipseq.project/data/chipseq.11202020/process/UCSD.025-5-RNA/25_5_RNA-2/temporary/

WARNING! The following chromosomes from reads are not found in annotations:
chr17_ctg5_hap1
chrUn_gl000220
chrUn_gl000221
chr6_cox_hap2
chrUn_gl000219
chr6_apd_hap1
chrUn_gl000215
chr19_gl000208_random
chrUn_gl000216
chrUn_gl000217
chr19_gl000209_random
chrUn_gl000218
chrUn_gl000211
chrUn_gl000212
chr8_gl000196_random
chr8_gl000197_random
chrUn_gl000213
chr4_ctg9_hap1
chrUn_gl000214
chrUn_gl000230
chrUn_gl000231
chrUn_gl000232
chr1_gl000192_random
chr4_gl000194_random
chr17_gl000205_random
chr17_gl000203_random
chrUn_gl000226
chrUn_gl000227
chrUn_gl000228
chr9_gl000201_random
chrUn_gl000229
chrUn_gl000222
chrUn_gl000223
chrUn_gl000224
chrUn_gl000225
chrUn_gl000240
chrUn_gl000241
chr6_dbb_hap3
chrUn_gl000242
chrUn_gl000243
chr9_gl000198_random
chr9_gl000199_random
chr6_qbl_hap6
chr6_mcf_hap5
chrUn_gl000237
chrUn_gl000238
chrUn_gl000239
chrUn_gl000233
chrUn_gl000234
chrUn_gl000235
chrUn_gl000236
chr7_gl000195_random
chr4_gl000193_random
chr1_gl000191_random
chr6_ssto_hap7
chr6_mann_hap4
chr9_gl000200_random
chr17_gl000204_random
chr17_gl000206_random
chrUn_gl000249
chrUn_gl000244
chrUn_gl000245
chrUn_gl000246
chrUn_gl000247

        ==========     _____ _    _ ____  _____  ______          _____  
        =====         / ____| |  | |  _ \|  __ \|  ____|   /\   |  __ \ 
          =====      | (___ | |  | | |_) | |__) | |__     /  \  | |  | |
            ====      \___ \| |  | |  _ <|  _  /|  __|   / /\ \ | |  | |
              ====    ____) | |__| | |_) | | \ \| |____ / ____ \| |__| |
        ==========   |_____/ \____/|____/|_|  \_\______/_/    \_\_____/
	  v1.6.0

//========================== featureCounts setting ===========================\\
||                                                                            ||
||             Input files : 1 BAM file                                       ||
||                           S /home/lina/lung.chipseq.project/data/chips ... ||
||                                                                            ||
||             Output file : /home/lina/lung.chipseq.project/data/chipseq ... ||
||                 Summary : /home/lina/lung.chipseq.project/data/chipseq ... ||
||              Annotation : /home/lina/star.reference/hg19.gtf.gff/genco ... ||
||      Dir for temp files : /home/lina/lung.chipseq.project/data/chipseq ... ||
||                                                                            ||
||                 Threads : 10                                               ||
||                   Level : meta-feature level                               ||
||              Paired-end : no                                               ||
||         Strand specific : no                                               ||
||      Multimapping reads : not counted                                      ||
|| Multi-overlapping reads : counted                                          ||
||   Min overlapping bases : 1                                                ||
||                                                                            ||
\\===================== http://subread.sourceforge.net/ ======================//

//================================= Running ==================================\\
||                                                                            ||
|| Load annotation file /home/lina/star.reference/hg19.gtf.gff/gencode.v1 ... ||
||    Features : 1196293                                                      ||
||    Meta-features : 55765                                                   ||
||    Chromosomes/contigs : 25                                                ||
||                                                                            ||
|| Process BAM file /home/lina/lung.chipseq.project/data/chipseq.11202020 ... ||
||    Single-end reads are included.                                          ||
||    Assign reads to features...                                             ||
||    Total reads : 19005567                                                  ||
||    Successfully assigned reads : 9650969 (50.8%)                           ||
||    Running time : 0.53 minutes                                             ||
||                                                                            ||
||                         Read assignment finished.                          ||
||                                                                            ||
|| Summary of counting results can be found in file "/home/lina/lung.chipseq  ||
|| .project/data/chipseq.11202020/process/UCSD.025-5-RNA/25_5_RNA-2/count/25  ||
|| _5_RNA-2.outputfile.summary"                                               ||
||                                                                            ||
\\===================== http://subread.sourceforge.net/ ======================//

